#
# There is insufficient memory for the Java Runtime Environment to continue.
# Native memory allocation (malloc) failed to allocate 832496 bytes for Chunk::new
# Possible reasons:
#   The system is out of physical RAM or swap space
#   The process is running with CompressedOops enabled, and the Java Heap may be blocking the growth of the native heap
# Possible solutions:
#   Reduce memory load on the system
#   Increase physical memory or swap space
#   Check if swap backing store is full
#   Decrease Java heap size (-Xmx/-Xms)
#   Decrease number of Java threads
#   Decrease Java thread stack sizes (-Xss)
#   Set larger code cache with -XX:ReservedCodeCacheSize=
#   JVM is running with Unscaled Compressed Oops mode in which the Java heap is
#     placed in the first 4GB address space. The Java Heap base address is the
#     maximum limit for the native heap growth. Please use -XX:HeapBaseMinAddress
#     to set the Java Heap base and to place the Java Heap above 4GB virtual address.
# This output file may be truncated or incomplete.
#
#  Out of Memory Error (allocation.cpp:389), pid=27880, tid=0x0000000000005e64
#
# JRE version: OpenJDK Runtime Environment (8.0_242-b01) (build 1.8.0_242-release-1644-b01)
# Java VM: OpenJDK 64-Bit Server VM (25.242-b01 mixed mode windows-amd64 compressed oops)
# Failed to write core dump. Minidumps are not enabled by default on client versions of Windows
#

---------------  T H R E A D  ---------------

Current thread (0x00000000171fc800):  JavaThread "C2 CompilerThread1" daemon [_thread_in_native, id=24164, stack(0x0000000018950000,0x0000000018a50000)]

Stack: [0x0000000018950000,0x0000000018a50000]
[error occurred during error reporting (printing stack bounds), id 0xc0000005]

Native frames: (J=compiled Java code, j=interpreted, Vv=VM code, C=native code)


Current CompileTask:
C2:  57190 16689       4       com.android.tools.r8.ir.conversion.o::a (1157 bytes)


---------------  P R O C E S S  ---------------

Java Threads: ( => current thread )
  0x000000001aab7000 JavaThread "ForkJoinPool-2-worker-3" daemon [_thread_blocked, id=16780, stack(0x0000000028c20000,0x0000000028d20000)]
  0x000000001aab4000 JavaThread "ForkJoinPool-2-worker-2" daemon [_thread_blocked, id=24384, stack(0x0000000028b20000,0x0000000028c20000)]
  0x000000001aaaa000 JavaThread "ForkJoinPool-2-worker-1" daemon [_thread_blocked, id=3324, stack(0x0000000028320000,0x0000000028420000)]
  0x000000001aab5800 JavaThread "WorkerExecutor Queue Thread 6" [_thread_in_Java, id=20496, stack(0x0000000028620000,0x0000000028720000)]
  0x000000001aaad800 JavaThread "ForkJoinPool.commonPool-worker-3" daemon [_thread_blocked, id=25212, stack(0x0000000028520000,0x0000000028620000)]
  0x000000001aab3000 JavaThread "WorkerExecutor Queue Thread 5" [_thread_blocked, id=10176, stack(0x0000000027fc0000,0x00000000280c0000)]
  0x000000001aab0000 JavaThread "Cache worker for Java compile cache (D:\ProjectVersion1\.gradle\6.1.1\javaCompile)" [_thread_blocked, id=18584, stack(0x0000000027ac0000,0x0000000027bc0000)]
  0x000000001aaac000 JavaThread "Cache worker for Java compile cache (C:\Users\user\.gradle\caches\6.1.1\javaCompile)" [_thread_blocked, id=18332, stack(0x0000000026410000,0x0000000026510000)]
  0x000000001aaaf000 JavaThread "stdout" [_thread_in_native, id=28248, stack(0x00000000275c0000,0x00000000276c0000)]
  0x000000001aaad000 JavaThread "stderr" [_thread_in_native, id=24000, stack(0x00000000274c0000,0x00000000275c0000)]
  0x000000001aaaa800 JavaThread "stdout" [_thread_in_native, id=21104, stack(0x00000000273c0000,0x00000000274c0000)]
  0x000000001aaa9000 JavaThread "stderr" [_thread_in_native, id=4908, stack(0x00000000272c0000,0x00000000273c0000)]
  0x000000001aaae800 JavaThread "stdout" [_thread_in_native, id=28900, stack(0x00000000271c0000,0x00000000272c0000)]
  0x0000000021ad0000 JavaThread "stderr" [_thread_in_native, id=16872, stack(0x00000000270c0000,0x00000000271c0000)]
  0x0000000021ad4800 JavaThread "stdout" [_thread_in_native, id=23040, stack(0x0000000026fc0000,0x00000000270c0000)]
  0x0000000021ad3800 JavaThread "stderr" [_thread_in_native, id=21076, stack(0x0000000026ec0000,0x0000000026fc0000)]
  0x0000000021ad2000 JavaThread "pool-3-thread-1" [_thread_blocked, id=9112, stack(0x0000000026dc0000,0x0000000026ec0000)]
  0x0000000021ad0800 JavaThread "MarlinRenderer Disposer" daemon [_thread_blocked, id=3848, stack(0x0000000026880000,0x0000000026980000)]
  0x0000000021ac8800 JavaThread "Java2D Disposer" daemon [_thread_blocked, id=30536, stack(0x0000000026710000,0x0000000026810000)]
  0x0000000021acd800 JavaThread "WorkerExecutor Queue Thread 3" [_thread_in_Java, id=30604, stack(0x0000000026310000,0x0000000026410000)]
  0x0000000021ace800 JavaThread "WorkerExecutor Queue Thread 2" [_thread_blocked, id=25536, stack(0x0000000026210000,0x0000000026310000)]
  0x0000000021acb800 JavaThread "WorkerExecutor Queue" [_thread_in_Java, id=20616, stack(0x0000000025f10000,0x0000000026010000)]
  0x0000000021ac9000 JavaThread "Cache worker for execution history cache (D:\ProjectVersion1\.gradle\6.1.1\executionHistory)" [_thread_blocked, id=30240, stack(0x0000000025e10000,0x0000000025f10000)]
  0x000000001979e800 JavaThread "Execution worker for ':' Thread 3" [_thread_blocked, id=12028, stack(0x0000000025d10000,0x0000000025e10000)]
  0x0000000019799000 JavaThread "Execution worker for ':' Thread 2" [_thread_blocked, id=29648, stack(0x0000000025c10000,0x0000000025d10000)]
  0x0000000019798800 JavaThread "Execution worker for ':'" [_thread_blocked, id=6916, stack(0x0000000025b10000,0x0000000025c10000)]
  0x000000001d75b800 JavaThread "Cache worker for file content cache (D:\ProjectVersion1\.gradle\6.1.1\fileContent)" [_thread_blocked, id=28840, stack(0x0000000025610000,0x0000000025710000)]
  0x000000001d75a000 JavaThread "Cache worker for file content cache (C:\Users\user\.gradle\caches\6.1.1\fileContent)" [_thread_blocked, id=20808, stack(0x0000000025510000,0x0000000025610000)]
  0x000000001d758800 JavaThread "Memory manager" [_thread_blocked, id=26664, stack(0x0000000025210000,0x0000000025310000)]
  0x000000001d75a800 JavaThread "Cache worker for Build Output Cleanup Cache (D:\ProjectVersion1\.gradle\buildOutputCleanup)" [_thread_blocked, id=24572, stack(0x0000000025110000,0x0000000025210000)]
  0x000000001d757000 JavaThread "Build operations Thread 4" [_thread_blocked, id=12920, stack(0x0000000024170000,0x0000000024270000)]
  0x000000001d759000 JavaThread "Build operations Thread 3" [_thread_blocked, id=22796, stack(0x0000000022c90000,0x0000000022d90000)]
  0x000000001d74f800 JavaThread "Build operations Thread 2" [_thread_blocked, id=10284, stack(0x0000000022990000,0x0000000022a90000)]
  0x000000001d754800 JavaThread "Build operations" [_thread_blocked, id=22732, stack(0x0000000022890000,0x0000000022990000)]
  0x000000001d754000 JavaThread "Cache worker for cache directory md-rule (C:\Users\user\.gradle\caches\6.1.1\md-rule)" [_thread_blocked, id=26676, stack(0x0000000022790000,0x0000000022890000)]
  0x000000001d751000 JavaThread "Cache worker for cache directory md-supplier (C:\Users\user\.gradle\caches\6.1.1\md-supplier)" [_thread_blocked, id=18832, stack(0x00000000210a0000,0x00000000211a0000)]
  0x000000001d756000 JavaThread "Cache worker for file hash cache (D:\ProjectVersion1\.gradle\6.1.1\fileHashes)" [_thread_blocked, id=8660, stack(0x000000001fb10000,0x000000001fc10000)]
  0x000000001d753000 JavaThread "Cache worker for checksums cache (D:\ProjectVersion1\.gradle\checksums)" [_thread_blocked, id=19648, stack(0x000000001f910000,0x000000001fa10000)]
  0x000000001d751800 JavaThread "Thread-30" [_thread_blocked, id=25960, stack(0x000000001f610000,0x000000001f710000)]
  0x000000001d755800 JavaThread "Stdin handler" [_thread_blocked, id=29908, stack(0x000000001f310000,0x000000001f410000)]
  0x000000001d74c800 JavaThread "Asynchronous log dispatcher for DefaultDaemonConnection: socket connection from /127.0.0.1:54765 to /127.0.0.1:54772" [_thread_blocked, id=13952, stack(0x000000001ca70000,0x000000001cb70000)]
  0x000000001d750000 JavaThread "Cancel handler" [_thread_blocked, id=14212, stack(0x000000001c670000,0x000000001c770000)]
  0x000000001d74e000 JavaThread "Handler for socket connection from /127.0.0.1:54765 to /127.0.0.1:54772" [_thread_in_native, id=16528, stack(0x000000001c370000,0x000000001c470000)]
  0x000000001979c000 JavaThread "Cache worker for execution history cache (C:\Users\user\.gradle\caches\6.1.1\executionHistory)" [_thread_blocked, id=30656, stack(0x000000001fa10000,0x000000001fb10000)]
  0x000000001979d000 JavaThread "Cache worker for file hash cache (C:\Users\user\.gradle\caches\6.1.1\fileHashes)" [_thread_blocked, id=17372, stack(0x000000001cf70000,0x000000001d070000)]
  0x0000000019edf800 JavaThread "File lock request listener" [_thread_in_native, id=21984, stack(0x000000001ce70000,0x000000001cf70000)]
  0x000000001a297800 JavaThread "Cache worker for journal cache (C:\Users\user\.gradle\caches\journal-1)" [_thread_blocked, id=24692, stack(0x000000001cd70000,0x000000001ce70000)]
  0x0000000018dfc000 JavaThread "Daemon worker" [_thread_blocked, id=20224, stack(0x000000001c770000,0x000000001c870000)]
  0x000000001721b800 JavaThread "Daemon" [_thread_blocked, id=24832, stack(0x000000001c270000,0x000000001c370000)]
  0x000000001980e800 JavaThread "Daemon periodic checks" [_thread_blocked, id=1448, stack(0x000000001c170000,0x000000001c270000)]
  0x000000001a04d000 JavaThread "Incoming local TCP Connector on port 54765" [_thread_in_native, id=30348, stack(0x000000001bf30000,0x000000001c030000)]
  0x000000001916b800 JavaThread "Daemon health stats" [_thread_blocked, id=30164, stack(0x000000001b8f0000,0x000000001b9f0000)]
  0x000000001724e000 JavaThread "Service Thread" daemon [_thread_blocked, id=9000, stack(0x0000000018f50000,0x0000000019050000)]
  0x0000000017204000 JavaThread "C1 CompilerThread2" daemon [_thread_blocked, id=12448, stack(0x0000000018a50000,0x0000000018b50000)]
=>0x00000000171fc800 JavaThread "C2 CompilerThread1" daemon [_thread_in_native, id=24164, stack(0x0000000018950000,0x0000000018a50000)]
  0x00000000171f5800 JavaThread "C2 CompilerThread0" daemon [_thread_in_native, id=29620, stack(0x0000000018850000,0x0000000018950000)]
  0x00000000171f4000 JavaThread "Attach Listener" daemon [_thread_blocked, id=28696, stack(0x0000000018750000,0x0000000018850000)]
  0x00000000171f1000 JavaThread "Signal Dispatcher" daemon [_thread_blocked, id=22624, stack(0x0000000018650000,0x0000000018750000)]
  0x00000000025cb800 JavaThread "Finalizer" daemon [_thread_blocked, id=26928, stack(0x0000000018450000,0x0000000018550000)]
  0x00000000171d9000 JavaThread "Reference Handler" daemon [_thread_blocked, id=26876, stack(0x0000000018350000,0x0000000018450000)]
  0x00000000024d2800 JavaThread "main" [_thread_blocked, id=26640, stack(0x0000000002320000,0x0000000002420000)]

Other Threads:
  0x00000000171b7000 VMThread [stack: 0x0000000018250000,0x0000000018350000] [id=29252]
  0x0000000018b8a800 WatcherThread [stack: 0x0000000019050000,0x0000000019150000] [id=25668]

VM state:not at safepoint (normal execution)

VM Mutex/Monitor currently owned by a thread: None

heap address: 0x0000000080000000, size: 2048 MB, Compressed Oops mode: 32-bit
Narrow klass base: 0x0000000000000000, Narrow klass shift: 3
Compressed class space size: 1073741824 Address: 0x0000000100000000

Heap:
 PSYoungGen      total 277504K, used 178601K [0x00000000d5580000, 0x00000000e8080000, 0x0000000100000000)
  eden space 248832K, 71% used [0x00000000d5580000,0x00000000e03ea748,0x00000000e4880000)
  from space 28672K, 0% used [0x00000000e4880000,0x00000000e4880000,0x00000000e6480000)
  to   space 26624K, 0% used [0x00000000e6680000,0x00000000e6680000,0x00000000e8080000)
 ParOldGen       total 133120K, used 131826K [0x0000000080000000, 0x0000000088200000, 0x00000000d5580000)
  object space 133120K, 99% used [0x0000000080000000,0x00000000880bc878,0x0000000088200000)
 Metaspace       used 92295K, capacity 96336K, committed 96472K, reserved 1132544K
  class space    used 11961K, capacity 12776K, committed 12800K, reserved 1048576K

Card table byte_map: [0x0000000011990000,0x0000000011da0000] byte_map_base: 0x0000000011590000

Marking Bits: (ParMarkBitMap*) 0x000000005b08f030
 Begin Bits: [0x0000000012450000, 0x0000000014450000)
 End Bits:   [0x0000000014450000, 0x0000000016450000)

Polling page: 0x0000000000a00000

CodeCache: size=245760Kb used=47101Kb max_used=47302Kb free=198658Kb
 bounds [0x00000000025d0000, 0x00000000054a0000, 0x00000000115d0000]
 total_blobs=15143 nmethods=14158 adapters=895
 compilation: enabled

Compilation events (10 events):
Event: 57.156 Thread 0x0000000017204000 nmethod 16848 0x0000000003c76e10 code [0x0000000003c76f80, 0x0000000003c771a8]
Event: 57.156 Thread 0x0000000017204000 16849       2       com.android.tools.r8.graph.P::a (25 bytes)
Event: 57.156 Thread 0x0000000017204000 nmethod 16849 0x0000000003c769d0 code [0x0000000003c76b40, 0x0000000003c76cc8]
Event: 57.156 Thread 0x0000000017204000 16852       2       com.android.tools.r8.graph.x::computeHashCode (8 bytes)
Event: 57.156 Thread 0x0000000017204000 nmethod 16852 0x0000000003c76650 code [0x0000000003c767c0, 0x0000000003c76928]
Event: 57.157 Thread 0x0000000017204000 16850       2       com.android.tools.r8.graph.h0$l::m (1 bytes)
Event: 57.157 Thread 0x0000000017204000 nmethod 16850 0x0000000003ad0250 code [0x0000000003ad03a0, 0x0000000003ad04f0]
Event: 57.174 Thread 0x0000000017204000 16853       2       java.util.TimSort::mergeLo (659 bytes)
Event: 57.176 Thread 0x0000000017204000 nmethod 16853 0x000000000434a3d0 code [0x000000000434a660, 0x000000000434bd38]
Event: 57.176 Thread 0x0000000017204000 16854       3       java.util.TimSort::mergeHi (732 bytes)

GC Heap History (10 events):
Event: 31.239 GC heap before
{Heap before GC invocations=17 (full 3):
 PSYoungGen      total 202240K, used 199625K [0x00000000d5580000, 0x00000000e5700000, 0x0000000100000000)
  eden space 182272K, 100% used [0x00000000d5580000,0x00000000e0780000,0x00000000e0780000)
  from space 19968K, 86% used [0x00000000e0780000,0x00000000e18727c0,0x00000000e1b00000)
  to   space 22016K, 0% used [0x00000000e4180000,0x00000000e4180000,0x00000000e5700000)
 ParOldGen       total 133120K, used 32746K [0x0000000080000000, 0x0000000088200000, 0x00000000d5580000)
  object space 133120K, 24% used [0x0000000080000000,0x0000000081ffaa18,0x0000000088200000)
 Metaspace       used 67505K, capacity 70352K, committed 70616K, reserved 1110016K
  class space    used 8998K, capacity 9606K, committed 9728K, reserved 1048576K
Event: 31.310 GC heap after
Heap after GC invocations=17 (full 3):
 PSYoungGen      total 234496K, used 22006K [0x00000000d5580000, 0x00000000e6500000, 0x0000000100000000)
  eden space 212480K, 0% used [0x00000000d5580000,0x00000000d5580000,0x00000000e2500000)
  from space 22016K, 99% used [0x00000000e4180000,0x00000000e56fda78,0x00000000e5700000)
  to   space 29184K, 0% used [0x00000000e2500000,0x00000000e2500000,0x00000000e4180000)
 ParOldGen       total 133120K, used 42186K [0x0000000080000000, 0x0000000088200000, 0x00000000d5580000)
  object space 133120K, 31% used [0x0000000080000000,0x00000000829328c8,0x0000000088200000)
 Metaspace       used 67505K, capacity 70352K, committed 70616K, reserved 1110016K
  class space    used 8998K, capacity 9606K, committed 9728K, reserved 1048576K
}
Event: 37.462 GC heap before
{Heap before GC invocations=18 (full 3):
 PSYoungGen      total 234496K, used 234486K [0x00000000d5580000, 0x00000000e6500000, 0x0000000100000000)
  eden space 212480K, 100% used [0x00000000d5580000,0x00000000e2500000,0x00000000e2500000)
  from space 22016K, 99% used [0x00000000e4180000,0x00000000e56fda78,0x00000000e5700000)
  to   space 29184K, 0% used [0x00000000e2500000,0x00000000e2500000,0x00000000e4180000)
 ParOldGen       total 133120K, used 42186K [0x0000000080000000, 0x0000000088200000, 0x00000000d5580000)
  object space 133120K, 31% used [0x0000000080000000,0x00000000829328c8,0x0000000088200000)
 Metaspace       used 73943K, capacity 76864K, committed 76888K, reserved 1116160K
  class space    used 9713K, capacity 10348K, committed 10368K, reserved 1048576K
Event: 37.522 GC heap after
Heap after GC invocations=18 (full 3):
 PSYoungGen      total 241664K, used 10122K [0x00000000d5580000, 0x00000000e8180000, 0x0000000100000000)
  eden space 212480K, 0% used [0x00000000d5580000,0x00000000d5580000,0x00000000e2500000)
  from space 29184K, 34% used [0x00000000e2500000,0x00000000e2ee29c8,0x00000000e4180000)
  to   space 27648K, 0% used [0x00000000e6680000,0x00000000e6680000,0x00000000e8180000)
 ParOldGen       total 133120K, used 63760K [0x0000000080000000, 0x0000000088200000, 0x00000000d5580000)
  object space 133120K, 47% used [0x0000000080000000,0x0000000083e44030,0x0000000088200000)
 Metaspace       used 73943K, capacity 76864K, committed 76888K, reserved 1116160K
  class space    used 9713K, capacity 10348K, committed 10368K, reserved 1048576K
}
Event: 44.376 GC heap before
{Heap before GC invocations=19 (full 3):
 PSYoungGen      total 241664K, used 222602K [0x00000000d5580000, 0x00000000e8180000, 0x0000000100000000)
  eden space 212480K, 100% used [0x00000000d5580000,0x00000000e2500000,0x00000000e2500000)
  from space 29184K, 34% used [0x00000000e2500000,0x00000000e2ee29c8,0x00000000e4180000)
  to   space 27648K, 0% used [0x00000000e6680000,0x00000000e6680000,0x00000000e8180000)
 ParOldGen       total 133120K, used 63760K [0x0000000080000000, 0x0000000088200000, 0x00000000d5580000)
  object space 133120K, 47% used [0x0000000080000000,0x0000000083e44030,0x0000000088200000)
 Metaspace       used 82088K, capacity 85368K, committed 85592K, reserved 1124352K
  class space    used 10610K, capacity 11318K, committed 11392K, reserved 1048576K
Event: 44.442 GC heap after
Heap after GC invocations=19 (full 3):
 PSYoungGen      total 275456K, used 19426K [0x00000000d5580000, 0x00000000e8080000, 0x0000000100000000)
  eden space 248832K, 0% used [0x00000000d5580000,0x00000000d5580000,0x00000000e4880000)
  from space 26624K, 72% used [0x00000000e6680000,0x00000000e7978830,0x00000000e8080000)
  to   space 28672K, 0% used [0x00000000e4880000,0x00000000e4880000,0x00000000e6480000)
 ParOldGen       total 133120K, used 63768K [0x0000000080000000, 0x0000000088200000, 0x00000000d5580000)
  object space 133120K, 47% used [0x0000000080000000,0x0000000083e46030,0x0000000088200000)
 Metaspace       used 82088K, capacity 85368K, committed 85592K, reserved 1124352K
  class space    used 10610K, capacity 11318K, committed 11392K, reserved 1048576K
}
Event: 50.363 GC heap before
{Heap before GC invocations=20 (full 3):
 PSYoungGen      total 275456K, used 268258K [0x00000000d5580000, 0x00000000e8080000, 0x0000000100000000)
  eden space 248832K, 100% used [0x00000000d5580000,0x00000000e4880000,0x00000000e4880000)
  from space 26624K, 72% used [0x00000000e6680000,0x00000000e7978830,0x00000000e8080000)
  to   space 28672K, 0% used [0x00000000e4880000,0x00000000e4880000,0x00000000e6480000)
 ParOldGen       total 133120K, used 63768K [0x0000000080000000, 0x0000000088200000, 0x00000000d5580000)
  object space 133120K, 47% used [0x0000000080000000,0x0000000083e46030,0x0000000088200000)
 Metaspace       used 90646K, capacity 94568K, committed 94936K, reserved 1132544K
  class space    used 11852K, capacity 12676K, committed 12800K, reserved 1048576K
Event: 51.229 GC heap after
Heap after GC invocations=20 (full 3):
 PSYoungGen      total 277504K, used 28656K [0x00000000d5580000, 0x00000000e8080000, 0x0000000100000000)
  eden space 248832K, 0% used [0x00000000d5580000,0x00000000d5580000,0x00000000e4880000)
  from space 28672K, 99% used [0x00000000e4880000,0x00000000e647c160,0x00000000e6480000)
  to   space 26624K, 0% used [0x00000000e6680000,0x00000000e6680000,0x00000000e8080000)
 ParOldGen       total 133120K, used 125468K [0x0000000080000000, 0x0000000088200000, 0x00000000d5580000)
  object space 133120K, 94% used [0x0000000080000000,0x0000000087a87280,0x0000000088200000)
 Metaspace       used 90646K, capacity 94568K, committed 94936K, reserved 1132544K
  class space    used 11852K, capacity 12676K, committed 12800K, reserved 1048576K
}
Event: 51.229 GC heap before
{Heap before GC invocations=21 (full 4):
 PSYoungGen      total 277504K, used 28656K [0x00000000d5580000, 0x00000000e8080000, 0x0000000100000000)
  eden space 248832K, 0% used [0x00000000d5580000,0x00000000d5580000,0x00000000e4880000)
  from space 28672K, 99% used [0x00000000e4880000,0x00000000e647c160,0x00000000e6480000)
  to   space 26624K, 0% used [0x00000000e6680000,0x00000000e6680000,0x00000000e8080000)
 ParOldGen       total 133120K, used 125468K [0x0000000080000000, 0x0000000088200000, 0x00000000d5580000)
  object space 133120K, 94% used [0x0000000080000000,0x0000000087a87280,0x0000000088200000)
 Metaspace       used 90646K, capacity 94568K, committed 94936K, reserved 1132544K
  class space    used 11852K, capacity 12676K, committed 12800K, reserved 1048576K
Event: 54.370 GC heap after
Heap after GC invocations=21 (full 4):
 PSYoungGen      total 277504K, used 0K [0x00000000d5580000, 0x00000000e8080000, 0x0000000100000000)
  eden space 248832K, 0% used [0x00000000d5580000,0x00000000d5580000,0x00000000e4880000)
  from space 28672K, 0% used [0x00000000e4880000,0x00000000e4880000,0x00000000e6480000)
  to   space 26624K, 0% used [0x00000000e6680000,0x00000000e6680000,0x00000000e8080000)
 ParOldGen       total 133120K, used 131826K [0x0000000080000000, 0x0000000088200000, 0x00000000d5580000)
  object space 133120K, 99% used [0x0000000080000000,0x00000000880bc878,0x0000000088200000)
 Metaspace       used 90289K, capacity 94000K, committed 94936K, reserved 1132544K
  class space    used 11797K, capacity 12578K, committed 12800K, reserved 1048576K
}

Deoptimization events (10 events):
Event: 57.110 Thread 0x000000001aab5800 Uncommon trap: reason=class_check action=maybe_recompile pc=0x00000000052ca7fc method=com.android.tools.r8.graph.W.a(Lcom/android/tools/r8/naming/I;Lcom/android/tools/r8/graph/K0;Lcom/android/tools/r8/graph/K0;)I @ 3
Event: 57.110 Thread 0x000000001aab5800 Uncommon trap: reason=class_check action=maybe_recompile pc=0x00000000052ca7fc method=com.android.tools.r8.graph.W.a(Lcom/android/tools/r8/naming/I;Lcom/android/tools/r8/graph/K0;Lcom/android/tools/r8/graph/K0;)I @ 3
Event: 57.151 Thread 0x000000001aab5800 Uncommon trap: reason=array_check action=maybe_recompile pc=0x00000000053a7c38 method=java.util.TimSort.mergeHi(IIII)V @ 101
Event: 57.151 Thread 0x000000001aab5800 Uncommon trap: reason=array_check action=maybe_recompile pc=0x00000000052f7f94 method=java.util.TimSort.mergeLo(IIII)V @ 81
Event: 57.152 Thread 0x000000001aab5800 Uncommon trap: reason=array_check action=maybe_recompile pc=0x00000000053a7c38 method=java.util.TimSort.mergeHi(IIII)V @ 101
Event: 57.152 Thread 0x000000001aab5800 Uncommon trap: reason=array_check action=maybe_recompile pc=0x00000000052f7f94 method=java.util.TimSort.mergeLo(IIII)V @ 81
Event: 57.152 Thread 0x000000001aab5800 Uncommon trap: reason=array_check action=maybe_recompile pc=0x00000000053a7c38 method=java.util.TimSort.mergeHi(IIII)V @ 101
Event: 57.152 Thread 0x000000001aab5800 Uncommon trap: reason=array_check action=maybe_recompile pc=0x00000000053a7c38 method=java.util.TimSort.mergeHi(IIII)V @ 101
Event: 57.152 Thread 0x000000001aab5800 Uncommon trap: reason=array_check action=maybe_recompile pc=0x00000000052f7f94 method=java.util.TimSort.mergeLo(IIII)V @ 81
Event: 57.153 Thread 0x000000001aab5800 Uncommon trap: reason=array_check action=maybe_recompile pc=0x00000000052f7f94 method=java.util.TimSort.mergeLo(IIII)V @ 81

Classes redefined (0 events):
No events

Internal exceptions (10 events):
Event: 56.433 Thread 0x0000000021ace800 Exception <a 'sun/nio/fs/WindowsException'> (0x00000000dc9fed80) thrown at [C:\src\AOSP-openjdk-git\hotspot\src\share\vm\prims\jni.cpp, line 710]
Event: 56.438 Thread 0x0000000021ace800 Exception <a 'sun/nio/fs/WindowsException'> (0x00000000dca073b0) thrown at [C:\src\AOSP-openjdk-git\hotspot\src\share\vm\prims\jni.cpp, line 710]
Event: 56.440 Thread 0x0000000021ace800 Exception <a 'sun/nio/fs/WindowsException'> (0x00000000dca0fb38) thrown at [C:\src\AOSP-openjdk-git\hotspot\src\share\vm\prims\jni.cpp, line 710]
Event: 56.443 Thread 0x0000000021ace800 Exception <a 'sun/nio/fs/WindowsException'> (0x00000000dce713a0) thrown at [C:\src\AOSP-openjdk-git\hotspot\src\share\vm\prims\jni.cpp, line 710]
Event: 56.445 Thread 0x0000000021ace800 Exception <a 'sun/nio/fs/WindowsException'> (0x00000000dcebaad0) thrown at [C:\src\AOSP-openjdk-git\hotspot\src\share\vm\prims\jni.cpp, line 710]
Event: 56.449 Thread 0x0000000021ace800 Exception <a 'sun/nio/fs/WindowsException'> (0x00000000dcec4040) thrown at [C:\src\AOSP-openjdk-git\hotspot\src\share\vm\prims\jni.cpp, line 710]
Event: 56.456 Thread 0x0000000021ace800 Exception <a 'sun/nio/fs/WindowsException'> (0x00000000dcecbdb8) thrown at [C:\src\AOSP-openjdk-git\hotspot\src\share\vm\prims\jni.cpp, line 710]
Event: 56.458 Thread 0x0000000021ace800 Exception <a 'sun/nio/fs/WindowsException'> (0x00000000dced47a0) thrown at [C:\src\AOSP-openjdk-git\hotspot\src\share\vm\prims\jni.cpp, line 710]
Event: 56.460 Thread 0x0000000021ace800 Exception <a 'sun/nio/fs/WindowsException'> (0x00000000dcedc400) thrown at [C:\src\AOSP-openjdk-git\hotspot\src\share\vm\prims\jni.cpp, line 710]
Event: 56.718 Thread 0x0000000021acd800 Implicit null exception at 0x0000000004d3c570 to 0x0000000004d3c580

Events (10 events):
Event: 57.152 Thread 0x000000001aab5800 DEOPT UNPACKING pc=0x000000000261557b sp=0x000000002871d8c0 mode 2
Event: 57.152 Thread 0x000000001aab5800 Uncommon trap: trap_request=0xffffffd6 fr.pc=0x00000000053a7c38
Event: 57.152 Thread 0x000000001aab5800 DEOPT PACKING pc=0x00000000053a7c38 sp=0x000000002871d8e0
Event: 57.152 Thread 0x000000001aab5800 DEOPT UNPACKING pc=0x000000000261557b sp=0x000000002871d8c0 mode 2
Event: 57.152 Thread 0x000000001aab5800 Uncommon trap: trap_request=0xffffffd6 fr.pc=0x00000000052f7f94
Event: 57.152 Thread 0x000000001aab5800 DEOPT PACKING pc=0x00000000052f7f94 sp=0x000000002871d8d0
Event: 57.152 Thread 0x000000001aab5800 DEOPT UNPACKING pc=0x000000000261557b sp=0x000000002871d8c8 mode 2
Event: 57.153 Thread 0x000000001aab5800 Uncommon trap: trap_request=0xffffffd6 fr.pc=0x00000000052f7f94
Event: 57.153 Thread 0x000000001aab5800 DEOPT PACKING pc=0x00000000052f7f94 sp=0x000000002871d8d0
Event: 57.153 Thread 0x000000001aab5800 DEOPT UNPACKING pc=0x000000000261557b sp=0x000000002871d8c8 mode 2


Dynamic libraries:
0x00007ff7d10e0000 - 0x00007ff7d1111000 	C:\Program Files\Android\Android Studio\jre\bin\java.exe
0x00007ff8e8520000 - 0x00007ff8e8710000 	C:\WINDOWS\SYSTEM32\ntdll.dll
0x00007ff8b8a20000 - 0x00007ff8b8a32000 	C:\Program Files\AVAST Software\Avast\aswhook.dll
0x00007ff8e81b0000 - 0x00007ff8e8262000 	C:\WINDOWS\System32\KERNEL32.DLL
0x00007ff8e6120000 - 0x00007ff8e63c5000 	C:\WINDOWS\System32\KERNELBASE.dll
0x00007ff8e6f40000 - 0x00007ff8e6fe3000 	C:\WINDOWS\System32\ADVAPI32.dll
0x00007ff8e8110000 - 0x00007ff8e81ae000 	C:\WINDOWS\System32\msvcrt.dll
0x00007ff8e7570000 - 0x00007ff8e7607000 	C:\WINDOWS\System32\sechost.dll
0x00007ff8e83c0000 - 0x00007ff8e84e0000 	C:\WINDOWS\System32\RPCRT4.dll
0x00007ff8e6da0000 - 0x00007ff8e6f35000 	C:\WINDOWS\System32\USER32.dll
0x00007ff8e5970000 - 0x00007ff8e5991000 	C:\WINDOWS\System32\win32u.dll
0x00007ff8e74e0000 - 0x00007ff8e7506000 	C:\WINDOWS\System32\GDI32.dll
0x00007ff8e63d0000 - 0x00007ff8e6566000 	C:\WINDOWS\System32\gdi32full.dll
0x00007ff8e58d0000 - 0x00007ff8e596e000 	C:\WINDOWS\System32\msvcp_win.dll
0x00007ff8e57d0000 - 0x00007ff8e58ca000 	C:\WINDOWS\System32\ucrtbase.dll
0x00007ff8d4890000 - 0x00007ff8d4b14000 	C:\WINDOWS\WinSxS\amd64_microsoft.windows.common-controls_6595b64144ccf1df_6.0.18362.1082_none_9e8193e1e45b25c1\COMCTL32.dll
0x00007ff8e71a0000 - 0x00007ff8e74d5000 	C:\WINDOWS\System32\combase.dll
0x00007ff8e5630000 - 0x00007ff8e56b0000 	C:\WINDOWS\System32\bcryptPrimitives.dll
0x00007ff8e7b40000 - 0x00007ff8e7b6e000 	C:\WINDOWS\System32\IMM32.DLL
0x000000005b420000 - 0x000000005b4f2000 	C:\Program Files\Android\Android Studio\jre\jre\bin\msvcr100.dll
0x000000005a8c0000 - 0x000000005b10b000 	C:\Program Files\Android\Android Studio\jre\jre\bin\server\jvm.dll
0x00007ff8e65d0000 - 0x00007ff8e65d8000 	C:\WINDOWS\System32\PSAPI.DLL
0x00007ff8d4d80000 - 0x00007ff8d4d89000 	C:\WINDOWS\SYSTEM32\WSOCK32.dll
0x00007ff8e7610000 - 0x00007ff8e767f000 	C:\WINDOWS\System32\WS2_32.dll
0x00007ff8e3920000 - 0x00007ff8e3944000 	C:\WINDOWS\SYSTEM32\WINMM.dll
0x00007ff8db130000 - 0x00007ff8db13a000 	C:\WINDOWS\SYSTEM32\VERSION.dll
0x00007ff8e36d0000 - 0x00007ff8e36fd000 	C:\WINDOWS\SYSTEM32\WINMMBASE.dll
0x00007ff8e56b0000 - 0x00007ff8e56fa000 	C:\WINDOWS\System32\cfgmgr32.dll
0x00007ff8dd8d0000 - 0x00007ff8dd8df000 	C:\Program Files\Android\Android Studio\jre\jre\bin\verify.dll
0x00007ff8cf390000 - 0x00007ff8cf3b9000 	C:\Program Files\Android\Android Studio\jre\jre\bin\java.dll
0x00007ff8cf370000 - 0x00007ff8cf386000 	C:\Program Files\Android\Android Studio\jre\jre\bin\zip.dll
0x00007ff8e66b0000 - 0x00007ff8e6d97000 	C:\WINDOWS\System32\SHELL32.dll
0x00007ff8e7fe0000 - 0x00007ff8e8089000 	C:\WINDOWS\System32\shcore.dll
0x00007ff8e59a0000 - 0x00007ff8e6120000 	C:\WINDOWS\System32\windows.storage.dll
0x00007ff8e5460000 - 0x00007ff8e5483000 	C:\WINDOWS\System32\profapi.dll
0x00007ff8e5410000 - 0x00007ff8e545a000 	C:\WINDOWS\System32\powrprof.dll
0x00007ff8e53e0000 - 0x00007ff8e53f0000 	C:\WINDOWS\System32\UMPDC.dll
0x00007ff8e7ae0000 - 0x00007ff8e7b32000 	C:\WINDOWS\System32\shlwapi.dll
0x00007ff8e53f0000 - 0x00007ff8e5401000 	C:\WINDOWS\System32\kernel.appcore.dll
0x00007ff8e57b0000 - 0x00007ff8e57c7000 	C:\WINDOWS\System32\cryptsp.dll
0x00007ff8cf350000 - 0x00007ff8cf36a000 	C:\Program Files\Android\Android Studio\jre\jre\bin\net.dll
0x00007ff8e4c30000 - 0x00007ff8e4c97000 	C:\WINDOWS\system32\mswsock.dll
0x00007ff8cf330000 - 0x00007ff8cf343000 	C:\Program Files\Android\Android Studio\jre\jre\bin\nio.dll
0x00007ff8cf410000 - 0x00007ff8cf436000 	C:\Users\user\.gradle\native\31\windows-amd64\native-platform.dll
0x00007ff8da690000 - 0x00007ff8da69d000 	C:\Program Files\Android\Android Studio\jre\jre\bin\management.dll
0x00007ff8e47a0000 - 0x00007ff8e47d3000 	C:\WINDOWS\system32\rsaenh.dll
0x00007ff8e5600000 - 0x00007ff8e5626000 	C:\WINDOWS\System32\bcrypt.dll
0x00007ff8e5300000 - 0x00007ff8e5325000 	C:\WINDOWS\SYSTEM32\USERENV.dll
0x00007ff8e4e00000 - 0x00007ff8e4e0c000 	C:\WINDOWS\SYSTEM32\CRYPTBASE.dll
0x00007ff8e4940000 - 0x00007ff8e497a000 	C:\WINDOWS\SYSTEM32\IPHLPAPI.DLL
0x00007ff8e76e0000 - 0x00007ff8e76e8000 	C:\WINDOWS\System32\NSI.dll
0x00007ff8db5c0000 - 0x00007ff8db5d6000 	C:\WINDOWS\SYSTEM32\dhcpcsvc6.DLL
0x00007ff8db520000 - 0x00007ff8db53c000 	C:\WINDOWS\SYSTEM32\dhcpcsvc.DLL
0x00007ff8e4980000 - 0x00007ff8e4a4b000 	C:\WINDOWS\SYSTEM32\DNSAPI.dll
0x00007ff8acbb0000 - 0x00007ff8acd4c000 	C:\Program Files\Android\Android Studio\jre\jre\bin\awt.dll
0x00007ff8e65e0000 - 0x00007ff8e66a5000 	C:\WINDOWS\System32\OLEAUT32.dll
0x00007ff8e3950000 - 0x00007ff8e397d000 	C:\WINDOWS\SYSTEM32\dwmapi.dll
0x00007ff8e17a0000 - 0x00007ff8e1d60000 	C:\WINDOWS\SYSTEM32\d2d1.dll
0x00007ff8e2de0000 - 0x00007ff8e2e6f000 	C:\WINDOWS\SYSTEM32\apphelp.dll
0x00007ff8e3980000 - 0x00007ff8e3a19000 	C:\WINDOWS\system32\uxtheme.dll

VM Arguments:
jvm_args: -Xmx2048m -Dfile.encoding=windows-1252 -Duser.country=US -Duser.language=en -Duser.variant 
java_command: org.gradle.launcher.daemon.bootstrap.GradleDaemon 6.1.1
java_class_path (initial): C:\Users\user\.gradle\wrapper\dists\gradle-6.1.1-all\cfmwm155h49vnt3hynmlrsdst\gradle-6.1.1\lib\gradle-launcher-6.1.1.jar
Launcher Type: SUN_STANDARD

Environment Variables:
PATH=C:\Python\Python38-32\Scripts\;C:\Python\Python38-32\;C:\Program Files (x86)\Borland\Delphi7\Bin;C:\Program Files (x86)\Borland\Delphi7\Projects\Bpl\;C:\Program Files (x86)\Common Files\Oracle\Java\javapath;C:\Program Files (x86)\Intel\iCLS Client\;C:\Program Files\Intel\iCLS Client\;C:\WINDOWS\system32;C:\WINDOWS;C:\WINDOWS\System32\Wbem;C:\WINDOWS\System32\WindowsPowerShell\v1.0\;C:\Program Files\Intel\Intel(R) Management Engine Components\DAL;C:\Program Files\Intel\Intel(R) Management Engine Components\IPT;C:\Program Files (x86)\Intel\Intel(R) Management Engine Components\DAL;C:\Program Files (x86)\Intel\Intel(R) Management Engine Components\IPT;C:\Program Files (x86)\Intel\OpenCL SDK\2.0\bin\x86;C:\Program Files (x86)\Intel\OpenCL SDK\2.0\bin\x64;C:\Program Files\ThinkPad\Bluetooth Software\;C:\Program Files\ThinkPad\Bluetooth Software\syswow64;C:\ProgramData\Lenovo\ReadyApps;C:\Program Files\Lenovo\Fingerprint Manager Pro\;C:\Program Files (x86)\AOMEI Backupper;C:\WINDOWS\System32\OpenSSH\;C:\Program Files\Intel\WiFi\bin\;C:\Program Files\Common Files\Intel\WirelessCommon\;C:\Program Files\PuTTY\;C:\Program Files\Git\cmd;C:\Users\user\AppData\Local\Microsoft\WindowsApps;C:\Users\user\AppData\Local\Programs\Microsoft VS Code\bin;C:\Program Files\heroku\bin
USERNAME=user
OS=Windows_NT
PROCESSOR_IDENTIFIER=Intel64 Family 6 Model 69 Stepping 1, GenuineIntel



---------------  S Y S T E M  ---------------

OS: Windows 10.0 , 64 bit Build 18362 (10.0.18362.1082)

CPU:total 4 (initial active 4) (2 cores per cpu, 2 threads per core) family 6 model 69 stepping 1, cmov, cx8, fxsr, mmx, sse, sse2, sse3, ssse3, sse4.1, sse4.2, popcnt, avx, avx2, aes, clmul, erms, lzcnt, ht, tsc, tscinvbit, bmi1, bmi2

Memory: 4k page, physical 8265520k(455400k free), swap 19488040k(4152k free)

vm_info: OpenJDK 64-Bit Server VM (25.242-b01) for windows-amd64 JRE (1.8.0_242-release-1644-b01), built by "builder" with MS VC++ 10.0 (VS2010)

time: Sun Oct 11 16:46:46 2020
timezone: SE Asia Standard Time
elapsed time: 57 seconds (0d 0h 0m 57s)

