#
# There is insufficient memory for the Java Runtime Environment to continue.
# Native memory allocation (malloc) failed to allocate 1465136 bytes for Chunk::new
# Possible reasons:
#   The system is out of physical RAM or swap space
#   The process is running with CompressedOops enabled, and the Java Heap may be blocking the growth of the native heap
# Possible solutions:
#   Reduce memory load on the system
#   Increase physical memory or swap space
#   Check if swap backing store is full
#   Decrease Java heap size (-Xmx/-Xms)
#   Decrease number of Java threads
#   Decrease Java thread stack sizes (-Xss)
#   Set larger code cache with -XX:ReservedCodeCacheSize=
#   JVM is running with Unscaled Compressed Oops mode in which the Java heap is
#     placed in the first 4GB address space. The Java Heap base address is the
#     maximum limit for the native heap growth. Please use -XX:HeapBaseMinAddress
#     to set the Java Heap base and to place the Java Heap above 4GB virtual address.
# This output file may be truncated or incomplete.
#
#  Out of Memory Error (allocation.cpp:389), pid=19764, tid=0x0000000000003264
#
# JRE version: OpenJDK Runtime Environment (8.0_242-b01) (build 1.8.0_242-release-1644-b01)
# Java VM: OpenJDK 64-Bit Server VM (25.242-b01 mixed mode windows-amd64 compressed oops)
# Failed to write core dump. Minidumps are not enabled by default on client versions of Windows
#

---------------  T H R E A D  ---------------

Current thread (0x0000000017b4b000):  JavaThread "C2 CompilerThread1" daemon [_thread_in_native, id=12900, stack(0x00000000192d0000,0x00000000193d0000)]

Stack: [0x00000000192d0000,0x00000000193d0000]
[error occurred during error reporting (printing stack bounds), id 0xc0000005]

Native frames: (J=compiled Java code, j=interpreted, Vv=VM code, C=native code)


Current CompileTask:
C2: 121857 12017       4       java.io.ObjectOutputStream::writeClassDesc (60 bytes)


---------------  P R O C E S S  ---------------

Java Threads: ( => current thread )
  0x000000001ae42000 JavaThread "pool-4-thread-1" [_thread_blocked, id=4828, stack(0x0000000027750000,0x0000000027850000)]
  0x000000001ae3b000 JavaThread "WorkerExecutor Queue Thread 4" [_thread_blocked, id=29588, stack(0x0000000027650000,0x0000000027750000)]
  0x000000001ae38000 JavaThread "WorkerExecutor Queue Thread 3" [_thread_in_Java, id=22168, stack(0x0000000027550000,0x0000000027650000)]
  0x000000001ae3c800 JavaThread "WorkerExecutor Queue Thread 2" [_thread_in_native, id=19464, stack(0x0000000026e40000,0x0000000026f40000)]
  0x000000001ae34800 JavaThread "WorkerExecutor Queue" [_thread_blocked, id=10596, stack(0x0000000026d40000,0x0000000026e40000)]
  0x000000001ae37800 JavaThread "Cache worker for execution history cache (D:\ProjectVersion1\.gradle\6.1.1\executionHistory)" [_thread_blocked, id=28136, stack(0x0000000026c40000,0x0000000026d40000)]
  0x000000001ae3a800 JavaThread "Execution worker for ':' Thread 3" [_thread_blocked, id=6352, stack(0x0000000026740000,0x0000000026840000)]
  0x000000001d79c000 JavaThread "Execution worker for ':' Thread 2" [_thread_in_vm, id=30584, stack(0x0000000025630000,0x0000000025730000)]
  0x000000001d7a2000 JavaThread "Execution worker for ':'" [_thread_blocked, id=28444, stack(0x0000000025530000,0x0000000025630000)]
  0x000000001d79a800 JavaThread "Cache worker for file content cache (D:\ProjectVersion1\.gradle\6.1.1\fileContent)" [_thread_blocked, id=3732, stack(0x0000000025430000,0x0000000025530000)]
  0x000000001d7a1000 JavaThread "Cache worker for Build Output Cleanup Cache (D:\ProjectVersion1\.gradle\buildOutputCleanup)" [_thread_blocked, id=30684, stack(0x0000000025330000,0x0000000025430000)]
  0x000000001d79f000 JavaThread "Build operations Thread 4" [_thread_blocked, id=10152, stack(0x0000000024c30000,0x0000000024d30000)]
  0x000000001d79e000 JavaThread "Build operations Thread 3" [_thread_blocked, id=23420, stack(0x0000000022ca0000,0x0000000022da0000)]
  0x000000001d7a0800 JavaThread "Build operations Thread 2" [_thread_blocked, id=26856, stack(0x00000000225a0000,0x00000000226a0000)]
  0x000000001d79b000 JavaThread "Build operations" [_thread_blocked, id=14268, stack(0x00000000224a0000,0x00000000225a0000)]
  0x000000001d79f800 JavaThread "Cache worker for cache directory md-rule (C:\Users\user\.gradle\caches\6.1.1\md-rule)" [_thread_blocked, id=8948, stack(0x00000000213c0000,0x00000000214c0000)]
  0x000000001d793000 JavaThread "Cache worker for cache directory md-supplier (C:\Users\user\.gradle\caches\6.1.1\md-supplier)" [_thread_blocked, id=28556, stack(0x00000000200f0000,0x00000000201f0000)]
  0x000000001d796000 JavaThread "Cache worker for file hash cache (D:\ProjectVersion1\.gradle\6.1.1\fileHashes)" [_thread_blocked, id=332, stack(0x000000001fdf0000,0x000000001fef0000)]
  0x000000001d795000 JavaThread "Cache worker for checksums cache (D:\ProjectVersion1\.gradle\checksums)" [_thread_blocked, id=19424, stack(0x000000001fcf0000,0x000000001fdf0000)]
  0x000000001d799800 JavaThread "Thread-38" [_thread_blocked, id=29440, stack(0x000000001c480000,0x000000001c580000)]
  0x000000001d793800 JavaThread "Stdin handler" [_thread_blocked, id=22792, stack(0x000000001c380000,0x000000001c480000)]
  0x000000001d794800 JavaThread "Asynchronous log dispatcher for DefaultDaemonConnection: socket connection from /127.0.0.1:54679 to /127.0.0.1:54701" [_thread_blocked, id=30716, stack(0x000000001c280000,0x000000001c380000)]
  0x000000001d798000 JavaThread "Cancel handler" [_thread_blocked, id=13464, stack(0x000000001c080000,0x000000001c180000)]
  0x000000001d799000 JavaThread "Handler for socket connection from /127.0.0.1:54679 to /127.0.0.1:54701" [_thread_in_native, id=27356, stack(0x000000001bd80000,0x000000001be80000)]
  0x000000001d797800 JavaThread "MarlinRenderer Disposer" daemon [_thread_blocked, id=29876, stack(0x0000000027250000,0x0000000027350000)]
  0x000000001d796800 JavaThread "Java2D Disposer" daemon [_thread_blocked, id=29468, stack(0x0000000026f40000,0x0000000027040000)]
  0x000000001ae41000 JavaThread "Cache worker for file content cache (C:\Users\user\.gradle\caches\6.1.1\fileContent)" [_thread_blocked, id=28616, stack(0x0000000024b30000,0x0000000024c30000)]
  0x000000001ae35000 JavaThread "Memory manager" [_thread_blocked, id=2280, stack(0x00000000237a0000,0x00000000238a0000)]
  0x000000001afa5000 JavaThread "Cache worker for execution history cache (C:\Users\user\.gradle\caches\6.1.1\executionHistory)" [_thread_blocked, id=26848, stack(0x00000000214c0000,0x00000000215c0000)]
  0x000000001afa0000 JavaThread "Cache worker for file hash cache (C:\Users\user\.gradle\caches\6.1.1\fileHashes)" [_thread_blocked, id=19664, stack(0x000000001d950000,0x000000001da50000)]
  0x000000001afa3800 JavaThread "File lock request listener" [_thread_in_native, id=13156, stack(0x000000001c880000,0x000000001c980000)]
  0x0000000019781000 JavaThread "Cache worker for journal cache (C:\Users\user\.gradle\caches\journal-1)" [_thread_blocked, id=29140, stack(0x000000001c780000,0x000000001c880000)]
  0x00000000193e7000 JavaThread "Daemon worker" [_thread_blocked, id=21708, stack(0x000000001c180000,0x000000001c280000)]
  0x000000001ad73800 JavaThread "Daemon" [_thread_blocked, id=17040, stack(0x000000001bc80000,0x000000001bd80000)]
  0x000000001ad17800 JavaThread "Daemon periodic checks" [_thread_blocked, id=8260, stack(0x000000001bb80000,0x000000001bc80000)]
  0x000000001a43d000 JavaThread "Incoming local TCP Connector on port 54679" [_thread_in_native, id=27112, stack(0x0000000019bd0000,0x0000000019cd0000)]
  0x0000000019d5e000 JavaThread "Daemon health stats" [_thread_blocked, id=23752, stack(0x0000000019ad0000,0x0000000019bd0000)]
  0x0000000017b9d800 JavaThread "Service Thread" daemon [_thread_blocked, id=20832, stack(0x00000000198d0000,0x00000000199d0000)]
  0x00000000193d8800 JavaThread "C1 CompilerThread2" daemon [_thread_blocked, id=30704, stack(0x00000000197d0000,0x00000000198d0000)]
=>0x0000000017b4b000 JavaThread "C2 CompilerThread1" daemon [_thread_in_native, id=12900, stack(0x00000000192d0000,0x00000000193d0000)]
  0x0000000017b43800 JavaThread "C2 CompilerThread0" daemon [_thread_in_native, id=25684, stack(0x00000000191d0000,0x00000000192d0000)]
  0x0000000017b42000 JavaThread "Attach Listener" daemon [_thread_blocked, id=17740, stack(0x00000000190d0000,0x00000000191d0000)]
  0x0000000017b41000 JavaThread "Signal Dispatcher" daemon [_thread_blocked, id=26732, stack(0x0000000018fd0000,0x00000000190d0000)]
  0x0000000002f1b800 JavaThread "Finalizer" daemon [_thread_blocked, id=26988, stack(0x0000000018dd0000,0x0000000018ed0000)]
  0x0000000017b29000 JavaThread "Reference Handler" daemon [_thread_blocked, id=26880, stack(0x0000000018cd0000,0x0000000018dd0000)]
  0x0000000002e22800 JavaThread "main" [_thread_blocked, id=1088, stack(0x0000000002d20000,0x0000000002e20000)]

Other Threads:
  0x0000000017b07000 VMThread [stack: 0x0000000018bd0000,0x0000000018cd0000] [id=13928]
  0x00000000193f1000 WatcherThread [stack: 0x00000000199d0000,0x0000000019ad0000] [id=27500]

VM state:not at safepoint (normal execution)

VM Mutex/Monitor currently owned by a thread: None

heap address: 0x0000000080000000, size: 2048 MB, Compressed Oops mode: 32-bit
Narrow klass base: 0x0000000000000000, Narrow klass shift: 3
Compressed class space size: 1073741824 Address: 0x0000000100000000

Heap:
 PSYoungGen      total 318976K, used 299581K [0x00000000d5580000, 0x00000000f0680000, 0x0000000100000000)
  eden space 294400K, 99% used [0x00000000d5580000,0x00000000e744a5d8,0x00000000e7500000)
  from space 24576K, 24% used [0x00000000e7500000,0x00000000e7ac51b8,0x00000000e8d00000)
  to   space 23552K, 0% used [0x00000000eef80000,0x00000000eef80000,0x00000000f0680000)
 ParOldGen       total 91648K, used 52588K [0x0000000080000000, 0x0000000085980000, 0x00000000d5580000)
  object space 91648K, 57% used [0x0000000080000000,0x000000008335b318,0x0000000085980000)
 Metaspace       used 72187K, capacity 75401K, committed 75668K, reserved 1114112K
  class space    used 9427K, capacity 10115K, committed 10172K, reserved 1048576K

Card table byte_map: [0x00000000122e0000,0x00000000126f0000] byte_map_base: 0x0000000011ee0000

Marking Bits: (ParMarkBitMap*) 0x000000005b08f030
 Begin Bits: [0x0000000012da0000, 0x0000000014da0000)
 End Bits:   [0x0000000014da0000, 0x0000000016da0000)

Polling page: 0x00000000012d0000

CodeCache: size=245760Kb used=34938Kb max_used=34938Kb free=210821Kb
 bounds [0x0000000002f20000, 0x0000000005170000, 0x0000000011f20000]
 total_blobs=11096 nmethods=10184 adapters=823
 compilation: enabled

Compilation events (10 events):
Event: 121.569 Thread 0x00000000193d8800 12025       3       java.io.ObjectInputStream$GetFieldImpl::readFields (115 bytes)
Event: 121.570 Thread 0x00000000193d8800 nmethod 12025 0x000000000514d5d0 code [0x000000000514d7a0, 0x000000000514ddf8]
Event: 121.585 Thread 0x00000000193d8800 12026       3       java.io.ObjectInputStream$GetFieldImpl::<init> (47 bytes)
Event: 121.586 Thread 0x00000000193d8800 nmethod 12026 0x0000000005147210 code [0x0000000005147380, 0x00000000051477b0]
Event: 121.594 Thread 0x00000000193d8800 12027       3       java.io.ObjectInputStream$BlockDataInputStream::readChar (73 bytes)
Event: 121.595 Thread 0x00000000193d8800 nmethod 12027 0x0000000005149d50 code [0x0000000005149ee0, 0x000000000514a2d8]
Event: 121.611 Thread 0x00000000193d8800 12028   !   3       org.gradle.internal.snapshot.impl.SerializedValueSnapshot::populateClass (63 bytes)
Event: 121.613 Thread 0x00000000193d8800 nmethod 12028 0x0000000005162090 code [0x0000000005162360, 0x0000000005163a28]
Event: 121.710 Thread 0x00000000193d8800 12030       3       java.util.HashMap::writeObject (28 bytes)
Event: 121.711 Thread 0x00000000193d8800 nmethod 12030 0x000000000514cb10 code [0x000000000514ccc0, 0x000000000514d378]

GC Heap History (10 events):
Event: 38.747 GC heap before
{Heap before GC invocations=12 (full 2):
 PSYoungGen      total 141824K, used 130560K [0x00000000d5580000, 0x00000000e3980000, 0x0000000100000000)
  eden space 130560K, 100% used [0x00000000d5580000,0x00000000dd500000,0x00000000dd500000)
  from space 11264K, 0% used [0x00000000dd500000,0x00000000dd500000,0x00000000de000000)
  to   space 13312K, 0% used [0x00000000e2c80000,0x00000000e2c80000,0x00000000e3980000)
 ParOldGen       total 60416K, used 18550K [0x0000000080000000, 0x0000000083b00000, 0x00000000d5580000)
  object space 60416K, 30% used [0x0000000080000000,0x000000008121d818,0x0000000083b00000)
 Metaspace       used 45157K, capacity 46595K, committed 46680K, reserved 1089536K
  class space    used 6097K, capacity 6484K, committed 6528K, reserved 1048576K
Event: 38.773 GC heap after
Heap after GC invocations=12 (full 2):
 PSYoungGen      total 212992K, used 13280K [0x00000000d5580000, 0x00000000e3980000, 0x0000000100000000)
  eden space 199680K, 0% used [0x00000000d5580000,0x00000000d5580000,0x00000000e1880000)
  from space 13312K, 99% used [0x00000000e2c80000,0x00000000e39782e8,0x00000000e3980000)
  to   space 15872K, 0% used [0x00000000e1a80000,0x00000000e1a80000,0x00000000e2a00000)
 ParOldGen       total 60416K, used 21053K [0x0000000080000000, 0x0000000083b00000, 0x00000000d5580000)
  object space 60416K, 34% used [0x0000000080000000,0x000000008148f578,0x0000000083b00000)
 Metaspace       used 45157K, capacity 46595K, committed 46680K, reserved 1089536K
  class space    used 6097K, capacity 6484K, committed 6528K, reserved 1048576K
}
Event: 44.760 GC heap before
{Heap before GC invocations=13 (full 2):
 PSYoungGen      total 212992K, used 185763K [0x00000000d5580000, 0x00000000e3980000, 0x0000000100000000)
  eden space 199680K, 86% used [0x00000000d5580000,0x00000000dfdf0c88,0x00000000e1880000)
  from space 13312K, 99% used [0x00000000e2c80000,0x00000000e39782e8,0x00000000e3980000)
  to   space 15872K, 0% used [0x00000000e1a80000,0x00000000e1a80000,0x00000000e2a00000)
 ParOldGen       total 60416K, used 21053K [0x0000000080000000, 0x0000000083b00000, 0x00000000d5580000)
  object space 60416K, 34% used [0x0000000080000000,0x000000008148f578,0x0000000083b00000)
 Metaspace       used 57000K, capacity 58979K, committed 59028K, reserved 1099776K
  class space    used 7843K, capacity 8346K, committed 8380K, reserved 1048576K
Event: 44.869 GC heap after
Heap after GC invocations=13 (full 2):
 PSYoungGen      total 217600K, used 15848K [0x00000000d5580000, 0x00000000ea900000, 0x0000000100000000)
  eden space 201728K, 0% used [0x00000000d5580000,0x00000000d5580000,0x00000000e1a80000)
  from space 15872K, 99% used [0x00000000e1a80000,0x00000000e29fa080,0x00000000e2a00000)
  to   space 22528K, 0% used [0x00000000e9300000,0x00000000e9300000,0x00000000ea900000)
 ParOldGen       total 60416K, used 32835K [0x0000000080000000, 0x0000000083b00000, 0x00000000d5580000)
  object space 60416K, 54% used [0x0000000080000000,0x0000000082010ee8,0x0000000083b00000)
 Metaspace       used 57000K, capacity 58979K, committed 59028K, reserved 1099776K
  class space    used 7843K, capacity 8346K, committed 8380K, reserved 1048576K
}
Event: 44.869 GC heap before
{Heap before GC invocations=14 (full 3):
 PSYoungGen      total 217600K, used 15848K [0x00000000d5580000, 0x00000000ea900000, 0x0000000100000000)
  eden space 201728K, 0% used [0x00000000d5580000,0x00000000d5580000,0x00000000e1a80000)
  from space 15872K, 99% used [0x00000000e1a80000,0x00000000e29fa080,0x00000000e2a00000)
  to   space 22528K, 0% used [0x00000000e9300000,0x00000000e9300000,0x00000000ea900000)
 ParOldGen       total 60416K, used 32835K [0x0000000080000000, 0x0000000083b00000, 0x00000000d5580000)
  object space 60416K, 54% used [0x0000000080000000,0x0000000082010ee8,0x0000000083b00000)
 Metaspace       used 57000K, capacity 58979K, committed 59028K, reserved 1099776K
  class space    used 7843K, capacity 8346K, committed 8380K, reserved 1048576K
Event: 45.466 GC heap after
Heap after GC invocations=14 (full 3):
 PSYoungGen      total 217600K, used 0K [0x00000000d5580000, 0x00000000ea900000, 0x0000000100000000)
  eden space 201728K, 0% used [0x00000000d5580000,0x00000000d5580000,0x00000000e1a80000)
  from space 15872K, 0% used [0x00000000e1a80000,0x00000000e1a80000,0x00000000e2a00000)
  to   space 22528K, 0% used [0x00000000e9300000,0x00000000e9300000,0x00000000ea900000)
 ParOldGen       total 91648K, used 39733K [0x0000000080000000, 0x0000000085980000, 0x00000000d5580000)
  object space 91648K, 43% used [0x0000000080000000,0x00000000826cd478,0x0000000085980000)
 Metaspace       used 57000K, capacity 58979K, committed 59028K, reserved 1099776K
  class space    used 7843K, capacity 8346K, committed 8380K, reserved 1048576K
}
Event: 54.489 GC heap before
{Heap before GC invocations=15 (full 3):
 PSYoungGen      total 217600K, used 201728K [0x00000000d5580000, 0x00000000ea900000, 0x0000000100000000)
  eden space 201728K, 100% used [0x00000000d5580000,0x00000000e1a80000,0x00000000e1a80000)
  from space 15872K, 0% used [0x00000000e1a80000,0x00000000e1a80000,0x00000000e2a00000)
  to   space 22528K, 0% used [0x00000000e9300000,0x00000000e9300000,0x00000000ea900000)
 ParOldGen       total 91648K, used 39733K [0x0000000080000000, 0x0000000085980000, 0x00000000d5580000)
  object space 91648K, 43% used [0x0000000080000000,0x00000000826cd478,0x0000000085980000)
 Metaspace       used 63549K, capacity 66393K, committed 66452K, reserved 1105920K
  class space    used 8751K, capacity 9367K, committed 9404K, reserved 1048576K
Event: 54.617 GC heap after
Heap after GC invocations=15 (full 3):
 PSYoungGen      total 304640K, used 18161K [0x00000000d5580000, 0x00000000ea500000, 0x0000000100000000)
  eden space 286208K, 0% used [0x00000000d5580000,0x00000000d5580000,0x00000000e6d00000)
  from space 18432K, 98% used [0x00000000e9300000,0x00000000ea4bc6e0,0x00000000ea500000)
  to   space 24576K, 0% used [0x00000000e7500000,0x00000000e7500000,0x00000000e8d00000)
 ParOldGen       total 91648K, used 39741K [0x0000000080000000, 0x0000000085980000, 0x00000000d5580000)
  object space 91648K, 43% used [0x0000000080000000,0x00000000826cf478,0x0000000085980000)
 Metaspace       used 63549K, capacity 66393K, committed 66452K, reserved 1105920K
  class space    used 8751K, capacity 9367K, committed 9404K, reserved 1048576K
}
Event: 108.114 GC heap before
{Heap before GC invocations=16 (full 3):
 PSYoungGen      total 304640K, used 304369K [0x00000000d5580000, 0x00000000ea500000, 0x0000000100000000)
  eden space 286208K, 100% used [0x00000000d5580000,0x00000000e6d00000,0x00000000e6d00000)
  from space 18432K, 98% used [0x00000000e9300000,0x00000000ea4bc6e0,0x00000000ea500000)
  to   space 24576K, 0% used [0x00000000e7500000,0x00000000e7500000,0x00000000e8d00000)
 ParOldGen       total 91648K, used 39741K [0x0000000080000000, 0x0000000085980000, 0x00000000d5580000)
  object space 91648K, 43% used [0x0000000080000000,0x00000000826cf478,0x0000000085980000)
 Metaspace       used 71192K, capacity 74369K, committed 74644K, reserved 1114112K
  class space    used 9416K, capacity 10099K, committed 10172K, reserved 1048576K
Event: 108.435 GC heap after
Heap after GC invocations=16 (full 3):
 PSYoungGen      total 318976K, used 5908K [0x00000000d5580000, 0x00000000f0680000, 0x0000000100000000)
  eden space 294400K, 0% used [0x00000000d5580000,0x00000000d5580000,0x00000000e7500000)
  from space 24576K, 24% used [0x00000000e7500000,0x00000000e7ac51b8,0x00000000e8d00000)
  to   space 23552K, 0% used [0x00000000eef80000,0x00000000eef80000,0x00000000f0680000)
 ParOldGen       total 91648K, used 52588K [0x0000000080000000, 0x0000000085980000, 0x00000000d5580000)
  object space 91648K, 57% used [0x0000000080000000,0x000000008335b318,0x0000000085980000)
 Metaspace       used 71192K, capacity 74369K, committed 74644K, reserved 1114112K
  class space    used 9416K, capacity 10099K, committed 10172K, reserved 1048576K
}

Deoptimization events (10 events):
Event: 118.068 Thread 0x000000001d79c000 Uncommon trap: reason=null_check action=make_not_entrant pc=0x0000000004f98114 method=com.sun.org.apache.xerces.internal.dom.NamedNodeMapImpl.findNamePoint(Ljava/lang/String;Ljava/lang/String;)I @ 105
Event: 118.122 Thread 0x000000001d79c000 Uncommon trap: reason=null_check action=make_not_entrant pc=0x0000000004fb0e68 method=com.sun.org.apache.xerces.internal.dom.NamedNodeMapImpl.findNamePoint(Ljava/lang/String;Ljava/lang/String;)I @ 76
Event: 118.550 Thread 0x000000001d79c000 Uncommon trap: reason=unstable_if action=reinterpret pc=0x0000000004981348 method=com.android.ide.common.resources.DataMerger.mergeData(Lcom/android/ide/common/resources/MergeConsumer;Z)V @ 95
Event: 119.737 Thread 0x000000001d79c000 Uncommon trap: reason=class_check action=maybe_recompile pc=0x000000000322f2c4 method=java.io.Writer.append(Ljava/lang/CharSequence;)Ljava/io/Writer; @ 20
Event: 119.780 Thread 0x000000001d79c000 Uncommon trap: reason=class_check action=maybe_recompile pc=0x000000000322f2c4 method=java.io.Writer.append(Ljava/lang/CharSequence;)Ljava/io/Writer; @ 20
Event: 120.864 Thread 0x000000001d79c000 Uncommon trap: reason=predicate action=maybe_recompile pc=0x000000000511fbd4 method=java.util.ComparableTimSort.binarySort([Ljava/lang/Object;III)V @ 37
Event: 120.896 Thread 0x000000001d79c000 Uncommon trap: reason=class_check action=maybe_recompile pc=0x0000000004bb41e4 method=com.android.ide.common.resources.NodeUtils.duplicateNode(Lorg/w3c/dom/Document;Lorg/w3c/dom/Node;)Lorg/w3c/dom/Node; @ 73
Event: 120.896 Thread 0x000000001d79c000 Uncommon trap: reason=class_check action=maybe_recompile pc=0x0000000004bb4204 method=com.android.ide.common.resources.NodeUtils.duplicateNode(Lorg/w3c/dom/Document;Lorg/w3c/dom/Node;)Lorg/w3c/dom/Node; @ 73
Event: 120.897 Thread 0x000000001d79c000 Uncommon trap: reason=class_check action=maybe_recompile pc=0x0000000004bb41e4 method=com.android.ide.common.resources.NodeUtils.duplicateNode(Lorg/w3c/dom/Document;Lorg/w3c/dom/Node;)Lorg/w3c/dom/Node; @ 73
Event: 120.897 Thread 0x000000001d79c000 Uncommon trap: reason=class_check action=maybe_recompile pc=0x0000000004bb4204 method=com.android.ide.common.resources.NodeUtils.duplicateNode(Lorg/w3c/dom/Document;Lorg/w3c/dom/Node;)Lorg/w3c/dom/Node; @ 73

Classes redefined (0 events):
No events

Internal exceptions (10 events):
Event: 108.057 Thread 0x00000000193e7000 Exception <a 'java/lang/NoSuchMethodError': <clinit>> (0x00000000e6be9d10) thrown at [C:\src\AOSP-openjdk-git\hotspot\src\share\vm\prims\jni.cpp, line 1615]
Event: 108.057 Thread 0x00000000193e7000 Exception <a 'java/lang/NoSuchMethodError': <clinit>> (0x00000000e6beb410) thrown at [C:\src\AOSP-openjdk-git\hotspot\src\share\vm\prims\jni.cpp, line 1615]
Event: 108.057 Thread 0x00000000193e7000 Exception <a 'java/lang/NoSuchMethodError': <clinit>> (0x00000000e6bec9c0) thrown at [C:\src\AOSP-openjdk-git\hotspot\src\share\vm\prims\jni.cpp, line 1615]
Event: 108.057 Thread 0x00000000193e7000 Exception <a 'java/lang/NoSuchMethodError': <clinit>> (0x00000000e6bede10) thrown at [C:\src\AOSP-openjdk-git\hotspot\src\share\vm\prims\jni.cpp, line 1615]
Event: 110.339 Thread 0x00000000193e7000 Implicit null exception at 0x00000000039bab6c to 0x00000000039baca6
Event: 110.459 Thread 0x00000000193e7000 Implicit null exception at 0x000000000493bbfb to 0x000000000493c435
Event: 110.460 Thread 0x00000000193e7000 Implicit null exception at 0x000000000477c6bf to 0x000000000477d051
Event: 113.996 Thread 0x000000001ae3a800 Implicit null exception at 0x0000000003fbf079 to 0x0000000003fbf6f5
Event: 118.068 Thread 0x000000001d79c000 Implicit null exception at 0x0000000004f97707 to 0x0000000004f980e8
Event: 118.122 Thread 0x000000001d79c000 Implicit null exception at 0x0000000004fb02ab to 0x0000000004fb0e49

Events (10 events):
Event: 120.897 Thread 0x000000001d79c000 DEOPT PACKING pc=0x0000000004bb41e4 sp=0x000000002572b200
Event: 120.897 Thread 0x000000001d79c000 DEOPT UNPACKING pc=0x0000000002f6557b sp=0x000000002572b178 mode 2
Event: 120.897 Thread 0x000000001d79c000 Uncommon trap: trap_request=0xffffffde fr.pc=0x0000000004bb4204
Event: 120.897 Thread 0x000000001d79c000 DEOPT PACKING pc=0x0000000004bb4204 sp=0x000000002572b150
Event: 120.897 Thread 0x000000001d79c000 DEOPT UNPACKING pc=0x0000000002f6557b sp=0x000000002572b168 mode 2
Event: 121.380 Thread 0x000000001ae3c800 DEOPT PACKING pc=0x0000000004ba9e47 sp=0x0000000026f3d420
Event: 121.380 Thread 0x000000001ae3c800 DEOPT UNPACKING pc=0x0000000002f675d0 sp=0x0000000026f3d1b8 mode 0
Event: 121.396 Thread 0x000000001ae42000 Thread added: 0x000000001ae42000
Event: 121.497 Executing VM operation: RevokeBias
Event: 121.526 Executing VM operation: RevokeBias done


Dynamic libraries:
0x00007ff7d98a0000 - 0x00007ff7d98d1000 	C:\Program Files\Android\Android Studio\jre\bin\java.exe
0x00007ff8e8520000 - 0x00007ff8e8710000 	C:\WINDOWS\SYSTEM32\ntdll.dll
0x00007ff8b8a20000 - 0x00007ff8b8a32000 	C:\Program Files\AVAST Software\Avast\aswhook.dll
0x00007ff8e81b0000 - 0x00007ff8e8262000 	C:\WINDOWS\System32\KERNEL32.DLL
0x00007ff8e6120000 - 0x00007ff8e63c5000 	C:\WINDOWS\System32\KERNELBASE.dll
0x00007ff8e6f40000 - 0x00007ff8e6fe3000 	C:\WINDOWS\System32\ADVAPI32.dll
0x00007ff8e8110000 - 0x00007ff8e81ae000 	C:\WINDOWS\System32\msvcrt.dll
0x00007ff8e7570000 - 0x00007ff8e7607000 	C:\WINDOWS\System32\sechost.dll
0x00007ff8e83c0000 - 0x00007ff8e84e0000 	C:\WINDOWS\System32\RPCRT4.dll
0x00007ff8e6da0000 - 0x00007ff8e6f35000 	C:\WINDOWS\System32\USER32.dll
0x00007ff8e5970000 - 0x00007ff8e5991000 	C:\WINDOWS\System32\win32u.dll
0x00007ff8e74e0000 - 0x00007ff8e7506000 	C:\WINDOWS\System32\GDI32.dll
0x00007ff8e63d0000 - 0x00007ff8e6566000 	C:\WINDOWS\System32\gdi32full.dll
0x00007ff8e58d0000 - 0x00007ff8e596e000 	C:\WINDOWS\System32\msvcp_win.dll
0x00007ff8e57d0000 - 0x00007ff8e58ca000 	C:\WINDOWS\System32\ucrtbase.dll
0x00007ff8d4890000 - 0x00007ff8d4b14000 	C:\WINDOWS\WinSxS\amd64_microsoft.windows.common-controls_6595b64144ccf1df_6.0.18362.1082_none_9e8193e1e45b25c1\COMCTL32.dll
0x00007ff8e71a0000 - 0x00007ff8e74d5000 	C:\WINDOWS\System32\combase.dll
0x00007ff8e5630000 - 0x00007ff8e56b0000 	C:\WINDOWS\System32\bcryptPrimitives.dll
0x00007ff8e7b40000 - 0x00007ff8e7b6e000 	C:\WINDOWS\System32\IMM32.DLL
0x000000005b420000 - 0x000000005b4f2000 	C:\Program Files\Android\Android Studio\jre\jre\bin\msvcr100.dll
0x000000005a8c0000 - 0x000000005b10b000 	C:\Program Files\Android\Android Studio\jre\jre\bin\server\jvm.dll
0x00007ff8e65d0000 - 0x00007ff8e65d8000 	C:\WINDOWS\System32\PSAPI.DLL
0x00007ff8d4d80000 - 0x00007ff8d4d89000 	C:\WINDOWS\SYSTEM32\WSOCK32.dll
0x00007ff8e7610000 - 0x00007ff8e767f000 	C:\WINDOWS\System32\WS2_32.dll
0x00007ff8e3920000 - 0x00007ff8e3944000 	C:\WINDOWS\SYSTEM32\WINMM.dll
0x00007ff8db130000 - 0x00007ff8db13a000 	C:\WINDOWS\SYSTEM32\VERSION.dll
0x00007ff8e36d0000 - 0x00007ff8e36fd000 	C:\WINDOWS\SYSTEM32\WINMMBASE.dll
0x00007ff8e56b0000 - 0x00007ff8e56fa000 	C:\WINDOWS\System32\cfgmgr32.dll
0x00007ff8dd8d0000 - 0x00007ff8dd8df000 	C:\Program Files\Android\Android Studio\jre\jre\bin\verify.dll
0x00007ff8cf390000 - 0x00007ff8cf3b9000 	C:\Program Files\Android\Android Studio\jre\jre\bin\java.dll
0x00007ff8cf370000 - 0x00007ff8cf386000 	C:\Program Files\Android\Android Studio\jre\jre\bin\zip.dll
0x00007ff8e66b0000 - 0x00007ff8e6d97000 	C:\WINDOWS\System32\SHELL32.dll
0x00007ff8e7fe0000 - 0x00007ff8e8089000 	C:\WINDOWS\System32\shcore.dll
0x00007ff8e59a0000 - 0x00007ff8e6120000 	C:\WINDOWS\System32\windows.storage.dll
0x00007ff8e5460000 - 0x00007ff8e5483000 	C:\WINDOWS\System32\profapi.dll
0x00007ff8e5410000 - 0x00007ff8e545a000 	C:\WINDOWS\System32\powrprof.dll
0x00007ff8e53e0000 - 0x00007ff8e53f0000 	C:\WINDOWS\System32\UMPDC.dll
0x00007ff8e7ae0000 - 0x00007ff8e7b32000 	C:\WINDOWS\System32\shlwapi.dll
0x00007ff8e53f0000 - 0x00007ff8e5401000 	C:\WINDOWS\System32\kernel.appcore.dll
0x00007ff8e57b0000 - 0x00007ff8e57c7000 	C:\WINDOWS\System32\cryptsp.dll
0x00007ff8cf350000 - 0x00007ff8cf36a000 	C:\Program Files\Android\Android Studio\jre\jre\bin\net.dll
0x00007ff8e4c30000 - 0x00007ff8e4c97000 	C:\WINDOWS\system32\mswsock.dll
0x00007ff8cf330000 - 0x00007ff8cf343000 	C:\Program Files\Android\Android Studio\jre\jre\bin\nio.dll
0x00007ff8cf410000 - 0x00007ff8cf436000 	C:\Users\user\.gradle\native\31\windows-amd64\native-platform.dll
0x00007ff8da690000 - 0x00007ff8da69d000 	C:\Program Files\Android\Android Studio\jre\jre\bin\management.dll
0x00007ff8e47a0000 - 0x00007ff8e47d3000 	C:\WINDOWS\system32\rsaenh.dll
0x00007ff8e5600000 - 0x00007ff8e5626000 	C:\WINDOWS\System32\bcrypt.dll
0x00007ff8e5300000 - 0x00007ff8e5325000 	C:\WINDOWS\SYSTEM32\USERENV.dll
0x00007ff8e4e00000 - 0x00007ff8e4e0c000 	C:\WINDOWS\SYSTEM32\CRYPTBASE.dll
0x00007ff8e4940000 - 0x00007ff8e497a000 	C:\WINDOWS\SYSTEM32\IPHLPAPI.DLL
0x00007ff8e76e0000 - 0x00007ff8e76e8000 	C:\WINDOWS\System32\NSI.dll
0x00007ff8db5c0000 - 0x00007ff8db5d6000 	C:\WINDOWS\SYSTEM32\dhcpcsvc6.DLL
0x00007ff8db520000 - 0x00007ff8db53c000 	C:\WINDOWS\SYSTEM32\dhcpcsvc.DLL
0x00007ff8e4980000 - 0x00007ff8e4a4b000 	C:\WINDOWS\SYSTEM32\DNSAPI.dll
0x00007ff8acbb0000 - 0x00007ff8acd4c000 	C:\Program Files\Android\Android Studio\jre\jre\bin\awt.dll
0x00007ff8e65e0000 - 0x00007ff8e66a5000 	C:\WINDOWS\System32\OLEAUT32.dll
0x00007ff8e3950000 - 0x00007ff8e397d000 	C:\WINDOWS\SYSTEM32\dwmapi.dll
0x00007ff8e17a0000 - 0x00007ff8e1d60000 	C:\WINDOWS\SYSTEM32\d2d1.dll
0x00007ff8e2de0000 - 0x00007ff8e2e6f000 	C:\WINDOWS\SYSTEM32\apphelp.dll
0x00007ff8e3980000 - 0x00007ff8e3a19000 	C:\WINDOWS\system32\uxtheme.dll

VM Arguments:
jvm_args: -Xmx2048m -Dfile.encoding=windows-1252 -Duser.country=US -Duser.language=en -Duser.variant 
java_command: org.gradle.launcher.daemon.bootstrap.GradleDaemon 6.1.1
java_class_path (initial): C:\Users\user\.gradle\wrapper\dists\gradle-6.1.1-all\cfmwm155h49vnt3hynmlrsdst\gradle-6.1.1\lib\gradle-launcher-6.1.1.jar
Launcher Type: SUN_STANDARD

Environment Variables:
PATH=C:\Python\Python38-32\Scripts\;C:\Python\Python38-32\;C:\Program Files (x86)\Borland\Delphi7\Bin;C:\Program Files (x86)\Borland\Delphi7\Projects\Bpl\;C:\Program Files (x86)\Common Files\Oracle\Java\javapath;C:\Program Files (x86)\Intel\iCLS Client\;C:\Program Files\Intel\iCLS Client\;C:\WINDOWS\system32;C:\WINDOWS;C:\WINDOWS\System32\Wbem;C:\WINDOWS\System32\WindowsPowerShell\v1.0\;C:\Program Files\Intel\Intel(R) Management Engine Components\DAL;C:\Program Files\Intel\Intel(R) Management Engine Components\IPT;C:\Program Files (x86)\Intel\Intel(R) Management Engine Components\DAL;C:\Program Files (x86)\Intel\Intel(R) Management Engine Components\IPT;C:\Program Files (x86)\Intel\OpenCL SDK\2.0\bin\x86;C:\Program Files (x86)\Intel\OpenCL SDK\2.0\bin\x64;C:\Program Files\ThinkPad\Bluetooth Software\;C:\Program Files\ThinkPad\Bluetooth Software\syswow64;C:\ProgramData\Lenovo\ReadyApps;C:\Program Files\Lenovo\Fingerprint Manager Pro\;C:\Program Files (x86)\AOMEI Backupper;C:\WINDOWS\System32\OpenSSH\;C:\Program Files\Intel\WiFi\bin\;C:\Program Files\Common Files\Intel\WirelessCommon\;C:\Program Files\PuTTY\;C:\Program Files\Git\cmd;C:\Users\user\AppData\Local\Microsoft\WindowsApps;C:\Users\user\AppData\Local\Programs\Microsoft VS Code\bin;C:\Program Files\heroku\bin
USERNAME=user
OS=Windows_NT
PROCESSOR_IDENTIFIER=Intel64 Family 6 Model 69 Stepping 1, GenuineIntel



---------------  S Y S T E M  ---------------

OS: Windows 10.0 , 64 bit Build 18362 (10.0.18362.1082)

CPU:total 4 (initial active 4) (2 cores per cpu, 2 threads per core) family 6 model 69 stepping 1, cmov, cx8, fxsr, mmx, sse, sse2, sse3, ssse3, sse4.1, sse4.2, popcnt, avx, avx2, aes, clmul, erms, lzcnt, ht, tsc, tscinvbit, bmi1, bmi2

Memory: 4k page, physical 8265520k(415188k free), swap 19488040k(4180k free)

vm_info: OpenJDK 64-Bit Server VM (25.242-b01) for windows-amd64 JRE (1.8.0_242-release-1644-b01), built by "builder" with MS VC++ 10.0 (VS2010)

time: Sun Oct 11 16:40:14 2020
timezone: SE Asia Standard Time
elapsed time: 121 seconds (0d 0h 2m 1s)

