#
# There is insufficient memory for the Java Runtime Environment to continue.
# Native memory allocation (malloc) failed to allocate 1064816 bytes for Chunk::new
# Possible reasons:
#   The system is out of physical RAM or swap space
#   The process is running with CompressedOops enabled, and the Java Heap may be blocking the growth of the native heap
# Possible solutions:
#   Reduce memory load on the system
#   Increase physical memory or swap space
#   Check if swap backing store is full
#   Decrease Java heap size (-Xmx/-Xms)
#   Decrease number of Java threads
#   Decrease Java thread stack sizes (-Xss)
#   Set larger code cache with -XX:ReservedCodeCacheSize=
#   JVM is running with Unscaled Compressed Oops mode in which the Java heap is
#     placed in the first 4GB address space. The Java Heap base address is the
#     maximum limit for the native heap growth. Please use -XX:HeapBaseMinAddress
#     to set the Java Heap base and to place the Java Heap above 4GB virtual address.
# This output file may be truncated or incomplete.
#
#  Out of Memory Error (allocation.cpp:389), pid=29668, tid=0x0000000000007550
#
# JRE version: OpenJDK Runtime Environment (8.0_242-b01) (build 1.8.0_242-release-1644-b01)
# Java VM: OpenJDK 64-Bit Server VM (25.242-b01 mixed mode windows-amd64 compressed oops)
# Failed to write core dump. Minidumps are not enabled by default on client versions of Windows
#

---------------  T H R E A D  ---------------

Current thread (0x0000000016fb4800):  JavaThread "C2 CompilerThread0" daemon [_thread_in_native, id=30032, stack(0x0000000018600000,0x0000000018700000)]

Stack: [0x0000000018600000,0x0000000018700000]
[error occurred during error reporting (printing stack bounds), id 0xc0000005]

Native frames: (J=compiled Java code, j=interpreted, Vv=VM code, C=native code)


Current CompileTask:
C2:  76314 15565       4       com.android.tools.r8.dex.n::e (704 bytes)


---------------  P R O C E S S  ---------------

Java Threads: ( => current thread )
  0x000000001deba000 JavaThread "ForkJoinPool-2-worker-0" daemon [_thread_in_Java, id=1196, stack(0x00000000278a0000,0x00000000279a0000)]
  0x000000001dead000 JavaThread "ForkJoinPool-2-worker-3" daemon [_thread_in_Java, id=2580, stack(0x00000000277a0000,0x00000000278a0000)]
  0x000000001deac800 JavaThread "ForkJoinPool-2-worker-2" daemon [_thread_in_vm, id=27392, stack(0x00000000276a0000,0x00000000277a0000)]
  0x000000001deb2000 JavaThread "ForkJoinPool-2-worker-1" daemon [_thread_in_Java, id=19764, stack(0x0000000026da0000,0x0000000026ea0000)]
  0x000000001deb6800 JavaThread "WorkerExecutor Queue Thread 5" [_thread_blocked, id=27312, stack(0x00000000271a0000,0x00000000272a0000)]
  0x000000001deb1000 JavaThread "WorkerExecutor Queue Thread 4" [_thread_in_Java, id=27096, stack(0x0000000026ea0000,0x0000000026fa0000)]
  0x000000001deaf800 JavaThread "ForkJoinPool.commonPool-worker-2" daemon [_thread_blocked, id=4828, stack(0x0000000026ca0000,0x0000000026da0000)]
  0x000000001deb2800 JavaThread "ForkJoinPool.commonPool-worker-1" daemon [_thread_blocked, id=10596, stack(0x0000000026ba0000,0x0000000026ca0000)]
  0x000000001deae000 JavaThread "WorkerExecutor Queue Thread 3" [_thread_in_Java, id=6352, stack(0x0000000026aa0000,0x0000000026ba0000)]
  0x000000001deab000 JavaThread "Cache worker for Java compile cache (D:\ProjectVersion1\.gradle\6.1.1\javaCompile)" [_thread_blocked, id=29876, stack(0x0000000025f80000,0x0000000026080000)]
  0x000000001deab800 JavaThread "Cache worker for Java compile cache (C:\Users\user\.gradle\caches\6.1.1\javaCompile)" [_thread_blocked, id=29468, stack(0x0000000025e80000,0x0000000025f80000)]
  0x00000000194a9800 JavaThread "stdout" [_thread_in_native, id=30692, stack(0x0000000025d80000,0x0000000025e80000)]
  0x00000000194ad800 JavaThread "stderr" [_thread_in_native, id=21180, stack(0x0000000025c80000,0x0000000025d80000)]
  0x00000000194af000 JavaThread "pool-4-thread-1" [_thread_blocked, id=30716, stack(0x0000000025b80000,0x0000000025c80000)]
  0x000000001e2a9800 JavaThread "WorkerExecutor Queue Thread 2" [_thread_in_native, id=26848, stack(0x00000000257e0000,0x00000000258e0000)]
  0x000000001e2a8000 JavaThread "WorkerExecutor Queue" [_thread_blocked, id=26856, stack(0x00000000256e0000,0x00000000257e0000)]
  0x000000001e2a5000 JavaThread "Cache worker for execution history cache (D:\ProjectVersion1\.gradle\6.1.1\executionHistory)" [_thread_blocked, id=29588, stack(0x0000000025130000,0x0000000025230000)]
  0x000000001e2a6000 JavaThread "Execution worker for ':' Thread 3" [_thread_blocked, id=26832, stack(0x0000000025030000,0x0000000025130000)]
  0x000000001e2a2000 JavaThread "Execution worker for ':' Thread 2" [_thread_blocked, id=27356, stack(0x0000000024f30000,0x0000000025030000)]
  0x000000001e29c800 JavaThread "Execution worker for ':'" [_thread_blocked, id=8260, stack(0x0000000024930000,0x0000000024a30000)]
  0x000000001e29d800 JavaThread "Cache worker for file content cache (D:\ProjectVersion1\.gradle\6.1.1\fileContent)" [_thread_blocked, id=332, stack(0x00000000213b0000,0x00000000214b0000)]
  0x000000001fcee800 JavaThread "Cache worker for Build Output Cleanup Cache (D:\ProjectVersion1\.gradle\buildOutputCleanup)" [_thread_blocked, id=3732, stack(0x00000000214f0000,0x00000000215f0000)]
  0x000000001fced800 JavaThread "Build operations Thread 4" [_thread_blocked, id=19664, stack(0x0000000024c30000,0x0000000024d30000)]
  0x000000001fce5800 JavaThread "Build operations Thread 3" [_thread_blocked, id=12900, stack(0x0000000024430000,0x0000000024530000)]
  0x000000001fcec000 JavaThread "Build operations Thread 2" [_thread_blocked, id=1908, stack(0x00000000231d0000,0x00000000232d0000)]
  0x000000001fceb800 JavaThread "Build operations" [_thread_blocked, id=27500, stack(0x0000000022110000,0x0000000022210000)]
  0x000000001fce4800 JavaThread "Cache worker for cache directory md-rule (C:\Users\user\.gradle\caches\6.1.1\md-rule)" [_thread_blocked, id=25684, stack(0x0000000021a10000,0x0000000021b10000)]
  0x000000001fcea000 JavaThread "Cache worker for cache directory md-supplier (C:\Users\user\.gradle\caches\6.1.1\md-supplier)" [_thread_blocked, id=17740, stack(0x0000000020e90000,0x0000000020f90000)]
  0x000000001fce8800 JavaThread "Cache worker for file hash cache (D:\ProjectVersion1\.gradle\6.1.1\fileHashes)" [_thread_blocked, id=26732, stack(0x0000000020900000,0x0000000020a00000)]
  0x000000001fce9000 JavaThread "Cache worker for checksums cache (D:\ProjectVersion1\.gradle\checksums)" [_thread_blocked, id=26988, stack(0x0000000020800000,0x0000000020900000)]
  0x000000001fce7800 JavaThread "Thread-38" [_thread_blocked, id=26880, stack(0x000000001f3c0000,0x000000001f4c0000)]
  0x000000001fce0000 JavaThread "Stdin handler" [_thread_blocked, id=13928, stack(0x000000001f2c0000,0x000000001f3c0000)]
  0x000000001fce1800 JavaThread "Asynchronous log dispatcher for DefaultDaemonConnection: socket connection from /127.0.0.1:54740 to /127.0.0.1:54749" [_thread_blocked, id=11612, stack(0x000000001c820000,0x000000001c920000)]
  0x000000001fce4000 JavaThread "Cancel handler" [_thread_blocked, id=22568, stack(0x000000001c420000,0x000000001c520000)]
  0x000000001fce3000 JavaThread "Handler for socket connection from /127.0.0.1:54740 to /127.0.0.1:54749" [_thread_in_native, id=23752, stack(0x000000001c120000,0x000000001c220000)]
  0x000000001fcdf800 JavaThread "MarlinRenderer Disposer" daemon [_thread_blocked, id=25500, stack(0x0000000025280000,0x0000000025380000)]
  0x000000001fce6000 JavaThread "Java2D Disposer" daemon [_thread_blocked, id=26808, stack(0x00000000253e0000,0x00000000254e0000)]
  0x000000001e29c000 JavaThread "Cache worker for file content cache (C:\Users\user\.gradle\caches\6.1.1\fileContent)" [_thread_blocked, id=16316, stack(0x0000000024330000,0x0000000024430000)]
  0x000000001e2a2800 JavaThread "Memory manager" [_thread_blocked, id=22872, stack(0x0000000022e50000,0x0000000022f50000)]
  0x00000000194ae000 JavaThread "Cache worker for execution history cache (C:\Users\user\.gradle\caches\6.1.1\executionHistory)" [_thread_blocked, id=26444, stack(0x0000000020700000,0x0000000020800000)]
  0x00000000194ac000 JavaThread "Cache worker for file hash cache (C:\Users\user\.gradle\caches\6.1.1\fileHashes)" [_thread_blocked, id=6832, stack(0x000000001cd20000,0x000000001ce20000)]
  0x00000000194ab000 JavaThread "File lock request listener" [_thread_in_native, id=23064, stack(0x000000001cc20000,0x000000001cd20000)]
  0x0000000019516000 JavaThread "Cache worker for journal cache (C:\Users\user\.gradle\caches\journal-1)" [_thread_blocked, id=27872, stack(0x000000001cb20000,0x000000001cc20000)]
  0x0000000019fad800 JavaThread "Daemon worker" [_thread_blocked, id=17472, stack(0x000000001c520000,0x000000001c620000)]
  0x0000000019618800 JavaThread "Daemon periodic checks" [_thread_blocked, id=29196, stack(0x000000001c020000,0x000000001c120000)]
  0x0000000018923800 JavaThread "Daemon" [_thread_blocked, id=30376, stack(0x000000001bf20000,0x000000001c020000)]
  0x0000000019adc000 JavaThread "Incoming local TCP Connector on port 54740" [_thread_in_native, id=29168, stack(0x000000001bce0000,0x000000001bde0000)]
  0x000000001a689000 JavaThread "Daemon health stats" [_thread_blocked, id=12220, stack(0x000000001b6a0000,0x000000001b7a0000)]
  0x0000000018930800 JavaThread "Service Thread" daemon [_thread_blocked, id=27856, stack(0x0000000018d00000,0x0000000018e00000)]
  0x0000000016fc8800 JavaThread "C1 CompilerThread2" daemon [_thread_blocked, id=3364, stack(0x0000000018800000,0x0000000018900000)]
  0x0000000016fbb000 JavaThread "C2 CompilerThread1" daemon [_thread_in_native, id=26960, stack(0x0000000018700000,0x0000000018800000)]
=>0x0000000016fb4800 JavaThread "C2 CompilerThread0" daemon [_thread_in_native, id=30032, stack(0x0000000018600000,0x0000000018700000)]
  0x0000000016fb2800 JavaThread "Attach Listener" daemon [_thread_blocked, id=18036, stack(0x0000000018500000,0x0000000018600000)]
  0x000000000238e800 JavaThread "Signal Dispatcher" daemon [_thread_blocked, id=25324, stack(0x0000000018400000,0x0000000018500000)]
  0x0000000016f98800 JavaThread "Finalizer" daemon [_thread_blocked, id=20940, stack(0x0000000018200000,0x0000000018300000)]
  0x0000000002382000 JavaThread "Reference Handler" daemon [_thread_blocked, id=20484, stack(0x0000000018100000,0x0000000018200000)]
  0x0000000002292800 JavaThread "main" [_thread_blocked, id=26124, stack(0x00000000020b0000,0x00000000021b0000)]

Other Threads:
  0x0000000016f76000 VMThread [stack: 0x0000000018000000,0x0000000018100000] [id=2192]
  0x000000001700d800 WatcherThread [stack: 0x0000000018e00000,0x0000000018f00000] [id=30352]

VM state:not at safepoint (normal execution)

VM Mutex/Monitor currently owned by a thread: None

heap address: 0x0000000080000000, size: 2048 MB, Compressed Oops mode: 32-bit
Narrow klass base: 0x0000000000000000, Narrow klass shift: 3
Compressed class space size: 1073741824 Address: 0x0000000100000000

Heap:
 PSYoungGen      total 281600K, used 60234K [0x00000000d5580000, 0x00000000e8700000, 0x0000000100000000)
  eden space 250368K, 11% used [0x00000000d5580000,0x00000000d71d35d0,0x00000000e4a00000)
  from space 31232K, 99% used [0x00000000e4a00000,0x00000000e687f450,0x00000000e6880000)
  to   space 28160K, 0% used [0x00000000e6980000,0x00000000e6980000,0x00000000e8500000)
 ParOldGen       total 130560K, used 96762K [0x0000000080000000, 0x0000000087f80000, 0x00000000d5580000)
  object space 130560K, 74% used [0x0000000080000000,0x0000000085e7e810,0x0000000087f80000)
 Metaspace       used 91022K, capacity 94984K, committed 95124K, reserved 1132544K
  class space    used 11881K, capacity 12708K, committed 12732K, reserved 1048576K

Card table byte_map: [0x0000000011750000,0x0000000011b60000] byte_map_base: 0x0000000011350000

Marking Bits: (ParMarkBitMap*) 0x000000005b08f030
 Begin Bits: [0x0000000012210000, 0x0000000014210000)
 End Bits:   [0x0000000014210000, 0x0000000016210000)

Polling page: 0x0000000000720000

CodeCache: size=245760Kb used=44213Kb max_used=44213Kb free=201546Kb
 bounds [0x0000000002390000, 0x0000000004ef0000, 0x0000000011390000]
 total_blobs=13980 nmethods=12997 adapters=894
 compilation: enabled

Compilation events (10 events):
Event: 76.028 Thread 0x0000000016fc8800 15643       3       com.android.tools.r8.code.u1::a (4075 bytes)
Event: 76.079 Thread 0x0000000016fc8800 nmethod 15643 0x0000000004eb9210 code [0x0000000004ebbd60, 0x0000000004ed7d18]
Event: 76.137 Thread 0x0000000016fc8800 15644       3       com.android.tools.r8.code.W0::hashCode (11 bytes)
Event: 76.138 Thread 0x0000000016fc8800 nmethod 15644 0x0000000004ea1d90 code [0x0000000004ea1f00, 0x0000000004ea2128]
Event: 76.244 Thread 0x0000000016fc8800 15645       3       com.android.tools.r8.code.O0::<init> (28 bytes)
Event: 76.244 Thread 0x0000000016fc8800 nmethod 15645 0x0000000004ea1150 code [0x0000000004ea1320, 0x0000000004ea19f8]
Event: 76.250 Thread 0x0000000016fc8800 15646       1       com.android.tools.r8.graph.H$a::hashCode (10 bytes)
Event: 76.251 Thread 0x0000000016fc8800 nmethod 15646 0x0000000004ea0e90 code [0x0000000004ea0fe0, 0x0000000004ea10f0]
Event: 76.253 Thread 0x0000000016fc8800 15647       3       com.android.tools.r8.graph.E$b::hashCode (16 bytes)
Event: 76.254 Thread 0x0000000016fc8800 nmethod 15647 0x0000000004ea0ad0 code [0x0000000004ea0c40, 0x0000000004ea0de8]

GC Heap History (10 events):
Event: 26.362 GC heap before
{Heap before GC invocations=16 (full 3):
 PSYoungGen      total 207360K, used 187392K [0x00000000d5580000, 0x00000000e4a80000, 0x0000000100000000)
  eden space 187392K, 100% used [0x00000000d5580000,0x00000000e0c80000,0x00000000e0c80000)
  from space 19968K, 0% used [0x00000000e1f80000,0x00000000e1f80000,0x00000000e3300000)
  to   space 19456K, 0% used [0x00000000e0c80000,0x00000000e0c80000,0x00000000e1f80000)
 ParOldGen       total 130560K, used 33918K [0x0000000080000000, 0x0000000087f80000, 0x00000000d5580000)
  object space 130560K, 25% used [0x0000000080000000,0x000000008211fbd0,0x0000000087f80000)
 Metaspace       used 62507K, capacity 65166K, committed 65300K, reserved 1105920K
  class space    used 8598K, capacity 9169K, committed 9276K, reserved 1048576K
Event: 26.409 GC heap after
Heap after GC invocations=16 (full 3):
 PSYoungGen      total 206848K, used 16380K [0x00000000d5580000, 0x00000000e5d00000, 0x0000000100000000)
  eden space 187392K, 0% used [0x00000000d5580000,0x00000000d5580000,0x00000000e0c80000)
  from space 19456K, 84% used [0x00000000e0c80000,0x00000000e1c7f0c0,0x00000000e1f80000)
  to   space 21504K, 0% used [0x00000000e4800000,0x00000000e4800000,0x00000000e5d00000)
 ParOldGen       total 130560K, used 33926K [0x0000000080000000, 0x0000000087f80000, 0x00000000d5580000)
  object space 130560K, 25% used [0x0000000080000000,0x0000000082121bd0,0x0000000087f80000)
 Metaspace       used 62507K, capacity 65166K, committed 65300K, reserved 1105920K
  class space    used 8598K, capacity 9169K, committed 9276K, reserved 1048576K
}
Event: 34.350 GC heap before
{Heap before GC invocations=17 (full 3):
 PSYoungGen      total 206848K, used 203772K [0x00000000d5580000, 0x00000000e5d00000, 0x0000000100000000)
  eden space 187392K, 100% used [0x00000000d5580000,0x00000000e0c80000,0x00000000e0c80000)
  from space 19456K, 84% used [0x00000000e0c80000,0x00000000e1c7f0c0,0x00000000e1f80000)
  to   space 21504K, 0% used [0x00000000e4800000,0x00000000e4800000,0x00000000e5d00000)
 ParOldGen       total 130560K, used 33926K [0x0000000080000000, 0x0000000087f80000, 0x00000000d5580000)
  object space 130560K, 25% used [0x0000000080000000,0x0000000082121bd0,0x0000000087f80000)
 Metaspace       used 67075K, capacity 69922K, committed 70036K, reserved 1110016K
  class space    used 9042K, capacity 9643K, committed 9660K, reserved 1048576K
Event: 34.415 GC heap after
Heap after GC invocations=17 (full 3):
 PSYoungGen      total 240640K, used 21480K [0x00000000d5580000, 0x00000000e6880000, 0x0000000100000000)
  eden space 219136K, 0% used [0x00000000d5580000,0x00000000d5580000,0x00000000e2b80000)
  from space 21504K, 99% used [0x00000000e4800000,0x00000000e5cfa130,0x00000000e5d00000)
  to   space 29184K, 0% used [0x00000000e2b80000,0x00000000e2b80000,0x00000000e4800000)
 ParOldGen       total 130560K, used 46762K [0x0000000080000000, 0x0000000087f80000, 0x00000000d5580000)
  object space 130560K, 35% used [0x0000000080000000,0x0000000082daabc0,0x0000000087f80000)
 Metaspace       used 67075K, capacity 69922K, committed 70036K, reserved 1110016K
  class space    used 9042K, capacity 9643K, committed 9660K, reserved 1048576K
}
Event: 60.588 GC heap before
{Heap before GC invocations=18 (full 3):
 PSYoungGen      total 240640K, used 240616K [0x00000000d5580000, 0x00000000e6880000, 0x0000000100000000)
  eden space 219136K, 100% used [0x00000000d5580000,0x00000000e2b80000,0x00000000e2b80000)
  from space 21504K, 99% used [0x00000000e4800000,0x00000000e5cfa130,0x00000000e5d00000)
  to   space 29184K, 0% used [0x00000000e2b80000,0x00000000e2b80000,0x00000000e4800000)
 ParOldGen       total 130560K, used 46762K [0x0000000080000000, 0x0000000087f80000, 0x00000000d5580000)
  object space 130560K, 35% used [0x0000000080000000,0x0000000082daabc0,0x0000000087f80000)
 Metaspace       used 74987K, capacity 78156K, committed 78356K, reserved 1118208K
  class space    used 9818K, capacity 10506K, committed 10556K, reserved 1048576K
Event: 60.661 GC heap after
Heap after GC invocations=18 (full 3):
 PSYoungGen      total 248320K, used 14062K [0x00000000d5580000, 0x00000000e8500000, 0x0000000100000000)
  eden space 219136K, 0% used [0x00000000d5580000,0x00000000d5580000,0x00000000e2b80000)
  from space 29184K, 48% used [0x00000000e2b80000,0x00000000e393b918,0x00000000e4800000)
  to   space 28160K, 0% used [0x00000000e6980000,0x00000000e6980000,0x00000000e8500000)
 ParOldGen       total 130560K, used 64517K [0x0000000080000000, 0x0000000087f80000, 0x00000000d5580000)
  object space 130560K, 49% used [0x0000000080000000,0x0000000083f01580,0x0000000087f80000)
 Metaspace       used 74987K, capacity 78156K, committed 78356K, reserved 1118208K
  class space    used 9818K, capacity 10506K, committed 10556K, reserved 1048576K
}
Event: 68.836 GC heap before
{Heap before GC invocations=19 (full 3):
 PSYoungGen      total 248320K, used 233198K [0x00000000d5580000, 0x00000000e8500000, 0x0000000100000000)
  eden space 219136K, 100% used [0x00000000d5580000,0x00000000e2b80000,0x00000000e2b80000)
  from space 29184K, 48% used [0x00000000e2b80000,0x00000000e393b918,0x00000000e4800000)
  to   space 28160K, 0% used [0x00000000e6980000,0x00000000e6980000,0x00000000e8500000)
 ParOldGen       total 130560K, used 64517K [0x0000000080000000, 0x0000000087f80000, 0x00000000d5580000)
  object space 130560K, 49% used [0x0000000080000000,0x0000000083f01580,0x0000000087f80000)
 Metaspace       used 81451K, capacity 84818K, committed 85012K, reserved 1122304K
  class space    used 10534K, capacity 11261K, committed 11324K, reserved 1048576K
Event: 68.878 GC heap after
Heap after GC invocations=19 (full 3):
 PSYoungGen      total 278528K, used 24845K [0x00000000d5580000, 0x00000000e8700000, 0x0000000100000000)
  eden space 250368K, 0% used [0x00000000d5580000,0x00000000d5580000,0x00000000e4a00000)
  from space 28160K, 88% used [0x00000000e6980000,0x00000000e81c3530,0x00000000e8500000)
  to   space 31232K, 0% used [0x00000000e4a00000,0x00000000e4a00000,0x00000000e6880000)
 ParOldGen       total 130560K, used 64525K [0x0000000080000000, 0x0000000087f80000, 0x00000000d5580000)
  object space 130560K, 49% used [0x0000000080000000,0x0000000083f03580,0x0000000087f80000)
 Metaspace       used 81451K, capacity 84818K, committed 85012K, reserved 1122304K
  class space    used 10534K, capacity 11261K, committed 11324K, reserved 1048576K
}
Event: 74.844 GC heap before
{Heap before GC invocations=20 (full 3):
 PSYoungGen      total 278528K, used 275213K [0x00000000d5580000, 0x00000000e8700000, 0x0000000100000000)
  eden space 250368K, 100% used [0x00000000d5580000,0x00000000e4a00000,0x00000000e4a00000)
  from space 28160K, 88% used [0x00000000e6980000,0x00000000e81c3530,0x00000000e8500000)
  to   space 31232K, 0% used [0x00000000e4a00000,0x00000000e4a00000,0x00000000e6880000)
 ParOldGen       total 130560K, used 64525K [0x0000000080000000, 0x0000000087f80000, 0x00000000d5580000)
  object space 130560K, 49% used [0x0000000080000000,0x0000000083f03580,0x0000000087f80000)
 Metaspace       used 89370K, capacity 93138K, committed 93332K, reserved 1130496K
  class space    used 11609K, capacity 12429K, committed 12476K, reserved 1048576K
Event: 74.996 GC heap after
Heap after GC invocations=20 (full 3):
 PSYoungGen      total 281600K, used 31229K [0x00000000d5580000, 0x00000000e8700000, 0x0000000100000000)
  eden space 250368K, 0% used [0x00000000d5580000,0x00000000d5580000,0x00000000e4a00000)
  from space 31232K, 99% used [0x00000000e4a00000,0x00000000e687f450,0x00000000e6880000)
  to   space 28160K, 0% used [0x00000000e6980000,0x00000000e6980000,0x00000000e8500000)
 ParOldGen       total 130560K, used 96762K [0x0000000080000000, 0x0000000087f80000, 0x00000000d5580000)
  object space 130560K, 74% used [0x0000000080000000,0x0000000085e7e810,0x0000000087f80000)
 Metaspace       used 89370K, capacity 93138K, committed 93332K, reserved 1130496K
  class space    used 11609K, capacity 12429K, committed 12476K, reserved 1048576K
}

Deoptimization events (10 events):
Event: 75.472 Thread 0x000000001deae000 Uncommon trap: reason=bimorphic action=maybe_recompile pc=0x000000000283647c method=java.util.stream.ReferencePipeline.forEachWithCancel(Ljava/util/Spliterator;Ljava/util/stream/Sink;)V @ 1
Event: 75.477 Thread 0x000000001deb2000 Uncommon trap: reason=unstable_if action=reinterpret pc=0x0000000002d597d0 method=java.util.concurrent.ConcurrentLinkedQueue.offer(Ljava/lang/Object;)Z @ 40
Event: 75.569 Thread 0x000000001dead000 Uncommon trap: reason=unstable_if action=reinterpret pc=0x0000000002d5b3b8 method=com.android.tools.r8.graph.g0.equals(Ljava/lang/Object;)Z @ 28
Event: 75.755 Thread 0x000000001deae000 Uncommon trap: reason=unstable_if action=reinterpret pc=0x00000000030f7e74 method=java.util.TreeMap.put(Ljava/lang/Object;Ljava/lang/Object;)Ljava/lang/Object; @ 163
Event: 75.755 Thread 0x000000001deae000 Uncommon trap: reason=unstable_if action=reinterpret pc=0x0000000004c185a8 method=java.util.TreeSet.add(Ljava/lang/Object;)Z @ 13
Event: 75.779 Thread 0x000000001deae000 Uncommon trap: reason=speculate_class_check action=maybe_recompile pc=0x0000000004e3ffd4 method=java.util.HashMap.putVal(ILjava/lang/Object;Ljava/lang/Object;ZZ)Ljava/lang/Object; @ 295
Event: 75.779 Thread 0x000000001deae000 Uncommon trap: reason=speculate_class_check action=maybe_recompile pc=0x0000000004e4004c method=java.util.HashMap.putVal(ILjava/lang/Object;Ljava/lang/Object;ZZ)Ljava/lang/Object; @ 253
Event: 75.799 Thread 0x000000001deae000 Uncommon trap: reason=unstable_if action=reinterpret pc=0x00000000047eaea0 method=com.android.tools.r8.ir.conversion.o.b(Lcom/android/tools/r8/r/n/z;)Z @ 11
Event: 75.802 Thread 0x000000001deae000 Uncommon trap: reason=unstable_if action=reinterpret pc=0x0000000004da5e18 method=com.android.tools.r8.v.a.a.a.f.X.a(ILjava/lang/Object;)Ljava/lang/Object; @ 66
Event: 76.024 Thread 0x000000001deba000 Uncommon trap: reason=unloaded action=reinterpret pc=0x0000000004eb04ac method=com.android.tools.r8.code.u1.a(Ljava/nio/ShortBuffer;IILcom/android/tools/r8/graph/I0;)[Lcom/android/tools/r8/code/t1; @ 3825

Classes redefined (0 events):
No events

Internal exceptions (10 events):
Event: 72.315 Thread 0x000000001e2a9800 Exception <a 'java/lang/NoSuchMethodError': java.lang.Object.newSystemTemporaryDirectory()Lcom/android/tools/build/apkzlib/bytestorage/TemporaryDirectory;> (0x00000000db605158) thrown at [C:\src\AOSP-openjdk-git\hotspot\src\share\vm\interpreter\linkResolv
Event: 72.647 Thread 0x000000001deac800 Implicit null exception at 0x0000000002feb6a8 to 0x0000000002febbcd
Event: 72.656 Thread 0x000000001deb2800 Exception <a 'java/lang/NoSuchMethodError': java.lang.Object.lambda$static$0(Ljava/lang/String;)Z> (0x00000000dc2f0ec0) thrown at [C:\src\AOSP-openjdk-git\hotspot\src\share\vm\interpreter\linkResolver.cpp, line 620]
Event: 72.863 Thread 0x000000001e2a2000 Exception <a 'java/lang/NoSuchMethodError': <clinit>> (0x00000000dcd70b68) thrown at [C:\src\AOSP-openjdk-git\hotspot\src\share\vm\prims\jni.cpp, line 1615]
Event: 73.137 Thread 0x000000001e29c800 Exception <a 'sun/nio/fs/WindowsException'> (0x00000000dd306130) thrown at [C:\src\AOSP-openjdk-git\hotspot\src\share\vm\prims\jni.cpp, line 710]
Event: 73.197 Thread 0x000000001e29c800 Exception <a 'java/lang/NoSuchMethodError': <clinit>> (0x00000000dd9590b8) thrown at [C:\src\AOSP-openjdk-git\hotspot\src\share\vm\prims\jni.cpp, line 1615]
Event: 73.423 Thread 0x000000001deae000 Exception <a 'sun/nio/fs/WindowsException'> (0x00000000de301bc8) thrown at [C:\src\AOSP-openjdk-git\hotspot\src\share\vm\prims\jni.cpp, line 710]
Event: 73.458 Thread 0x000000001e2a8000 Exception <a 'sun/nio/fs/WindowsException'> (0x00000000deab1d90) thrown at [C:\src\AOSP-openjdk-git\hotspot\src\share\vm\prims\jni.cpp, line 710]
Event: 74.714 Thread 0x000000001deae000 Exception <a 'java/lang/NoSuchMethodError': java.lang.Object.lambda$maxBy$1(Ljava/util/Comparator;Ljava/lang/Object;Ljava/lang/Object;)Ljava/lang/Object;> (0x00000000e40e9218) thrown at [C:\src\AOSP-openjdk-git\hotspot\src\share\vm\interpreter\linkResolve
Event: 75.373 Thread 0x000000001deac800 Implicit null exception at 0x0000000002f0ad2f to 0x0000000002f0ae21

Events (10 events):
Event: 75.802 Thread 0x000000001deae000 DEOPT UNPACKING pc=0x00000000023d557b sp=0x0000000026b9d218 mode 2
Event: 75.802 loading class com/android/tools/r8/ir/conversion/o0
Event: 75.802 loading class com/android/tools/r8/ir/conversion/o0 done
Event: 75.808 loading class com/android/tools/r8/ir/optimize/c0
Event: 75.808 loading class com/android/tools/r8/ir/optimize/c0 done
Event: 75.810 Executing VM operation: ForceSafepoint
Event: 75.819 Executing VM operation: ForceSafepoint done
Event: 76.024 Thread 0x000000001deba000 Uncommon trap: trap_request=0x000002ad fr.pc=0x0000000004eb04ac
Event: 76.024 Thread 0x000000001deba000 DEOPT PACKING pc=0x0000000004eb04ac sp=0x000000002799e970
Event: 76.024 Thread 0x000000001deba000 DEOPT UNPACKING pc=0x00000000023d557b sp=0x000000002799e948 mode 2


Dynamic libraries:
0x00007ff7d10e0000 - 0x00007ff7d1111000 	C:\Program Files\Android\Android Studio\jre\bin\java.exe
0x00007ff8e8520000 - 0x00007ff8e8710000 	C:\WINDOWS\SYSTEM32\ntdll.dll
0x00007ff8b8a20000 - 0x00007ff8b8a32000 	C:\Program Files\AVAST Software\Avast\aswhook.dll
0x00007ff8e81b0000 - 0x00007ff8e8262000 	C:\WINDOWS\System32\KERNEL32.DLL
0x00007ff8e6120000 - 0x00007ff8e63c5000 	C:\WINDOWS\System32\KERNELBASE.dll
0x00007ff8e6f40000 - 0x00007ff8e6fe3000 	C:\WINDOWS\System32\ADVAPI32.dll
0x00007ff8e8110000 - 0x00007ff8e81ae000 	C:\WINDOWS\System32\msvcrt.dll
0x00007ff8e7570000 - 0x00007ff8e7607000 	C:\WINDOWS\System32\sechost.dll
0x00007ff8e83c0000 - 0x00007ff8e84e0000 	C:\WINDOWS\System32\RPCRT4.dll
0x00007ff8e6da0000 - 0x00007ff8e6f35000 	C:\WINDOWS\System32\USER32.dll
0x00007ff8e5970000 - 0x00007ff8e5991000 	C:\WINDOWS\System32\win32u.dll
0x00007ff8e74e0000 - 0x00007ff8e7506000 	C:\WINDOWS\System32\GDI32.dll
0x00007ff8e63d0000 - 0x00007ff8e6566000 	C:\WINDOWS\System32\gdi32full.dll
0x00007ff8e58d0000 - 0x00007ff8e596e000 	C:\WINDOWS\System32\msvcp_win.dll
0x00007ff8e57d0000 - 0x00007ff8e58ca000 	C:\WINDOWS\System32\ucrtbase.dll
0x00007ff8d4890000 - 0x00007ff8d4b14000 	C:\WINDOWS\WinSxS\amd64_microsoft.windows.common-controls_6595b64144ccf1df_6.0.18362.1082_none_9e8193e1e45b25c1\COMCTL32.dll
0x00007ff8e71a0000 - 0x00007ff8e74d5000 	C:\WINDOWS\System32\combase.dll
0x00007ff8e5630000 - 0x00007ff8e56b0000 	C:\WINDOWS\System32\bcryptPrimitives.dll
0x00007ff8e7b40000 - 0x00007ff8e7b6e000 	C:\WINDOWS\System32\IMM32.DLL
0x000000005b420000 - 0x000000005b4f2000 	C:\Program Files\Android\Android Studio\jre\jre\bin\msvcr100.dll
0x000000005a8c0000 - 0x000000005b10b000 	C:\Program Files\Android\Android Studio\jre\jre\bin\server\jvm.dll
0x00007ff8e65d0000 - 0x00007ff8e65d8000 	C:\WINDOWS\System32\PSAPI.DLL
0x00007ff8d4d80000 - 0x00007ff8d4d89000 	C:\WINDOWS\SYSTEM32\WSOCK32.dll
0x00007ff8e7610000 - 0x00007ff8e767f000 	C:\WINDOWS\System32\WS2_32.dll
0x00007ff8e3920000 - 0x00007ff8e3944000 	C:\WINDOWS\SYSTEM32\WINMM.dll
0x00007ff8db130000 - 0x00007ff8db13a000 	C:\WINDOWS\SYSTEM32\VERSION.dll
0x00007ff8e36d0000 - 0x00007ff8e36fd000 	C:\WINDOWS\SYSTEM32\WINMMBASE.dll
0x00007ff8e56b0000 - 0x00007ff8e56fa000 	C:\WINDOWS\System32\cfgmgr32.dll
0x00007ff8dd8d0000 - 0x00007ff8dd8df000 	C:\Program Files\Android\Android Studio\jre\jre\bin\verify.dll
0x00007ff8cf390000 - 0x00007ff8cf3b9000 	C:\Program Files\Android\Android Studio\jre\jre\bin\java.dll
0x00007ff8cf370000 - 0x00007ff8cf386000 	C:\Program Files\Android\Android Studio\jre\jre\bin\zip.dll
0x00007ff8e66b0000 - 0x00007ff8e6d97000 	C:\WINDOWS\System32\SHELL32.dll
0x00007ff8e7fe0000 - 0x00007ff8e8089000 	C:\WINDOWS\System32\shcore.dll
0x00007ff8e59a0000 - 0x00007ff8e6120000 	C:\WINDOWS\System32\windows.storage.dll
0x00007ff8e5460000 - 0x00007ff8e5483000 	C:\WINDOWS\System32\profapi.dll
0x00007ff8e5410000 - 0x00007ff8e545a000 	C:\WINDOWS\System32\powrprof.dll
0x00007ff8e53e0000 - 0x00007ff8e53f0000 	C:\WINDOWS\System32\UMPDC.dll
0x00007ff8e7ae0000 - 0x00007ff8e7b32000 	C:\WINDOWS\System32\shlwapi.dll
0x00007ff8e53f0000 - 0x00007ff8e5401000 	C:\WINDOWS\System32\kernel.appcore.dll
0x00007ff8e57b0000 - 0x00007ff8e57c7000 	C:\WINDOWS\System32\cryptsp.dll
0x00007ff8cf350000 - 0x00007ff8cf36a000 	C:\Program Files\Android\Android Studio\jre\jre\bin\net.dll
0x00007ff8e4c30000 - 0x00007ff8e4c97000 	C:\WINDOWS\system32\mswsock.dll
0x00007ff8cf330000 - 0x00007ff8cf343000 	C:\Program Files\Android\Android Studio\jre\jre\bin\nio.dll
0x00007ff8cf410000 - 0x00007ff8cf436000 	C:\Users\user\.gradle\native\31\windows-amd64\native-platform.dll
0x00007ff8da690000 - 0x00007ff8da69d000 	C:\Program Files\Android\Android Studio\jre\jre\bin\management.dll
0x00007ff8e47a0000 - 0x00007ff8e47d3000 	C:\WINDOWS\system32\rsaenh.dll
0x00007ff8e5600000 - 0x00007ff8e5626000 	C:\WINDOWS\System32\bcrypt.dll
0x00007ff8e5300000 - 0x00007ff8e5325000 	C:\WINDOWS\SYSTEM32\USERENV.dll
0x00007ff8e4e00000 - 0x00007ff8e4e0c000 	C:\WINDOWS\SYSTEM32\CRYPTBASE.dll
0x00007ff8e4940000 - 0x00007ff8e497a000 	C:\WINDOWS\SYSTEM32\IPHLPAPI.DLL
0x00007ff8e76e0000 - 0x00007ff8e76e8000 	C:\WINDOWS\System32\NSI.dll
0x00007ff8db5c0000 - 0x00007ff8db5d6000 	C:\WINDOWS\SYSTEM32\dhcpcsvc6.DLL
0x00007ff8db520000 - 0x00007ff8db53c000 	C:\WINDOWS\SYSTEM32\dhcpcsvc.DLL
0x00007ff8e4980000 - 0x00007ff8e4a4b000 	C:\WINDOWS\SYSTEM32\DNSAPI.dll
0x00007ff8acbb0000 - 0x00007ff8acd4c000 	C:\Program Files\Android\Android Studio\jre\jre\bin\awt.dll
0x00007ff8e65e0000 - 0x00007ff8e66a5000 	C:\WINDOWS\System32\OLEAUT32.dll
0x00007ff8e3950000 - 0x00007ff8e397d000 	C:\WINDOWS\SYSTEM32\dwmapi.dll
0x00007ff8e17a0000 - 0x00007ff8e1d60000 	C:\WINDOWS\SYSTEM32\d2d1.dll
0x00007ff8e2de0000 - 0x00007ff8e2e6f000 	C:\WINDOWS\SYSTEM32\apphelp.dll
0x00007ff8e3980000 - 0x00007ff8e3a19000 	C:\WINDOWS\system32\uxtheme.dll

VM Arguments:
jvm_args: -Xmx2048m -Dfile.encoding=windows-1252 -Duser.country=US -Duser.language=en -Duser.variant 
java_command: org.gradle.launcher.daemon.bootstrap.GradleDaemon 6.1.1
java_class_path (initial): C:\Users\user\.gradle\wrapper\dists\gradle-6.1.1-all\cfmwm155h49vnt3hynmlrsdst\gradle-6.1.1\lib\gradle-launcher-6.1.1.jar
Launcher Type: SUN_STANDARD

Environment Variables:
PATH=C:\Python\Python38-32\Scripts\;C:\Python\Python38-32\;C:\Program Files (x86)\Borland\Delphi7\Bin;C:\Program Files (x86)\Borland\Delphi7\Projects\Bpl\;C:\Program Files (x86)\Common Files\Oracle\Java\javapath;C:\Program Files (x86)\Intel\iCLS Client\;C:\Program Files\Intel\iCLS Client\;C:\WINDOWS\system32;C:\WINDOWS;C:\WINDOWS\System32\Wbem;C:\WINDOWS\System32\WindowsPowerShell\v1.0\;C:\Program Files\Intel\Intel(R) Management Engine Components\DAL;C:\Program Files\Intel\Intel(R) Management Engine Components\IPT;C:\Program Files (x86)\Intel\Intel(R) Management Engine Components\DAL;C:\Program Files (x86)\Intel\Intel(R) Management Engine Components\IPT;C:\Program Files (x86)\Intel\OpenCL SDK\2.0\bin\x86;C:\Program Files (x86)\Intel\OpenCL SDK\2.0\bin\x64;C:\Program Files\ThinkPad\Bluetooth Software\;C:\Program Files\ThinkPad\Bluetooth Software\syswow64;C:\ProgramData\Lenovo\ReadyApps;C:\Program Files\Lenovo\Fingerprint Manager Pro\;C:\Program Files (x86)\AOMEI Backupper;C:\WINDOWS\System32\OpenSSH\;C:\Program Files\Intel\WiFi\bin\;C:\Program Files\Common Files\Intel\WirelessCommon\;C:\Program Files\PuTTY\;C:\Program Files\Git\cmd;C:\Users\user\AppData\Local\Microsoft\WindowsApps;C:\Users\user\AppData\Local\Programs\Microsoft VS Code\bin;C:\Program Files\heroku\bin
USERNAME=user
OS=Windows_NT
PROCESSOR_IDENTIFIER=Intel64 Family 6 Model 69 Stepping 1, GenuineIntel



---------------  S Y S T E M  ---------------

OS: Windows 10.0 , 64 bit Build 18362 (10.0.18362.1082)

CPU:total 4 (initial active 4) (2 cores per cpu, 2 threads per core) family 6 model 69 stepping 1, cmov, cx8, fxsr, mmx, sse, sse2, sse3, ssse3, sse4.1, sse4.2, popcnt, avx, avx2, aes, clmul, erms, lzcnt, ht, tsc, tscinvbit, bmi1, bmi2

Memory: 4k page, physical 8265520k(451208k free), swap 19488040k(5732k free)

vm_info: OpenJDK 64-Bit Server VM (25.242-b01) for windows-amd64 JRE (1.8.0_242-release-1644-b01), built by "builder" with MS VC++ 10.0 (VS2010)

time: Sun Oct 11 16:45:17 2020
timezone: SE Asia Standard Time
elapsed time: 76 seconds (0d 0h 1m 16s)

