#
# There is insufficient memory for the Java Runtime Environment to continue.
# Native memory allocation (malloc) failed to allocate 2376208 bytes for Chunk::new
# Possible reasons:
#   The system is out of physical RAM or swap space
#   The process is running with CompressedOops enabled, and the Java Heap may be blocking the growth of the native heap
# Possible solutions:
#   Reduce memory load on the system
#   Increase physical memory or swap space
#   Check if swap backing store is full
#   Decrease Java heap size (-Xmx/-Xms)
#   Decrease number of Java threads
#   Decrease Java thread stack sizes (-Xss)
#   Set larger code cache with -XX:ReservedCodeCacheSize=
#   JVM is running with Unscaled Compressed Oops mode in which the Java heap is
#     placed in the first 4GB address space. The Java Heap base address is the
#     maximum limit for the native heap growth. Please use -XX:HeapBaseMinAddress
#     to set the Java Heap base and to place the Java Heap above 4GB virtual address.
# This output file may be truncated or incomplete.
#
#  Out of Memory Error (allocation.cpp:389), pid=21864, tid=0x0000000000000694
#
# JRE version: OpenJDK Runtime Environment (8.0_242-b01) (build 1.8.0_242-release-1644-b01)
# Java VM: OpenJDK 64-Bit Server VM (25.242-b01 mixed mode windows-amd64 compressed oops)
# Failed to write core dump. Minidumps are not enabled by default on client versions of Windows
#

---------------  T H R E A D  ---------------

Current thread (0x00000000176e6000):  JavaThread "C2 CompilerThread0" daemon [_thread_in_native, id=1684, stack(0x0000000018d30000,0x0000000018e30000)]

Stack: [0x0000000018d30000,0x0000000018e30000]
[error occurred during error reporting (printing stack bounds), id 0xc0000005]

Native frames: (J=compiled Java code, j=interpreted, Vv=VM code, C=native code)


Current CompileTask:
C2:  72268 16856 %     4       com.android.tools.r8.B.a.a.f::a @ 1823 (3630 bytes)


---------------  P R O C E S S  ---------------

Java Threads: ( => current thread )
  0x0000000020454800 JavaThread "WorkerExecutor Queue Thread 8" [_thread_blocked, id=18880, stack(0x00000000297f0000,0x00000000298f0000)]
  0x0000000020457000 JavaThread "WorkerExecutor Queue Thread 6" [_thread_blocked, id=7360, stack(0x00000000295f0000,0x00000000296f0000)]
  0x0000000020454000 JavaThread "ForkJoinPool.commonPool-worker-3" daemon [_thread_blocked, id=22252, stack(0x00000000294f0000,0x00000000295f0000)]
  0x0000000020456000 JavaThread "ForkJoinPool.commonPool-worker-2" daemon [_thread_blocked, id=21744, stack(0x00000000293f0000,0x00000000294f0000)]
  0x000000001ecac000 JavaThread "WorkerExecutor Queue Thread 5" [_thread_blocked, id=23412, stack(0x0000000028ff0000,0x00000000290f0000)]
  0x0000000022807800 JavaThread "Cache worker for Java compile cache (D:\ProjectVersion1\.gradle\6.1.1\javaCompile)" [_thread_blocked, id=8480, stack(0x0000000027060000,0x0000000027160000)]
  0x0000000022809000 JavaThread "Cache worker for Java compile cache (C:\Users\user\.gradle\caches\6.1.1\javaCompile)" [_thread_blocked, id=3380, stack(0x0000000026560000,0x0000000026660000)]
  0x0000000022805000 JavaThread "stdout" [_thread_in_native, id=14616, stack(0x0000000028af0000,0x0000000028bf0000)]
  0x0000000022804800 JavaThread "stderr" [_thread_in_native, id=25396, stack(0x00000000289f0000,0x0000000028af0000)]
  0x0000000022806000 JavaThread "stdout" [_thread_in_native, id=26220, stack(0x00000000288f0000,0x00000000289f0000)]
  0x0000000022806800 JavaThread "stderr" [_thread_in_native, id=24464, stack(0x00000000287f0000,0x00000000288f0000)]
  0x0000000022808000 JavaThread "stdout" [_thread_in_native, id=28652, stack(0x00000000286f0000,0x00000000287f0000)]
  0x0000000019245800 JavaThread "stderr" [_thread_in_native, id=21548, stack(0x00000000285f0000,0x00000000286f0000)]
  0x000000001a760800 JavaThread "stdout" [_thread_in_native, id=25916, stack(0x00000000284f0000,0x00000000285f0000)]
  0x000000001eca8800 JavaThread "stderr" [_thread_in_native, id=27084, stack(0x00000000283f0000,0x00000000284f0000)]
  0x000000001eca0000 JavaThread "pool-4-thread-1" [_thread_blocked, id=1712, stack(0x0000000026d60000,0x0000000026e60000)]
  0x000000001ecaf000 JavaThread "MarlinRenderer Disposer" daemon [_thread_blocked, id=24640, stack(0x0000000026c60000,0x0000000026d60000)]
  0x000000001eca9000 JavaThread "Java2D Disposer" daemon [_thread_blocked, id=30128, stack(0x0000000026b60000,0x0000000026c60000)]
  0x000000001ecaa800 JavaThread "WorkerExecutor Queue Thread 2" [_thread_in_Java, id=7188, stack(0x0000000026660000,0x0000000026760000)]
  0x000000001eca1000 JavaThread "Cache worker for execution history cache (D:\ProjectVersion1\.gradle\6.1.1\executionHistory)" [_thread_blocked, id=9224, stack(0x0000000025f40000,0x0000000026040000)]
  0x000000001eca4000 JavaThread "Execution worker for ':' Thread 3" [_thread_blocked, id=26436, stack(0x0000000026260000,0x0000000026360000)]
  0x000000001eca2800 JavaThread "Execution worker for ':' Thread 2" [_thread_blocked, id=29420, stack(0x0000000026160000,0x0000000026260000)]
  0x000000001eca3000 JavaThread "Execution worker for ':'" [_thread_blocked, id=27708, stack(0x0000000026060000,0x0000000026160000)]
  0x000000001eca6000 JavaThread "Cache worker for file content cache (D:\ProjectVersion1\.gradle\6.1.1\fileContent)" [_thread_blocked, id=26748, stack(0x0000000025e40000,0x0000000025f40000)]
  0x000000001eca1800 JavaThread "Cache worker for file content cache (C:\Users\user\.gradle\caches\6.1.1\fileContent)" [_thread_blocked, id=30344, stack(0x0000000025d40000,0x0000000025e40000)]
  0x000000001a761800 JavaThread "Memory manager" [_thread_blocked, id=28892, stack(0x0000000025c40000,0x0000000025d40000)]
  0x000000001a763000 JavaThread "Cache worker for Build Output Cleanup Cache (D:\ProjectVersion1\.gradle\buildOutputCleanup)" [_thread_blocked, id=25360, stack(0x0000000025810000,0x0000000025910000)]
  0x000000001a766000 JavaThread "Build operations Thread 4" [_thread_blocked, id=28160, stack(0x0000000025b40000,0x0000000025c40000)]
  0x000000001a763800 JavaThread "Build operations Thread 3" [_thread_blocked, id=23128, stack(0x0000000025a40000,0x0000000025b40000)]
  0x000000001924d800 JavaThread "Build operations Thread 2" [_thread_blocked, id=21848, stack(0x0000000025940000,0x0000000025a40000)]
  0x000000001924d000 JavaThread "Build operations" [_thread_blocked, id=8136, stack(0x0000000023c30000,0x0000000023d30000)]
  0x000000001924c000 JavaThread "Cache worker for cache directory md-rule (C:\Users\user\.gradle\caches\6.1.1\md-rule)" [_thread_blocked, id=928, stack(0x0000000023530000,0x0000000023630000)]
  0x000000001924e800 JavaThread "Cache worker for cache directory md-supplier (C:\Users\user\.gradle\caches\6.1.1\md-supplier)" [_thread_blocked, id=24632, stack(0x0000000020180000,0x0000000020280000)]
  0x000000001924b800 JavaThread "Cache worker for file hash cache (D:\ProjectVersion1\.gradle\6.1.1\fileHashes)" [_thread_blocked, id=9236, stack(0x000000001ff80000,0x0000000020080000)]
  0x0000000019244000 JavaThread "Cache worker for checksums cache (D:\ProjectVersion1\.gradle\checksums)" [_thread_blocked, id=9684, stack(0x000000001fc50000,0x000000001fd50000)]
  0x000000001924a000 JavaThread "Thread-26" [_thread_blocked, id=5640, stack(0x000000001f750000,0x000000001f850000)]
  0x0000000019240000 JavaThread "Stdin handler" [_thread_blocked, id=24524, stack(0x000000001f650000,0x000000001f750000)]
  0x0000000019247000 JavaThread "Asynchronous log dispatcher for DefaultDaemonConnection: socket connection from /127.0.0.1:54727 to /127.0.0.1:54734" [_thread_in_Java, id=22956, stack(0x000000001cfb0000,0x000000001d0b0000)]
  0x0000000019246000 JavaThread "Cancel handler" [_thread_blocked, id=17704, stack(0x000000001cbb0000,0x000000001ccb0000)]
  0x000000001923f800 JavaThread "Handler for socket connection from /127.0.0.1:54727 to /127.0.0.1:54734" [_thread_in_native, id=17716, stack(0x000000001c8b0000,0x000000001c9b0000)]
  0x000000001a764800 JavaThread "Cache worker for execution history cache (C:\Users\user\.gradle\caches\6.1.1\executionHistory)" [_thread_blocked, id=2068, stack(0x0000000020080000,0x0000000020180000)]
  0x000000001a765000 JavaThread "Cache worker for file hash cache (C:\Users\user\.gradle\caches\6.1.1\fileHashes)" [_thread_blocked, id=13120, stack(0x000000001d4b0000,0x000000001d5b0000)]
  0x000000001a767800 JavaThread "File lock request listener" [_thread_in_native, id=22844, stack(0x000000001d3b0000,0x000000001d4b0000)]
  0x0000000019e08800 JavaThread "Cache worker for journal cache (C:\Users\user\.gradle\caches\journal-1)" [_thread_blocked, id=26980, stack(0x000000001d2b0000,0x000000001d3b0000)]
  0x000000001a695800 JavaThread "Daemon worker" [_thread_blocked, id=29732, stack(0x000000001ccb0000,0x000000001cdb0000)]
  0x000000001a741000 JavaThread "Daemon" [_thread_blocked, id=12544, stack(0x000000001c7b0000,0x000000001c8b0000)]
  0x0000000019f75000 JavaThread "Daemon periodic checks" [_thread_blocked, id=11512, stack(0x000000001c6b0000,0x000000001c7b0000)]
  0x0000000019d53000 JavaThread "Incoming local TCP Connector on port 54727" [_thread_in_native, id=22148, stack(0x0000000019730000,0x0000000019830000)]
  0x00000000193d6800 JavaThread "Daemon health stats" [_thread_blocked, id=22584, stack(0x0000000019630000,0x0000000019730000)]
  0x000000001905a800 JavaThread "Service Thread" daemon [_thread_blocked, id=29116, stack(0x0000000019430000,0x0000000019530000)]
  0x0000000017705800 JavaThread "C1 CompilerThread2" daemon [_thread_blocked, id=25436, stack(0x0000000018f30000,0x0000000019030000)]
  0x00000000176f2800 JavaThread "C2 CompilerThread1" daemon [_thread_in_vm, id=23784, stack(0x0000000018e30000,0x0000000018f30000)]
=>0x00000000176e6000 JavaThread "C2 CompilerThread0" daemon [_thread_in_native, id=1684, stack(0x0000000018d30000,0x0000000018e30000)]
  0x00000000176e4000 JavaThread "Attach Listener" daemon [_thread_blocked, id=28292, stack(0x0000000018c30000,0x0000000018d30000)]
  0x00000000176e1000 JavaThread "Signal Dispatcher" daemon [_thread_blocked, id=29060, stack(0x0000000018b30000,0x0000000018c30000)]
  0x0000000002abb800 JavaThread "Finalizer" daemon [_thread_blocked, id=29416, stack(0x0000000018930000,0x0000000018a30000)]
  0x00000000176c9000 JavaThread "Reference Handler" daemon [_thread_blocked, id=17592, stack(0x0000000018830000,0x0000000018930000)]
  0x00000000029c2800 JavaThread "main" [_thread_blocked, id=24880, stack(0x00000000028c0000,0x00000000029c0000)]

Other Threads:
  0x00000000176a7000 VMThread [stack: 0x0000000018730000,0x0000000018830000] [id=23632]
  0x000000001905b800 WatcherThread [stack: 0x0000000019530000,0x0000000019630000] [id=30360]

VM state:not at safepoint (normal execution)

VM Mutex/Monitor currently owned by a thread:  ([mutex/lock_event])
[0x00000000027f8b10] CodeCache_lock - owner thread: 0x00000000176f2800

heap address: 0x0000000080000000, size: 2048 MB, Compressed Oops mode: 32-bit
Narrow klass base: 0x0000000000000000, Narrow klass shift: 3
Compressed class space size: 1073741824 Address: 0x0000000100000000

Heap:
 PSYoungGen      total 243712K, used 25790K [0x00000000d5580000, 0x00000000e6280000, 0x0000000100000000)
  eden space 215552K, 0% used [0x00000000d5580000,0x00000000d56fed28,0x00000000e2800000)
  from space 28160K, 86% used [0x00000000e2800000,0x00000000e3fb0ae0,0x00000000e4380000)
  to   space 24064K, 0% used [0x00000000e4380000,0x00000000e4380000,0x00000000e5b00000)
 ParOldGen       total 131584K, used 81319K [0x0000000080000000, 0x0000000088080000, 0x00000000d5580000)
  object space 131584K, 61% used [0x0000000080000000,0x0000000084f69e18,0x0000000088080000)
 Metaspace       used 103227K, capacity 107900K, committed 108184K, reserved 1142784K
  class space    used 13390K, capacity 14374K, committed 14488K, reserved 1048576K

Card table byte_map: [0x0000000011e80000,0x0000000012290000] byte_map_base: 0x0000000011a80000

Marking Bits: (ParMarkBitMap*) 0x000000005b08f030
 Begin Bits: [0x0000000012940000, 0x0000000014940000)
 End Bits:   [0x0000000014940000, 0x0000000016940000)

Polling page: 0x00000000009f0000

CodeCache: size=245760Kb used=50069Kb max_used=51701Kb free=195690Kb
 bounds [0x0000000002ac0000, 0x0000000005d80000, 0x0000000011ac0000]
 total_blobs=15469 nmethods=14457 adapters=923
 compilation: enabled

Compilation events (10 events):
Event: 71.988 Thread 0x0000000017705800 17202       2       com.android.tools.r8.dex.P$k::addField (11 bytes)
Event: 71.988 Thread 0x0000000017705800 nmethod 17202 0x0000000005123cd0 code [0x0000000005123e40, 0x0000000005123fc8]
Event: 71.988 Thread 0x0000000017705800 17204       2       com.android.tools.r8.dex.P$k::addString (11 bytes)
Event: 71.988 Thread 0x0000000017705800 nmethod 17204 0x000000000519a9d0 code [0x000000000519ab40, 0x000000000519acc8]
Event: 71.989 Thread 0x0000000017705800 17205       1       com.android.tools.r8.code.t1::u (2 bytes)
Event: 71.989 Thread 0x0000000017705800 nmethod 17205 0x0000000005194150 code [0x00000000051942a0, 0x00000000051943b0]
Event: 71.989 Thread 0x0000000017705800 17206       1       com.android.tools.r8.code.t1::v (2 bytes)
Event: 71.989 Thread 0x0000000017705800 nmethod 17206 0x000000000542c090 code [0x000000000542c1e0, 0x000000000542c2f0]
Event: 71.989 Thread 0x0000000017705800 17207       2       com.android.tools.r8.graph.V::collectIndexedItems (8 bytes)
Event: 71.989 Thread 0x0000000017705800 nmethod 17207 0x000000000519a650 code [0x000000000519a7c0, 0x000000000519a948]

GC Heap History (10 events):
Event: 46.280 GC heap after
Heap after GC invocations=22 (full 3):
 PSYoungGen      total 181248K, used 18938K [0x00000000d5580000, 0x00000000e3a80000, 0x0000000100000000)
  eden space 162304K, 0% used [0x00000000d5580000,0x00000000d5580000,0x00000000df400000)
  from space 18944K, 99% used [0x00000000df400000,0x00000000e067eb78,0x00000000e0680000)
  to   space 23040K, 0% used [0x00000000e2400000,0x00000000e2400000,0x00000000e3a80000)
 ParOldGen       total 131584K, used 46917K [0x0000000080000000, 0x0000000088080000, 0x00000000d5580000)
  object space 131584K, 35% used [0x0000000080000000,0x0000000082dd1698,0x0000000088080000)
 Metaspace       used 79434K, capacity 82942K, committed 83096K, reserved 1120256K
  class space    used 10533K, capacity 11327K, committed 11416K, reserved 1048576K
}
Event: 51.416 GC heap before
{Heap before GC invocations=23 (full 3):
 PSYoungGen      total 181248K, used 181242K [0x00000000d5580000, 0x00000000e3a80000, 0x0000000100000000)
  eden space 162304K, 100% used [0x00000000d5580000,0x00000000df400000,0x00000000df400000)
  from space 18944K, 99% used [0x00000000df400000,0x00000000e067eb78,0x00000000e0680000)
  to   space 23040K, 0% used [0x00000000e2400000,0x00000000e2400000,0x00000000e3a80000)
 ParOldGen       total 131584K, used 46917K [0x0000000080000000, 0x0000000088080000, 0x00000000d5580000)
  object space 131584K, 35% used [0x0000000080000000,0x0000000082dd1698,0x0000000088080000)
 Metaspace       used 83682K, capacity 87356K, committed 87576K, reserved 1124352K
  class space    used 10970K, capacity 11770K, committed 11800K, reserved 1048576K
Event: 51.737 GC heap after
Heap after GC invocations=23 (full 3):
 PSYoungGen      total 208896K, used 20043K [0x00000000d5580000, 0x00000000e4680000, 0x0000000100000000)
  eden space 185856K, 0% used [0x00000000d5580000,0x00000000d5580000,0x00000000e0b00000)
  from space 23040K, 86% used [0x00000000e2400000,0x00000000e3792db0,0x00000000e3a80000)
  to   space 25600K, 0% used [0x00000000e0b00000,0x00000000e0b00000,0x00000000e2400000)
 ParOldGen       total 131584K, used 65628K [0x0000000080000000, 0x0000000088080000, 0x00000000d5580000)
  object space 131584K, 49% used [0x0000000080000000,0x0000000084017110,0x0000000088080000)
 Metaspace       used 83682K, capacity 87356K, committed 87576K, reserved 1124352K
  class space    used 10970K, capacity 11770K, committed 11800K, reserved 1048576K
}
Event: 60.424 GC heap before
{Heap before GC invocations=24 (full 3):
 PSYoungGen      total 208896K, used 205899K [0x00000000d5580000, 0x00000000e4680000, 0x0000000100000000)
  eden space 185856K, 100% used [0x00000000d5580000,0x00000000e0b00000,0x00000000e0b00000)
  from space 23040K, 86% used [0x00000000e2400000,0x00000000e3792db0,0x00000000e3a80000)
  to   space 25600K, 0% used [0x00000000e0b00000,0x00000000e0b00000,0x00000000e2400000)
 ParOldGen       total 131584K, used 65628K [0x0000000080000000, 0x0000000088080000, 0x00000000d5580000)
  object space 131584K, 49% used [0x0000000080000000,0x0000000084017110,0x0000000088080000)
 Metaspace       used 87952K, capacity 91710K, committed 91928K, reserved 1128448K
  class space    used 11472K, capacity 12281K, committed 12312K, reserved 1048576K
Event: 60.449 GC heap after
Heap after GC invocations=24 (full 3):
 PSYoungGen      total 211456K, used 10352K [0x00000000d5580000, 0x00000000e5b00000, 0x0000000100000000)
  eden space 185856K, 0% used [0x00000000d5580000,0x00000000d5580000,0x00000000e0b00000)
  from space 25600K, 40% used [0x00000000e0b00000,0x00000000e151c328,0x00000000e2400000)
  to   space 24064K, 0% used [0x00000000e4380000,0x00000000e4380000,0x00000000e5b00000)
 ParOldGen       total 131584K, used 67052K [0x0000000080000000, 0x0000000088080000, 0x00000000d5580000)
  object space 131584K, 50% used [0x0000000080000000,0x000000008417b308,0x0000000088080000)
 Metaspace       used 87952K, capacity 91710K, committed 91928K, reserved 1128448K
  class space    used 11472K, capacity 12281K, committed 12312K, reserved 1048576K
}
Event: 63.717 GC heap before
{Heap before GC invocations=25 (full 3):
 PSYoungGen      total 211456K, used 155998K [0x00000000d5580000, 0x00000000e5b00000, 0x0000000100000000)
  eden space 185856K, 78% used [0x00000000d5580000,0x00000000de3bb7c8,0x00000000e0b00000)
  from space 25600K, 40% used [0x00000000e0b00000,0x00000000e151c328,0x00000000e2400000)
  to   space 24064K, 0% used [0x00000000e4380000,0x00000000e4380000,0x00000000e5b00000)
 ParOldGen       total 131584K, used 67052K [0x0000000080000000, 0x0000000088080000, 0x00000000d5580000)
  object space 131584K, 50% used [0x0000000080000000,0x000000008417b308,0x0000000088080000)
 Metaspace       used 94511K, capacity 98436K, committed 98600K, reserved 1134592K
  class space    used 12226K, capacity 13094K, committed 13208K, reserved 1048576K
Event: 63.782 GC heap after
Heap after GC invocations=25 (full 3):
 PSYoungGen      total 239616K, used 24063K [0x00000000d5580000, 0x00000000e6280000, 0x0000000100000000)
  eden space 215552K, 0% used [0x00000000d5580000,0x00000000d5580000,0x00000000e2800000)
  from space 24064K, 99% used [0x00000000e4380000,0x00000000e5affe48,0x00000000e5b00000)
  to   space 28160K, 0% used [0x00000000e2800000,0x00000000e2800000,0x00000000e4380000)
 ParOldGen       total 131584K, used 68727K [0x0000000080000000, 0x0000000088080000, 0x00000000d5580000)
  object space 131584K, 52% used [0x0000000080000000,0x000000008431ddd0,0x0000000088080000)
 Metaspace       used 94511K, capacity 98436K, committed 98600K, reserved 1134592K
  class space    used 12226K, capacity 13094K, committed 13208K, reserved 1048576K
}
Event: 63.782 GC heap before
{Heap before GC invocations=26 (full 4):
 PSYoungGen      total 239616K, used 24063K [0x00000000d5580000, 0x00000000e6280000, 0x0000000100000000)
  eden space 215552K, 0% used [0x00000000d5580000,0x00000000d5580000,0x00000000e2800000)
  from space 24064K, 99% used [0x00000000e4380000,0x00000000e5affe48,0x00000000e5b00000)
  to   space 28160K, 0% used [0x00000000e2800000,0x00000000e2800000,0x00000000e4380000)
 ParOldGen       total 131584K, used 68727K [0x0000000080000000, 0x0000000088080000, 0x00000000d5580000)
  object space 131584K, 52% used [0x0000000080000000,0x000000008431ddd0,0x0000000088080000)
 Metaspace       used 94511K, capacity 98436K, committed 98600K, reserved 1134592K
  class space    used 12226K, capacity 13094K, committed 13208K, reserved 1048576K
Event: 64.962 GC heap after
Heap after GC invocations=26 (full 4):
 PSYoungGen      total 239616K, used 0K [0x00000000d5580000, 0x00000000e6280000, 0x0000000100000000)
  eden space 215552K, 0% used [0x00000000d5580000,0x00000000d5580000,0x00000000e2800000)
  from space 24064K, 0% used [0x00000000e4380000,0x00000000e4380000,0x00000000e5b00000)
  to   space 28160K, 0% used [0x00000000e2800000,0x00000000e2800000,0x00000000e4380000)
 ParOldGen       total 131584K, used 81319K [0x0000000080000000, 0x0000000088080000, 0x00000000d5580000)
  object space 131584K, 61% used [0x0000000080000000,0x0000000084f69e18,0x0000000088080000)
 Metaspace       used 94471K, capacity 98318K, committed 98600K, reserved 1134592K
  class space    used 12214K, capacity 13073K, committed 13208K, reserved 1048576K
}
Event: 72.000 GC heap before
{Heap before GC invocations=27 (full 4):
 PSYoungGen      total 239616K, used 215552K [0x00000000d5580000, 0x00000000e6280000, 0x0000000100000000)
  eden space 215552K, 100% used [0x00000000d5580000,0x00000000e2800000,0x00000000e2800000)
  from space 24064K, 0% used [0x00000000e4380000,0x00000000e4380000,0x00000000e5b00000)
  to   space 28160K, 0% used [0x00000000e2800000,0x00000000e2800000,0x00000000e4380000)
 ParOldGen       total 131584K, used 81319K [0x0000000080000000, 0x0000000088080000, 0x00000000d5580000)
  object space 131584K, 61% used [0x0000000080000000,0x0000000084f69e18,0x0000000088080000)
 Metaspace       used 103227K, capacity 107900K, committed 108184K, reserved 1142784K
  class space    used 13390K, capacity 14374K, committed 14488K, reserved 1048576K

Deoptimization events (10 events):
Event: 71.744 Thread 0x0000000020454800 Uncommon trap: reason=class_check action=maybe_recompile pc=0x0000000005aa7704 method=com.android.tools.r8.s.a.a.b.t0.a(Ljava/util/Collection;)Lcom/android/tools/r8/s/a/a/b/t0; @ 47
Event: 71.800 Thread 0x000000001ecac000 Uncommon trap: reason=unstable_if action=reinterpret pc=0x0000000005b90eec method=com.android.tools.r8.u.b.m1.L()Z @ 14
Event: 71.808 Thread 0x000000001ecac000 Uncommon trap: reason=unstable_if action=reinterpret pc=0x0000000005c34390 method=com.android.tools.r8.ir.regalloc.b.r()Z @ 9
Event: 71.822 Thread 0x000000001ecac000 Uncommon trap: reason=unstable_if action=reinterpret pc=0x0000000005c2bcf8 method=com.android.tools.r8.ir.regalloc.a.a(I)I @ 12
Event: 71.931 Thread 0x000000001ecac000 Uncommon trap: reason=class_check action=maybe_recompile pc=0x0000000005aa7704 method=com.android.tools.r8.s.a.a.b.t0.a(Ljava/util/Collection;)Lcom/android/tools/r8/s/a/a/b/t0; @ 47
Event: 71.951 Thread 0x000000001ecac000 Uncommon trap: reason=class_check action=maybe_recompile pc=0x0000000005c26064 method=com.android.tools.r8.u.b.o1.a(Lcom/android/tools/r8/ir/analysis/type/u;)Lcom/android/tools/r8/u/b/o1; @ 12
Event: 71.951 Thread 0x000000001ecac000 Uncommon trap: reason=class_check action=maybe_recompile pc=0x0000000005c26064 method=com.android.tools.r8.u.b.o1.a(Lcom/android/tools/r8/ir/analysis/type/u;)Lcom/android/tools/r8/u/b/o1; @ 12
Event: 71.951 Thread 0x000000001ecac000 Uncommon trap: reason=class_check action=maybe_recompile pc=0x0000000005c26064 method=com.android.tools.r8.u.b.o1.a(Lcom/android/tools/r8/ir/analysis/type/u;)Lcom/android/tools/r8/u/b/o1; @ 12
Event: 71.952 Thread 0x000000001ecac000 Uncommon trap: reason=class_check action=maybe_recompile pc=0x0000000005c26064 method=com.android.tools.r8.u.b.o1.a(Lcom/android/tools/r8/ir/analysis/type/u;)Lcom/android/tools/r8/u/b/o1; @ 12
Event: 71.952 Thread 0x000000001ecac000 Uncommon trap: reason=class_check action=maybe_recompile pc=0x0000000005aab5c0 method=com.android.tools.r8.u.b.o1.a(Lcom/android/tools/r8/ir/analysis/type/u;)Lcom/android/tools/r8/u/b/o1; @ 12

Classes redefined (0 events):
No events

Internal exceptions (10 events):
Event: 67.257 Thread 0x000000001a695800 Exception <a 'java/lang/NoSuchMethodError': <clinit>> (0x00000000d8122898) thrown at [C:\src\AOSP-openjdk-git\hotspot\src\share\vm\prims\jni.cpp, line 1615]
Event: 67.260 Thread 0x000000001a695800 Exception <a 'java/lang/NoSuchMethodError': <clinit>> (0x00000000d81432b0) thrown at [C:\src\AOSP-openjdk-git\hotspot\src\share\vm\prims\jni.cpp, line 1615]
Event: 67.284 Thread 0x000000001ecaa800 Exception <a 'sun/nio/fs/WindowsException'> (0x00000000d8315090) thrown at [C:\src\AOSP-openjdk-git\hotspot\src\share\vm\prims\jni.cpp, line 710]
Event: 67.298 Thread 0x000000001ecaa800 Exception <a 'java/lang/NoSuchMethodError': java.lang.Object.lambda$asRunnable$0(Lcom/android/tools/build/apkzlib/utils/IOExceptionRunnable;)V> (0x00000000d8421438) thrown at [C:\src\AOSP-openjdk-git\hotspot\src\share\vm\interpreter\linkResolver.cpp, line
Event: 67.578 Thread 0x000000001ecaa800 Exception <a 'java/lang/NoSuchMethodError': java.lang.Object.newSystemTemporaryDirectory()Lcom/android/tools/build/apkzlib/bytestorage/TemporaryDirectory;> (0x00000000d8f3d318) thrown at [C:\src\AOSP-openjdk-git\hotspot\src\share\vm\interpreter\linkResolv
Event: 67.792 Thread 0x0000000020456000 Exception <a 'java/lang/NoSuchMethodError': java.lang.Object.lambda$static$0(Ljava/lang/String;)Z> (0x00000000d99eb1b8) thrown at [C:\src\AOSP-openjdk-git\hotspot\src\share\vm\interpreter\linkResolver.cpp, line 620]
Event: 68.169 Thread 0x000000001eca2800 Exception <a 'sun/nio/fs/WindowsException'> (0x00000000da4d6c68) thrown at [C:\src\AOSP-openjdk-git\hotspot\src\share\vm\prims\jni.cpp, line 710]
Event: 68.208 Thread 0x000000001eca2800 Exception <a 'java/lang/NoSuchMethodError': <clinit>> (0x00000000da960650) thrown at [C:\src\AOSP-openjdk-git\hotspot\src\share\vm\prims\jni.cpp, line 1615]
Event: 68.505 Thread 0x000000001ecac000 Exception <a 'sun/nio/fs/WindowsException'> (0x00000000db493298) thrown at [C:\src\AOSP-openjdk-git\hotspot\src\share\vm\prims\jni.cpp, line 710]
Event: 69.867 Thread 0x0000000020457000 Exception <a 'java/lang/NoSuchMethodError': java.lang.Object.lambda$maxBy$1(Ljava/util/Comparator;Ljava/lang/Object;Ljava/lang/Object;)Ljava/lang/Object;> (0x00000000deef3fc0) thrown at [C:\src\AOSP-openjdk-git\hotspot\src\share\vm\interpreter\linkResolve

Events (10 events):
Event: 71.975 loading class com/android/tools/r8/graph/V done
Event: 71.975 loading class com/android/tools/r8/graph/V
Event: 71.975 loading class com/android/tools/r8/dex/v
Event: 71.975 loading class com/android/tools/r8/graph/V done
Event: 71.975 loading class com/android/tools/r8/dex/v done
Event: 71.975 loading class com/android/tools/r8/dex/v
Event: 71.975 loading class com/android/tools/r8/dex/v done
Event: 71.979 loading class com/android/tools/r8/graph/h0$q
Event: 71.979 loading class com/android/tools/r8/graph/h0$q done
Event: 71.991 Executing VM operation: ParallelGCFailedAllocation


Dynamic libraries:
0x00007ff7d10e0000 - 0x00007ff7d1111000 	C:\Program Files\Android\Android Studio\jre\bin\java.exe
0x00007ff8e8520000 - 0x00007ff8e8710000 	C:\WINDOWS\SYSTEM32\ntdll.dll
0x00007ff8b8a20000 - 0x00007ff8b8a32000 	C:\Program Files\AVAST Software\Avast\aswhook.dll
0x00007ff8e81b0000 - 0x00007ff8e8262000 	C:\WINDOWS\System32\KERNEL32.DLL
0x00007ff8e6120000 - 0x00007ff8e63c5000 	C:\WINDOWS\System32\KERNELBASE.dll
0x00007ff8e6f40000 - 0x00007ff8e6fe3000 	C:\WINDOWS\System32\ADVAPI32.dll
0x00007ff8e8110000 - 0x00007ff8e81ae000 	C:\WINDOWS\System32\msvcrt.dll
0x00007ff8e7570000 - 0x00007ff8e7607000 	C:\WINDOWS\System32\sechost.dll
0x00007ff8e83c0000 - 0x00007ff8e84e0000 	C:\WINDOWS\System32\RPCRT4.dll
0x00007ff8e6da0000 - 0x00007ff8e6f35000 	C:\WINDOWS\System32\USER32.dll
0x00007ff8e5970000 - 0x00007ff8e5991000 	C:\WINDOWS\System32\win32u.dll
0x00007ff8e74e0000 - 0x00007ff8e7506000 	C:\WINDOWS\System32\GDI32.dll
0x00007ff8e63d0000 - 0x00007ff8e6566000 	C:\WINDOWS\System32\gdi32full.dll
0x00007ff8e58d0000 - 0x00007ff8e596e000 	C:\WINDOWS\System32\msvcp_win.dll
0x00007ff8e57d0000 - 0x00007ff8e58ca000 	C:\WINDOWS\System32\ucrtbase.dll
0x00007ff8d4890000 - 0x00007ff8d4b14000 	C:\WINDOWS\WinSxS\amd64_microsoft.windows.common-controls_6595b64144ccf1df_6.0.18362.1082_none_9e8193e1e45b25c1\COMCTL32.dll
0x00007ff8e71a0000 - 0x00007ff8e74d5000 	C:\WINDOWS\System32\combase.dll
0x00007ff8e5630000 - 0x00007ff8e56b0000 	C:\WINDOWS\System32\bcryptPrimitives.dll
0x00007ff8e7b40000 - 0x00007ff8e7b6e000 	C:\WINDOWS\System32\IMM32.DLL
0x000000005b420000 - 0x000000005b4f2000 	C:\Program Files\Android\Android Studio\jre\jre\bin\msvcr100.dll
0x000000005a8c0000 - 0x000000005b10b000 	C:\Program Files\Android\Android Studio\jre\jre\bin\server\jvm.dll
0x00007ff8e65d0000 - 0x00007ff8e65d8000 	C:\WINDOWS\System32\PSAPI.DLL
0x00007ff8d4d80000 - 0x00007ff8d4d89000 	C:\WINDOWS\SYSTEM32\WSOCK32.dll
0x00007ff8e7610000 - 0x00007ff8e767f000 	C:\WINDOWS\System32\WS2_32.dll
0x00007ff8e3920000 - 0x00007ff8e3944000 	C:\WINDOWS\SYSTEM32\WINMM.dll
0x00007ff8db130000 - 0x00007ff8db13a000 	C:\WINDOWS\SYSTEM32\VERSION.dll
0x00007ff8e36d0000 - 0x00007ff8e36fd000 	C:\WINDOWS\SYSTEM32\WINMMBASE.dll
0x00007ff8e56b0000 - 0x00007ff8e56fa000 	C:\WINDOWS\System32\cfgmgr32.dll
0x00007ff8dd8d0000 - 0x00007ff8dd8df000 	C:\Program Files\Android\Android Studio\jre\jre\bin\verify.dll
0x00007ff8cf390000 - 0x00007ff8cf3b9000 	C:\Program Files\Android\Android Studio\jre\jre\bin\java.dll
0x00007ff8cf370000 - 0x00007ff8cf386000 	C:\Program Files\Android\Android Studio\jre\jre\bin\zip.dll
0x00007ff8e66b0000 - 0x00007ff8e6d97000 	C:\WINDOWS\System32\SHELL32.dll
0x00007ff8e7fe0000 - 0x00007ff8e8089000 	C:\WINDOWS\System32\shcore.dll
0x00007ff8e59a0000 - 0x00007ff8e6120000 	C:\WINDOWS\System32\windows.storage.dll
0x00007ff8e5460000 - 0x00007ff8e5483000 	C:\WINDOWS\System32\profapi.dll
0x00007ff8e5410000 - 0x00007ff8e545a000 	C:\WINDOWS\System32\powrprof.dll
0x00007ff8e53e0000 - 0x00007ff8e53f0000 	C:\WINDOWS\System32\UMPDC.dll
0x00007ff8e7ae0000 - 0x00007ff8e7b32000 	C:\WINDOWS\System32\shlwapi.dll
0x00007ff8e53f0000 - 0x00007ff8e5401000 	C:\WINDOWS\System32\kernel.appcore.dll
0x00007ff8e57b0000 - 0x00007ff8e57c7000 	C:\WINDOWS\System32\cryptsp.dll
0x00007ff8cf350000 - 0x00007ff8cf36a000 	C:\Program Files\Android\Android Studio\jre\jre\bin\net.dll
0x00007ff8e4c30000 - 0x00007ff8e4c97000 	C:\WINDOWS\system32\mswsock.dll
0x00007ff8cf330000 - 0x00007ff8cf343000 	C:\Program Files\Android\Android Studio\jre\jre\bin\nio.dll
0x00007ff8cf410000 - 0x00007ff8cf436000 	C:\Users\user\.gradle\native\31\windows-amd64\native-platform.dll
0x00007ff8da690000 - 0x00007ff8da69d000 	C:\Program Files\Android\Android Studio\jre\jre\bin\management.dll
0x00007ff8e47a0000 - 0x00007ff8e47d3000 	C:\WINDOWS\system32\rsaenh.dll
0x00007ff8e5600000 - 0x00007ff8e5626000 	C:\WINDOWS\System32\bcrypt.dll
0x00007ff8e5300000 - 0x00007ff8e5325000 	C:\WINDOWS\SYSTEM32\USERENV.dll
0x00007ff8e4e00000 - 0x00007ff8e4e0c000 	C:\WINDOWS\SYSTEM32\CRYPTBASE.dll
0x00007ff8e4940000 - 0x00007ff8e497a000 	C:\WINDOWS\SYSTEM32\IPHLPAPI.DLL
0x00007ff8e76e0000 - 0x00007ff8e76e8000 	C:\WINDOWS\System32\NSI.dll
0x00007ff8db5c0000 - 0x00007ff8db5d6000 	C:\WINDOWS\SYSTEM32\dhcpcsvc6.DLL
0x00007ff8db520000 - 0x00007ff8db53c000 	C:\WINDOWS\SYSTEM32\dhcpcsvc.DLL
0x00007ff8e4980000 - 0x00007ff8e4a4b000 	C:\WINDOWS\SYSTEM32\DNSAPI.dll
0x00007ff8acbb0000 - 0x00007ff8acd4c000 	C:\Program Files\Android\Android Studio\jre\jre\bin\awt.dll
0x00007ff8e65e0000 - 0x00007ff8e66a5000 	C:\WINDOWS\System32\OLEAUT32.dll
0x00007ff8e3950000 - 0x00007ff8e397d000 	C:\WINDOWS\SYSTEM32\dwmapi.dll
0x00007ff8e17a0000 - 0x00007ff8e1d60000 	C:\WINDOWS\SYSTEM32\d2d1.dll
0x00007ff8e2de0000 - 0x00007ff8e2e6f000 	C:\WINDOWS\SYSTEM32\apphelp.dll
0x00007ff8e3980000 - 0x00007ff8e3a19000 	C:\WINDOWS\system32\uxtheme.dll

VM Arguments:
jvm_args: -Xmx2048m -Dfile.encoding=windows-1252 -Duser.country=US -Duser.language=en -Duser.variant 
java_command: org.gradle.launcher.daemon.bootstrap.GradleDaemon 6.1.1
java_class_path (initial): C:\Users\user\.gradle\wrapper\dists\gradle-6.1.1-all\cfmwm155h49vnt3hynmlrsdst\gradle-6.1.1\lib\gradle-launcher-6.1.1.jar
Launcher Type: SUN_STANDARD

Environment Variables:
PATH=C:\Python\Python38-32\Scripts\;C:\Python\Python38-32\;C:\Program Files (x86)\Borland\Delphi7\Bin;C:\Program Files (x86)\Borland\Delphi7\Projects\Bpl\;C:\Program Files (x86)\Common Files\Oracle\Java\javapath;C:\Program Files (x86)\Intel\iCLS Client\;C:\Program Files\Intel\iCLS Client\;C:\WINDOWS\system32;C:\WINDOWS;C:\WINDOWS\System32\Wbem;C:\WINDOWS\System32\WindowsPowerShell\v1.0\;C:\Program Files\Intel\Intel(R) Management Engine Components\DAL;C:\Program Files\Intel\Intel(R) Management Engine Components\IPT;C:\Program Files (x86)\Intel\Intel(R) Management Engine Components\DAL;C:\Program Files (x86)\Intel\Intel(R) Management Engine Components\IPT;C:\Program Files (x86)\Intel\OpenCL SDK\2.0\bin\x86;C:\Program Files (x86)\Intel\OpenCL SDK\2.0\bin\x64;C:\Program Files\ThinkPad\Bluetooth Software\;C:\Program Files\ThinkPad\Bluetooth Software\syswow64;C:\ProgramData\Lenovo\ReadyApps;C:\Program Files\Lenovo\Fingerprint Manager Pro\;C:\Program Files (x86)\AOMEI Backupper;C:\WINDOWS\System32\OpenSSH\;C:\Program Files\Intel\WiFi\bin\;C:\Program Files\Common Files\Intel\WirelessCommon\;C:\Program Files\PuTTY\;C:\Program Files\Git\cmd;C:\Users\user\AppData\Local\Microsoft\WindowsApps;C:\Users\user\AppData\Local\Programs\Microsoft VS Code\bin;C:\Program Files\heroku\bin
USERNAME=user
OS=Windows_NT
PROCESSOR_IDENTIFIER=Intel64 Family 6 Model 69 Stepping 1, GenuineIntel



---------------  S Y S T E M  ---------------

OS: Windows 10.0 , 64 bit Build 18362 (10.0.18362.1082)

CPU:total 4 (initial active 4) (2 cores per cpu, 2 threads per core) family 6 model 69 stepping 1, cmov, cx8, fxsr, mmx, sse, sse2, sse3, ssse3, sse4.1, sse4.2, popcnt, avx, avx2, aes, clmul, erms, lzcnt, ht, tsc, tscinvbit, bmi1, bmi2

Memory: 4k page, physical 8265520k(353312k free), swap 19488040k(6592k free)

vm_info: OpenJDK 64-Bit Server VM (25.242-b01) for windows-amd64 JRE (1.8.0_242-release-1644-b01), built by "builder" with MS VC++ 10.0 (VS2010)

time: Sun Oct 11 16:43:49 2020
timezone: SE Asia Standard Time
elapsed time: 72 seconds (0d 0h 1m 12s)

