#
# There is insufficient memory for the Java Runtime Environment to continue.
# Native memory allocation (malloc) failed to allocate 1662016 bytes for Chunk::new
# Possible reasons:
#   The system is out of physical RAM or swap space
#   The process is running with CompressedOops enabled, and the Java Heap may be blocking the growth of the native heap
# Possible solutions:
#   Reduce memory load on the system
#   Increase physical memory or swap space
#   Check if swap backing store is full
#   Decrease Java heap size (-Xmx/-Xms)
#   Decrease number of Java threads
#   Decrease Java thread stack sizes (-Xss)
#   Set larger code cache with -XX:ReservedCodeCacheSize=
#   JVM is running with Unscaled Compressed Oops mode in which the Java heap is
#     placed in the first 4GB address space. The Java Heap base address is the
#     maximum limit for the native heap growth. Please use -XX:HeapBaseMinAddress
#     to set the Java Heap base and to place the Java Heap above 4GB virtual address.
# This output file may be truncated or incomplete.
#
#  Out of Memory Error (allocation.cpp:389), pid=1608, tid=0x0000000000002ee0
#
# JRE version: OpenJDK Runtime Environment (8.0_242-b01) (build 1.8.0_242-release-1644-b01)
# Java VM: OpenJDK 64-Bit Server VM (25.242-b01 mixed mode windows-amd64 compressed oops)
# Failed to write core dump. Minidumps are not enabled by default on client versions of Windows
#

---------------  T H R E A D  ---------------

Current thread (0x000000001716b000):  JavaThread "C2 CompilerThread1" daemon [_thread_in_native, id=12000, stack(0x00000000188c0000,0x00000000189c0000)]

Stack: [0x00000000188c0000,0x00000000189c0000]
[error occurred during error reporting (printing stack bounds), id 0xc0000005]

Native frames: (J=compiled Java code, j=interpreted, Vv=VM code, C=native code)


Current CompileTask:
C2:  33086 10682 %     4       com.android.tools.r8.dex.n::a @ 330 (1022 bytes)


---------------  P R O C E S S  ---------------

Java Threads: ( => current thread )
  0x000000001a58c000 JavaThread "ForkJoinPool-1-worker-0" daemon [_thread_in_Java, id=22348, stack(0x0000000026440000,0x0000000026540000)]
  0x000000001a586800 JavaThread "ForkJoinPool-1-worker-3" daemon [_thread_in_Java, id=29344, stack(0x0000000026340000,0x0000000026440000)]
  0x000000001a58b000 JavaThread "ForkJoinPool-1-worker-2" daemon [_thread_in_Java, id=21264, stack(0x0000000026240000,0x0000000026340000)]
  0x000000001a589800 JavaThread "ForkJoinPool-1-worker-1" daemon [_thread_in_Java, id=10044, stack(0x0000000026140000,0x0000000026240000)]
  0x000000001a58c800 JavaThread "WorkerExecutor Queue Thread 5" [_thread_blocked, id=21980, stack(0x0000000025c40000,0x0000000025d40000)]
  0x000000001a58a800 JavaThread "WorkerExecutor Queue Thread 4" [_thread_in_vm, id=25100, stack(0x0000000025b40000,0x0000000025c40000)]
  0x000000001b528000 JavaThread "WorkerExecutor Queue Thread 3" [_thread_in_vm, id=28844, stack(0x0000000025a40000,0x0000000025b40000)]
  0x000000001b529000 JavaThread "WorkerExecutor Queue Thread 2" [_thread_blocked, id=11584, stack(0x0000000025740000,0x0000000025840000)]
  0x000000001b529800 JavaThread "WorkerExecutor Queue" [_thread_in_native, id=28184, stack(0x0000000024ff0000,0x00000000250f0000)]
  0x000000001b52a800 JavaThread "Cache worker for Java compile cache (D:\ProjectVersion1\.gradle\6.1.1\javaCompile)" [_thread_blocked, id=8076, stack(0x0000000024ef0000,0x0000000024ff0000)]
  0x000000001b527800 JavaThread "Cache worker for Java compile cache (C:\Users\user\.gradle\caches\6.1.1\javaCompile)" [_thread_blocked, id=19132, stack(0x0000000024df0000,0x0000000024ef0000)]
  0x000000001b524000 JavaThread "Cache worker for execution history cache (D:\ProjectVersion1\.gradle\6.1.1\executionHistory)" [_thread_blocked, id=28144, stack(0x0000000024af0000,0x0000000024bf0000)]
  0x000000001b526800 JavaThread "Execution worker for ':' Thread 3" [_thread_blocked, id=28372, stack(0x00000000249f0000,0x0000000024af0000)]
  0x000000001b526000 JavaThread "Execution worker for ':' Thread 2" [_thread_blocked, id=27192, stack(0x00000000248f0000,0x00000000249f0000)]
  0x000000001b51f800 JavaThread "Execution worker for ':'" [_thread_blocked, id=25828, stack(0x0000000024020000,0x0000000024120000)]
  0x000000001b51f000 JavaThread "Cache worker for file content cache (D:\ProjectVersion1\.gradle\6.1.1\fileContent)" [_thread_blocked, id=12176, stack(0x00000000243f0000,0x00000000244f0000)]
  0x000000001b51e000 JavaThread "Cache worker for file content cache (C:\Users\user\.gradle\caches\6.1.1\fileContent)" [_thread_blocked, id=13612, stack(0x00000000242f0000,0x00000000243f0000)]
  0x000000001b51d800 JavaThread "Memory manager" [_thread_blocked, id=18856, stack(0x00000000241f0000,0x00000000242f0000)]
  0x000000001b522800 JavaThread "Cache worker for Build Output Cleanup Cache (D:\ProjectVersion1\.gradle\buildOutputCleanup)" [_thread_blocked, id=17412, stack(0x0000000021ab0000,0x0000000021bb0000)]
  0x000000001b51c800 JavaThread "Build operations Thread 4" [_thread_blocked, id=29556, stack(0x0000000022f20000,0x0000000023020000)]
  0x000000001b521000 JavaThread "Build operations Thread 3" [_thread_blocked, id=26760, stack(0x0000000022e20000,0x0000000022f20000)]
  0x000000001b520800 JavaThread "Build operations Thread 2" [_thread_blocked, id=6200, stack(0x0000000022d20000,0x0000000022e20000)]
  0x000000001b522000 JavaThread "Build operations" [_thread_blocked, id=22192, stack(0x0000000021c00000,0x0000000021d00000)]
  0x000000001a1e4800 JavaThread "Cache worker for execution history cache (C:\Users\user\.gradle\caches\6.1.1\executionHistory)" [_thread_blocked, id=21572, stack(0x0000000020bb0000,0x0000000020cb0000)]
  0x000000001a1e4000 JavaThread "Cache worker for cache directory md-rule (C:\Users\user\.gradle\caches\6.1.1\md-rule)" [_thread_blocked, id=16088, stack(0x000000001f5e0000,0x000000001f6e0000)]
  0x000000001a1e5800 JavaThread "Cache worker for cache directory md-supplier (C:\Users\user\.gradle\caches\6.1.1\md-supplier)" [_thread_blocked, id=22184, stack(0x000000001f4e0000,0x000000001f5e0000)]
  0x000000001a1ea800 JavaThread "Cache worker for file hash cache (D:\ProjectVersion1\.gradle\6.1.1\fileHashes)" [_thread_blocked, id=20664, stack(0x0000000020710000,0x0000000020810000)]
  0x000000001a1e7800 JavaThread "Cache worker for checksums cache (D:\ProjectVersion1\.gradle\checksums)" [_thread_blocked, id=28888, stack(0x0000000020ab0000,0x0000000020bb0000)]
  0x000000001a1e9000 JavaThread "Cache worker for file hash cache (C:\Users\user\.gradle\caches\6.1.1\fileHashes)" [_thread_blocked, id=22284, stack(0x000000001cf40000,0x000000001d040000)]
  0x000000001a1ea000 JavaThread "File lock request listener" [_thread_in_native, id=30676, stack(0x000000001ce40000,0x000000001cf40000)]
  0x000000001a36f800 JavaThread "Cache worker for journal cache (C:\Users\user\.gradle\caches\journal-1)" [_thread_blocked, id=21112, stack(0x000000001cd40000,0x000000001ce40000)]
  0x000000001994b000 JavaThread "Thread-9" [_thread_blocked, id=21004, stack(0x000000001ca40000,0x000000001cb40000)]
  0x000000001994a800 JavaThread "Stdin handler" [_thread_blocked, id=29424, stack(0x000000001c940000,0x000000001ca40000)]
  0x0000000019349000 JavaThread "Asynchronous log dispatcher for DefaultDaemonConnection: socket connection from /127.0.0.1:54778 to /127.0.0.1:54779" [_thread_blocked, id=27128, stack(0x000000001c840000,0x000000001c940000)]
  0x0000000019348800 JavaThread "Daemon worker" [_thread_blocked, id=25576, stack(0x000000001c740000,0x000000001c840000)]
  0x0000000019347800 JavaThread "Cancel handler" [_thread_blocked, id=30460, stack(0x000000001c640000,0x000000001c740000)]
  0x0000000019a0f000 JavaThread "Handler for socket connection from /127.0.0.1:54778 to /127.0.0.1:54779" [_thread_in_native, id=23272, stack(0x000000001c340000,0x000000001c440000)]
  0x0000000019a0e800 JavaThread "Daemon" [_thread_blocked, id=9152, stack(0x000000001c240000,0x000000001c340000)]
  0x0000000019cf4800 JavaThread "Daemon periodic checks" [_thread_blocked, id=18116, stack(0x000000001c140000,0x000000001c240000)]
  0x0000000019cf3000 JavaThread "Incoming local TCP Connector on port 54778" [_thread_in_native, id=25248, stack(0x00000000191c0000,0x00000000192c0000)]
  0x000000001ac44800 JavaThread "Daemon health stats" [_thread_blocked, id=11308, stack(0x00000000190c0000,0x00000000191c0000)]
  0x00000000171be800 JavaThread "Service Thread" daemon [_thread_blocked, id=8352, stack(0x0000000018ec0000,0x0000000018fc0000)]
  0x0000000017174800 JavaThread "C1 CompilerThread2" daemon [_thread_blocked, id=10008, stack(0x00000000189c0000,0x0000000018ac0000)]
=>0x000000001716b000 JavaThread "C2 CompilerThread1" daemon [_thread_in_native, id=12000, stack(0x00000000188c0000,0x00000000189c0000)]
  0x0000000017163800 JavaThread "C2 CompilerThread0" daemon [_thread_in_native, id=27536, stack(0x00000000187c0000,0x00000000188c0000)]
  0x0000000017162000 JavaThread "Attach Listener" daemon [_thread_blocked, id=1332, stack(0x00000000186c0000,0x00000000187c0000)]
  0x0000000017161000 JavaThread "Signal Dispatcher" daemon [_thread_blocked, id=21020, stack(0x00000000185c0000,0x00000000186c0000)]
  0x000000000253b800 JavaThread "Finalizer" daemon [_thread_blocked, id=29000, stack(0x00000000183c0000,0x00000000184c0000)]
  0x0000000017149000 JavaThread "Reference Handler" daemon [_thread_blocked, id=29484, stack(0x00000000182c0000,0x00000000183c0000)]
  0x0000000002442800 JavaThread "main" [_thread_blocked, id=20364, stack(0x0000000002260000,0x0000000002360000)]

Other Threads:
  0x0000000017127000 VMThread [stack: 0x00000000181c0000,0x00000000182c0000] [id=29608]
  0x0000000018afa000 WatcherThread [stack: 0x0000000018fc0000,0x00000000190c0000] [id=9620]

VM state:not at safepoint (normal execution)

VM Mutex/Monitor currently owned by a thread: None

heap address: 0x0000000080000000, size: 2048 MB, Compressed Oops mode: 32-bit
Narrow klass base: 0x0000000000000000, Narrow klass shift: 3
Compressed class space size: 1073741824 Address: 0x0000000100000000

Heap:
 PSYoungGen      total 242688K, used 224793K [0x00000000d5580000, 0x00000000e6680000, 0x0000000100000000)
  eden space 222208K, 91% used [0x00000000d5580000,0x00000000e1d0c200,0x00000000e2e80000)
  from space 20480K, 99% used [0x00000000e4800000,0x00000000e5bfa530,0x00000000e5c00000)
  to   space 26112K, 0% used [0x00000000e2e80000,0x00000000e2e80000,0x00000000e4800000)
 ParOldGen       total 132096K, used 40657K [0x0000000080000000, 0x0000000088100000, 0x00000000d5580000)
  object space 132096K, 30% used [0x0000000080000000,0x00000000827b4680,0x0000000088100000)
 Metaspace       used 78037K, capacity 81742K, committed 81968K, reserved 1120256K
  class space    used 10727K, capacity 11503K, committed 11568K, reserved 1048576K

Card table byte_map: [0x0000000011900000,0x0000000011d10000] byte_map_base: 0x0000000011500000

Marking Bits: (ParMarkBitMap*) 0x000000005b08f030
 Begin Bits: [0x00000000123c0000, 0x00000000143c0000)
 End Bits:   [0x00000000143c0000, 0x00000000163c0000)

Polling page: 0x0000000000c00000

CodeCache: size=245760Kb used=31630Kb max_used=31630Kb free=214129Kb
 bounds [0x0000000002540000, 0x0000000004440000, 0x0000000011540000]
 total_blobs=10709 nmethods=9870 adapters=751
 compilation: enabled

Compilation events (10 events):
Event: 33.062 Thread 0x0000000017174800 11249       2       com.android.tools.r8.dex.n$$Lambda$736/1840663698::get (8 bytes)
Event: 33.063 Thread 0x0000000017174800 nmethod 11249 0x000000000443af10 code [0x000000000443b080, 0x000000000443b268]
Event: 33.063 Thread 0x0000000017174800 11250       2       com.android.tools.r8.dex.n::g (12 bytes)
Event: 33.063 Thread 0x0000000017174800 nmethod 11250 0x000000000443b390 code [0x000000000443b500, 0x000000000443b6e8]
Event: 33.068 Thread 0x0000000017174800 11251       2       com.android.tools.r8.code.H2::<init> (7 bytes)
Event: 33.068 Thread 0x0000000017174800 nmethod 11251 0x000000000443b790 code [0x000000000443b8e0, 0x000000000443ba90]
Event: 33.073 Thread 0x0000000017174800 11252       2       com.android.tools.r8.code.R0::hashCode (21 bytes)
Event: 33.074 Thread 0x0000000017174800 nmethod 11252 0x000000000443bbd0 code [0x000000000443bd40, 0x000000000443bee8]
Event: 33.079 Thread 0x0000000017174800 11253       2       com.android.tools.r8.code.q2::<init> (7 bytes)
Event: 33.079 Thread 0x0000000017174800 nmethod 11253 0x000000000443bf90 code [0x000000000443c0e0, 0x000000000443c290]

GC Heap History (10 events):
Event: 18.955 GC heap before
{Heap before GC invocations=13 (full 2):
 PSYoungGen      total 154112K, used 154093K [0x00000000d5580000, 0x00000000e0900000, 0x0000000100000000)
  eden space 142336K, 100% used [0x00000000d5580000,0x00000000de080000,0x00000000de080000)
  from space 11776K, 99% used [0x00000000dfd80000,0x00000000e08fb640,0x00000000e0900000)
  to   space 13312K, 0% used [0x00000000def00000,0x00000000def00000,0x00000000dfc00000)
 ParOldGen       total 84480K, used 15953K [0x0000000080000000, 0x0000000085280000, 0x00000000d5580000)
  object space 84480K, 18% used [0x0000000080000000,0x0000000080f94440,0x0000000085280000)
 Metaspace       used 53925K, capacity 55786K, committed 55984K, reserved 1097728K
  class space    used 7345K, capacity 7814K, committed 7856K, reserved 1048576K
Event: 19.045 GC heap after
Heap after GC invocations=13 (full 2):
 PSYoungGen      total 170496K, used 13281K [0x00000000d5580000, 0x00000000e2f80000, 0x0000000100000000)
  eden space 157184K, 0% used [0x00000000d5580000,0x00000000d5580000,0x00000000def00000)
  from space 13312K, 99% used [0x00000000def00000,0x00000000dfbf85f8,0x00000000dfc00000)
  to   space 18944K, 0% used [0x00000000e1d00000,0x00000000e1d00000,0x00000000e2f80000)
 ParOldGen       total 84480K, used 26553K [0x0000000080000000, 0x0000000085280000, 0x00000000d5580000)
  object space 84480K, 31% used [0x0000000080000000,0x00000000819ee4e8,0x0000000085280000)
 Metaspace       used 53925K, capacity 55786K, committed 55984K, reserved 1097728K
  class space    used 7345K, capacity 7814K, committed 7856K, reserved 1048576K
}
Event: 20.531 GC heap before
{Heap before GC invocations=14 (full 2):
 PSYoungGen      total 170496K, used 68175K [0x00000000d5580000, 0x00000000e2f80000, 0x0000000100000000)
  eden space 157184K, 34% used [0x00000000d5580000,0x00000000d8b1b608,0x00000000def00000)
  from space 13312K, 99% used [0x00000000def00000,0x00000000dfbf85f8,0x00000000dfc00000)
  to   space 18944K, 0% used [0x00000000e1d00000,0x00000000e1d00000,0x00000000e2f80000)
 ParOldGen       total 84480K, used 26553K [0x0000000080000000, 0x0000000085280000, 0x00000000d5580000)
  object space 84480K, 31% used [0x0000000080000000,0x00000000819ee4e8,0x0000000085280000)
 Metaspace       used 57013K, capacity 59058K, committed 59160K, reserved 1099776K
  class space    used 7846K, capacity 8349K, committed 8368K, reserved 1048576K
Event: 20.585 GC heap after
Heap after GC invocations=14 (full 2):
 PSYoungGen      total 204288K, used 4809K [0x00000000d5580000, 0x00000000e4800000, 0x0000000100000000)
  eden space 185344K, 0% used [0x00000000d5580000,0x00000000d5580000,0x00000000e0a80000)
  from space 18944K, 25% used [0x00000000e1d00000,0x00000000e21b26b0,0x00000000e2f80000)
  to   space 18944K, 0% used [0x00000000e0a80000,0x00000000e0a80000,0x00000000e1d00000)
 ParOldGen       total 84480K, used 37748K [0x0000000080000000, 0x0000000085280000, 0x00000000d5580000)
  object space 84480K, 44% used [0x0000000080000000,0x00000000824dd230,0x0000000085280000)
 Metaspace       used 57013K, capacity 59058K, committed 59160K, reserved 1099776K
  class space    used 7846K, capacity 8349K, committed 8368K, reserved 1048576K
}
Event: 20.585 GC heap before
{Heap before GC invocations=15 (full 3):
 PSYoungGen      total 204288K, used 4809K [0x00000000d5580000, 0x00000000e4800000, 0x0000000100000000)
  eden space 185344K, 0% used [0x00000000d5580000,0x00000000d5580000,0x00000000e0a80000)
  from space 18944K, 25% used [0x00000000e1d00000,0x00000000e21b26b0,0x00000000e2f80000)
  to   space 18944K, 0% used [0x00000000e0a80000,0x00000000e0a80000,0x00000000e1d00000)
 ParOldGen       total 84480K, used 37748K [0x0000000080000000, 0x0000000085280000, 0x00000000d5580000)
  object space 84480K, 44% used [0x0000000080000000,0x00000000824dd230,0x0000000085280000)
 Metaspace       used 57013K, capacity 59058K, committed 59160K, reserved 1099776K
  class space    used 7846K, capacity 8349K, committed 8368K, reserved 1048576K
Event: 21.042 GC heap after
Heap after GC invocations=15 (full 3):
 PSYoungGen      total 204288K, used 0K [0x00000000d5580000, 0x00000000e4800000, 0x0000000100000000)
  eden space 185344K, 0% used [0x00000000d5580000,0x00000000d5580000,0x00000000e0a80000)
  from space 18944K, 0% used [0x00000000e1d00000,0x00000000e1d00000,0x00000000e2f80000)
  to   space 18944K, 0% used [0x00000000e0a80000,0x00000000e0a80000,0x00000000e1d00000)
 ParOldGen       total 132096K, used 33851K [0x0000000080000000, 0x0000000088100000, 0x00000000d5580000)
  object space 132096K, 25% used [0x0000000080000000,0x000000008210ecc8,0x0000000088100000)
 Metaspace       used 57013K, capacity 59058K, committed 59160K, reserved 1099776K
  class space    used 7846K, capacity 8349K, committed 8368K, reserved 1048576K
}
Event: 25.663 GC heap before
{Heap before GC invocations=16 (full 3):
 PSYoungGen      total 204288K, used 185344K [0x00000000d5580000, 0x00000000e4800000, 0x0000000100000000)
  eden space 185344K, 100% used [0x00000000d5580000,0x00000000e0a80000,0x00000000e0a80000)
  from space 18944K, 0% used [0x00000000e1d00000,0x00000000e1d00000,0x00000000e2f80000)
  to   space 18944K, 0% used [0x00000000e0a80000,0x00000000e0a80000,0x00000000e1d00000)
 ParOldGen       total 132096K, used 33851K [0x0000000080000000, 0x0000000088100000, 0x00000000d5580000)
  object space 132096K, 25% used [0x0000000080000000,0x000000008210ecc8,0x0000000088100000)
 Metaspace       used 62222K, capacity 64896K, committed 65072K, reserved 1105920K
  class space    used 8574K, capacity 9168K, committed 9264K, reserved 1048576K
Event: 25.694 GC heap after
Heap after GC invocations=16 (full 3):
 PSYoungGen      total 204288K, used 16719K [0x00000000d5580000, 0x00000000e5c00000, 0x0000000100000000)
  eden space 185344K, 0% used [0x00000000d5580000,0x00000000d5580000,0x00000000e0a80000)
  from space 18944K, 88% used [0x00000000e0a80000,0x00000000e1ad3c40,0x00000000e1d00000)
  to   space 20480K, 0% used [0x00000000e4800000,0x00000000e4800000,0x00000000e5c00000)
 ParOldGen       total 132096K, used 33859K [0x0000000080000000, 0x0000000088100000, 0x00000000d5580000)
  object space 132096K, 25% used [0x0000000080000000,0x0000000082110cc8,0x0000000088100000)
 Metaspace       used 62222K, capacity 64896K, committed 65072K, reserved 1105920K
  class space    used 8574K, capacity 9168K, committed 9264K, reserved 1048576K
}
Event: 30.058 GC heap before
{Heap before GC invocations=17 (full 3):
 PSYoungGen      total 204288K, used 202063K [0x00000000d5580000, 0x00000000e5c00000, 0x0000000100000000)
  eden space 185344K, 100% used [0x00000000d5580000,0x00000000e0a80000,0x00000000e0a80000)
  from space 18944K, 88% used [0x00000000e0a80000,0x00000000e1ad3c40,0x00000000e1d00000)
  to   space 20480K, 0% used [0x00000000e4800000,0x00000000e4800000,0x00000000e5c00000)
 ParOldGen       total 132096K, used 33859K [0x0000000080000000, 0x0000000088100000, 0x00000000d5580000)
  object space 132096K, 25% used [0x0000000080000000,0x0000000082110cc8,0x0000000088100000)
 Metaspace       used 69852K, capacity 73024K, committed 73264K, reserved 1112064K
  class space    used 9525K, capacity 10200K, committed 10288K, reserved 1048576K
Event: 30.130 GC heap after
Heap after GC invocations=17 (full 3):
 PSYoungGen      total 242688K, used 20457K [0x00000000d5580000, 0x00000000e6680000, 0x0000000100000000)
  eden space 222208K, 0% used [0x00000000d5580000,0x00000000d5580000,0x00000000e2e80000)
  from space 20480K, 99% used [0x00000000e4800000,0x00000000e5bfa530,0x00000000e5c00000)
  to   space 26112K, 0% used [0x00000000e2e80000,0x00000000e2e80000,0x00000000e4800000)
 ParOldGen       total 132096K, used 40657K [0x0000000080000000, 0x0000000088100000, 0x00000000d5580000)
  object space 132096K, 30% used [0x0000000080000000,0x00000000827b4680,0x0000000088100000)
 Metaspace       used 69852K, capacity 73024K, committed 73264K, reserved 1112064K
  class space    used 9525K, capacity 10200K, committed 10288K, reserved 1048576K
}

Deoptimization events (10 events):
Event: 32.224 Thread 0x000000001a58b000 Uncommon trap: reason=unstable_if action=reinterpret pc=0x0000000002ea5330 method=java.util.Arrays.hashCode([Ljava/lang/Object;)I @ 1
Event: 32.243 Thread 0x000000001a586800 Uncommon trap: reason=unstable_if action=reinterpret pc=0x00000000041c8c64 method=com.android.tools.r8.graph.c0.computeEquals(Ljava/lang/Object;)Z @ 23
Event: 32.281 Thread 0x000000001b528000 Uncommon trap: reason=unstable_if action=reinterpret pc=0x000000000388d92c method=java.util.Collections$SetFromMap.add(Ljava/lang/Object;)Z @ 13
Event: 32.460 Thread 0x000000001b528000 Uncommon trap: reason=unstable_if action=reinterpret pc=0x00000000026f460c method=java.util.HashMap$HashIterator.<init>(Ljava/util/HashMap;)V @ 45
Event: 32.467 Thread 0x000000001b528000 Uncommon trap: reason=unstable_if action=reinterpret pc=0x0000000003238678 method=java.util.TreeMap.put(Ljava/lang/Object;Ljava/lang/Object;)Ljava/lang/Object; @ 163
Event: 32.483 Thread 0x000000001b528000 Uncommon trap: reason=unstable_if action=reinterpret pc=0x000000000422a5d8 method=com.android.tools.r8.v.a.a.a.f.X.a(ILjava/lang/Object;)Ljava/lang/Object; @ 66
Event: 32.541 Thread 0x000000001a58b000 Uncommon trap: reason=unstable_if action=reinterpret pc=0x0000000002c15a2c method=java.util.concurrent.ConcurrentLinkedQueue.offer(Ljava/lang/Object;)Z @ 91
Event: 32.769 Thread 0x000000001b528000 Uncommon trap: reason=speculate_class_check action=maybe_recompile pc=0x000000000436c450 method=java.util.HashMap.putVal(ILjava/lang/Object;Ljava/lang/Object;ZZ)Ljava/lang/Object; @ 295
Event: 32.769 Thread 0x000000001b528000 Uncommon trap: reason=speculate_class_check action=maybe_recompile pc=0x000000000436c4c8 method=java.util.HashMap.putVal(ILjava/lang/Object;Ljava/lang/Object;ZZ)Ljava/lang/Object; @ 253
Event: 32.795 Thread 0x000000001a586800 Uncommon trap: reason=unloaded action=reinterpret pc=0x000000000437f68c method=com.android.tools.r8.code.u1.a(Ljava/nio/ShortBuffer;IILcom/android/tools/r8/graph/I0;)[Lcom/android/tools/r8/code/t1; @ 3617

Classes redefined (0 events):
No events

Internal exceptions (10 events):
Event: 29.854 Thread 0x000000001b529800 Exception <a 'sun/nio/fs/WindowsException'> (0x00000000e0020898) thrown at [C:\src\AOSP-openjdk-git\hotspot\src\share\vm\prims\jni.cpp, line 710]
Event: 29.862 Thread 0x000000001b529800 Exception <a 'java/lang/NoSuchMethodError': java.lang.Object.lambda$asRunnable$0(Lcom/android/tools/build/apkzlib/utils/IOExceptionRunnable;)V> (0x00000000e004c608) thrown at [C:\src\AOSP-openjdk-git\hotspot\src\share\vm\interpreter\linkResolver.cpp, line
Event: 30.160 Thread 0x000000001b529800 Exception <a 'java/lang/NoSuchMethodError': java.lang.Object.newSystemTemporaryDirectory()Lcom/android/tools/build/apkzlib/bytestorage/TemporaryDirectory;> (0x00000000d5aa0eb0) thrown at [C:\src\AOSP-openjdk-git\hotspot\src\share\vm\interpreter\linkResolv
Event: 30.298 Thread 0x000000001b526000 Exception <a 'java/lang/NoSuchMethodError': <clinit>> (0x00000000d60e2df8) thrown at [C:\src\AOSP-openjdk-git\hotspot\src\share\vm\prims\jni.cpp, line 1615]
Event: 30.728 Thread 0x000000001b529000 Exception <a 'sun/nio/fs/WindowsException'> (0x00000000d7907130) thrown at [C:\src\AOSP-openjdk-git\hotspot\src\share\vm\prims\jni.cpp, line 710]
Event: 30.732 Thread 0x000000001b526800 Exception <a 'java/lang/NoSuchMethodError': <clinit>> (0x00000000d7983688) thrown at [C:\src\AOSP-openjdk-git\hotspot\src\share\vm\prims\jni.cpp, line 1615]
Event: 30.818 Thread 0x000000001a58a800 Exception <a 'java/lang/NoSuchMethodError': java.lang.Object.lambda$static$0(Ljava/lang/String;)Z> (0x00000000d7c16f68) thrown at [C:\src\AOSP-openjdk-git\hotspot\src\share\vm\interpreter\linkResolver.cpp, line 620]
Event: 30.874 Thread 0x000000001b528000 Exception <a 'sun/nio/fs/WindowsException'> (0x00000000d817a340) thrown at [C:\src\AOSP-openjdk-git\hotspot\src\share\vm\prims\jni.cpp, line 710]
Event: 31.958 Thread 0x000000001a58a800 Exception <a 'java/lang/NoSuchMethodError': java.lang.Object.lambda$maxBy$1(Ljava/util/Comparator;Ljava/lang/Object;Ljava/lang/Object;)Ljava/lang/Object;> (0x00000000dda133e8) thrown at [C:\src\AOSP-openjdk-git\hotspot\src\share\vm\interpreter\linkResolve
Event: 32.224 Thread 0x000000001a58b000 Implicit null exception at 0x0000000002ea522f to 0x0000000002ea5321

Events (10 events):
Event: 33.014 loading class com/android/tools/r8/r/n/a$a
Event: 33.014 loading class com/android/tools/r8/r/n/a$a done
Event: 33.018 Thread 0x000000001a589800 DEOPT PACKING pc=0x00000000043e425d sp=0x000000002623e740
Event: 33.018 Thread 0x000000001a589800 DEOPT UNPACKING pc=0x00000000025875d0 sp=0x000000002623ebe8 mode 0
Event: 33.043 Thread 0x000000001a586800 DEOPT PACKING pc=0x00000000043e425d sp=0x000000002643e750
Event: 33.043 Thread 0x000000001a586800 DEOPT UNPACKING pc=0x00000000025875d0 sp=0x000000002643ebf8 mode 0
Event: 33.056 Thread 0x000000001a586800 DEOPT PACKING pc=0x00000000043e425d sp=0x000000002643e750
Event: 33.056 Thread 0x000000001a586800 DEOPT UNPACKING pc=0x00000000025875d0 sp=0x000000002643ebf8 mode 0
Event: 33.068 Thread 0x000000001a586800 DEOPT PACKING pc=0x00000000043e425d sp=0x000000002643e750
Event: 33.068 Thread 0x000000001a586800 DEOPT UNPACKING pc=0x00000000025875d0 sp=0x000000002643ebf8 mode 0


Dynamic libraries:
0x00007ff7d10e0000 - 0x00007ff7d1111000 	C:\Program Files\Android\Android Studio\jre\bin\java.exe
0x00007ff8e8520000 - 0x00007ff8e8710000 	C:\WINDOWS\SYSTEM32\ntdll.dll
0x00007ff8b8a20000 - 0x00007ff8b8a32000 	C:\Program Files\AVAST Software\Avast\aswhook.dll
0x00007ff8e81b0000 - 0x00007ff8e8262000 	C:\WINDOWS\System32\KERNEL32.DLL
0x00007ff8e6120000 - 0x00007ff8e63c5000 	C:\WINDOWS\System32\KERNELBASE.dll
0x00007ff8e6f40000 - 0x00007ff8e6fe3000 	C:\WINDOWS\System32\ADVAPI32.dll
0x00007ff8e8110000 - 0x00007ff8e81ae000 	C:\WINDOWS\System32\msvcrt.dll
0x00007ff8e7570000 - 0x00007ff8e7607000 	C:\WINDOWS\System32\sechost.dll
0x00007ff8e83c0000 - 0x00007ff8e84e0000 	C:\WINDOWS\System32\RPCRT4.dll
0x00007ff8e6da0000 - 0x00007ff8e6f35000 	C:\WINDOWS\System32\USER32.dll
0x00007ff8e5970000 - 0x00007ff8e5991000 	C:\WINDOWS\System32\win32u.dll
0x00007ff8e74e0000 - 0x00007ff8e7506000 	C:\WINDOWS\System32\GDI32.dll
0x00007ff8e63d0000 - 0x00007ff8e6566000 	C:\WINDOWS\System32\gdi32full.dll
0x00007ff8e58d0000 - 0x00007ff8e596e000 	C:\WINDOWS\System32\msvcp_win.dll
0x00007ff8e57d0000 - 0x00007ff8e58ca000 	C:\WINDOWS\System32\ucrtbase.dll
0x00007ff8d4890000 - 0x00007ff8d4b14000 	C:\WINDOWS\WinSxS\amd64_microsoft.windows.common-controls_6595b64144ccf1df_6.0.18362.1082_none_9e8193e1e45b25c1\COMCTL32.dll
0x00007ff8e71a0000 - 0x00007ff8e74d5000 	C:\WINDOWS\System32\combase.dll
0x00007ff8e5630000 - 0x00007ff8e56b0000 	C:\WINDOWS\System32\bcryptPrimitives.dll
0x00007ff8e7b40000 - 0x00007ff8e7b6e000 	C:\WINDOWS\System32\IMM32.DLL
0x000000005b420000 - 0x000000005b4f2000 	C:\Program Files\Android\Android Studio\jre\jre\bin\msvcr100.dll
0x000000005a8c0000 - 0x000000005b10b000 	C:\Program Files\Android\Android Studio\jre\jre\bin\server\jvm.dll
0x00007ff8e65d0000 - 0x00007ff8e65d8000 	C:\WINDOWS\System32\PSAPI.DLL
0x00007ff8d4d80000 - 0x00007ff8d4d89000 	C:\WINDOWS\SYSTEM32\WSOCK32.dll
0x00007ff8e7610000 - 0x00007ff8e767f000 	C:\WINDOWS\System32\WS2_32.dll
0x00007ff8e3920000 - 0x00007ff8e3944000 	C:\WINDOWS\SYSTEM32\WINMM.dll
0x00007ff8db130000 - 0x00007ff8db13a000 	C:\WINDOWS\SYSTEM32\VERSION.dll
0x00007ff8e36d0000 - 0x00007ff8e36fd000 	C:\WINDOWS\SYSTEM32\WINMMBASE.dll
0x00007ff8e56b0000 - 0x00007ff8e56fa000 	C:\WINDOWS\System32\cfgmgr32.dll
0x00007ff8dd8d0000 - 0x00007ff8dd8df000 	C:\Program Files\Android\Android Studio\jre\jre\bin\verify.dll
0x00007ff8cf390000 - 0x00007ff8cf3b9000 	C:\Program Files\Android\Android Studio\jre\jre\bin\java.dll
0x00007ff8cf370000 - 0x00007ff8cf386000 	C:\Program Files\Android\Android Studio\jre\jre\bin\zip.dll
0x00007ff8e66b0000 - 0x00007ff8e6d97000 	C:\WINDOWS\System32\SHELL32.dll
0x00007ff8e7fe0000 - 0x00007ff8e8089000 	C:\WINDOWS\System32\shcore.dll
0x00007ff8e59a0000 - 0x00007ff8e6120000 	C:\WINDOWS\System32\windows.storage.dll
0x00007ff8e5460000 - 0x00007ff8e5483000 	C:\WINDOWS\System32\profapi.dll
0x00007ff8e5410000 - 0x00007ff8e545a000 	C:\WINDOWS\System32\powrprof.dll
0x00007ff8e53e0000 - 0x00007ff8e53f0000 	C:\WINDOWS\System32\UMPDC.dll
0x00007ff8e7ae0000 - 0x00007ff8e7b32000 	C:\WINDOWS\System32\shlwapi.dll
0x00007ff8e53f0000 - 0x00007ff8e5401000 	C:\WINDOWS\System32\kernel.appcore.dll
0x00007ff8e57b0000 - 0x00007ff8e57c7000 	C:\WINDOWS\System32\cryptsp.dll
0x00007ff8cf350000 - 0x00007ff8cf36a000 	C:\Program Files\Android\Android Studio\jre\jre\bin\net.dll
0x00007ff8e4c30000 - 0x00007ff8e4c97000 	C:\WINDOWS\system32\mswsock.dll
0x00007ff8cf330000 - 0x00007ff8cf343000 	C:\Program Files\Android\Android Studio\jre\jre\bin\nio.dll
0x00007ff8cf410000 - 0x00007ff8cf436000 	C:\Users\user\.gradle\native\31\windows-amd64\native-platform.dll
0x00007ff8da690000 - 0x00007ff8da69d000 	C:\Program Files\Android\Android Studio\jre\jre\bin\management.dll
0x00007ff8e47a0000 - 0x00007ff8e47d3000 	C:\WINDOWS\system32\rsaenh.dll
0x00007ff8e5600000 - 0x00007ff8e5626000 	C:\WINDOWS\System32\bcrypt.dll
0x00007ff8e5300000 - 0x00007ff8e5325000 	C:\WINDOWS\SYSTEM32\USERENV.dll
0x00007ff8e4e00000 - 0x00007ff8e4e0c000 	C:\WINDOWS\SYSTEM32\CRYPTBASE.dll
0x00007ff8e4940000 - 0x00007ff8e497a000 	C:\WINDOWS\SYSTEM32\IPHLPAPI.DLL
0x00007ff8e76e0000 - 0x00007ff8e76e8000 	C:\WINDOWS\System32\NSI.dll
0x00007ff8db5c0000 - 0x00007ff8db5d6000 	C:\WINDOWS\SYSTEM32\dhcpcsvc6.DLL
0x00007ff8db520000 - 0x00007ff8db53c000 	C:\WINDOWS\SYSTEM32\dhcpcsvc.DLL
0x00007ff8e4980000 - 0x00007ff8e4a4b000 	C:\WINDOWS\SYSTEM32\DNSAPI.dll

VM Arguments:
jvm_args: -Xmx2048m -Dfile.encoding=windows-1252 -Duser.country=US -Duser.language=en -Duser.variant 
java_command: org.gradle.launcher.daemon.bootstrap.GradleDaemon 6.1.1
java_class_path (initial): C:\Users\user\.gradle\wrapper\dists\gradle-6.1.1-all\cfmwm155h49vnt3hynmlrsdst\gradle-6.1.1\lib\gradle-launcher-6.1.1.jar
Launcher Type: SUN_STANDARD

Environment Variables:
PATH=C:\Python\Python38-32\Scripts\;C:\Python\Python38-32\;C:\Program Files (x86)\Borland\Delphi7\Bin;C:\Program Files (x86)\Borland\Delphi7\Projects\Bpl\;C:\Program Files (x86)\Common Files\Oracle\Java\javapath;C:\Program Files (x86)\Intel\iCLS Client\;C:\Program Files\Intel\iCLS Client\;C:\WINDOWS\system32;C:\WINDOWS;C:\WINDOWS\System32\Wbem;C:\WINDOWS\System32\WindowsPowerShell\v1.0\;C:\Program Files\Intel\Intel(R) Management Engine Components\DAL;C:\Program Files\Intel\Intel(R) Management Engine Components\IPT;C:\Program Files (x86)\Intel\Intel(R) Management Engine Components\DAL;C:\Program Files (x86)\Intel\Intel(R) Management Engine Components\IPT;C:\Program Files (x86)\Intel\OpenCL SDK\2.0\bin\x86;C:\Program Files (x86)\Intel\OpenCL SDK\2.0\bin\x64;C:\Program Files\ThinkPad\Bluetooth Software\;C:\Program Files\ThinkPad\Bluetooth Software\syswow64;C:\ProgramData\Lenovo\ReadyApps;C:\Program Files\Lenovo\Fingerprint Manager Pro\;C:\Program Files (x86)\AOMEI Backupper;C:\WINDOWS\System32\OpenSSH\;C:\Program Files\Intel\WiFi\bin\;C:\Program Files\Common Files\Intel\WirelessCommon\;C:\Program Files\PuTTY\;C:\Program Files\Git\cmd;C:\Users\user\AppData\Local\Microsoft\WindowsApps;C:\Users\user\AppData\Local\Programs\Microsoft VS Code\bin;C:\Program Files\heroku\bin
USERNAME=user
OS=Windows_NT
PROCESSOR_IDENTIFIER=Intel64 Family 6 Model 69 Stepping 1, GenuineIntel



---------------  S Y S T E M  ---------------

OS: Windows 10.0 , 64 bit Build 18362 (10.0.18362.1082)

CPU:total 4 (initial active 4) (2 cores per cpu, 2 threads per core) family 6 model 69 stepping 1, cmov, cx8, fxsr, mmx, sse, sse2, sse3, ssse3, sse4.1, sse4.2, popcnt, avx, avx2, aes, clmul, erms, lzcnt, ht, tsc, tscinvbit, bmi1, bmi2

Memory: 4k page, physical 8265520k(463964k free), swap 19488040k(6736k free)

vm_info: OpenJDK 64-Bit Server VM (25.242-b01) for windows-amd64 JRE (1.8.0_242-release-1644-b01), built by "builder" with MS VC++ 10.0 (VS2010)

time: Sun Oct 11 16:48:41 2020
timezone: SE Asia Standard Time
elapsed time: 33 seconds (0d 0h 0m 33s)

